[0.063s] Invoking command in '/home/thezerdas/exomy/exomy_ws/build/rover_gazebo_plugins': CMAKE_PREFIX_PATH=/home/thezerdas/exomy/exomy_ws/install/exomy_sim_msgs:/home/thezerdas/exomy/exomy_ws/install/rover_gazebo_plugins:/home/thezerdas/exomy/exomy_ws/install/exomy_sim_launch:/home/thezerdas/exomy/exomy_ws/install/exomy_sim:/home/thezerdas/exomy/exomy_ws/install/exomy_msgs:/home/thezerdas/exomy/exomy_ws/install/depthimage_to_laserscan:/home/thezerdas/ros2_ws/install/realsense2_description:/home/thezerdas/ros2_ws/install/realsense2_camera_msgs:/home/thezerdas/exomy/exomy_ws/install/exomy:/opt/ros/foxy LD_LIBRARY_PATH=/home/thezerdas/exomy/exomy_ws/install/exomy_sim_msgs/lib:/home/thezerdas/exomy/exomy_ws/install/rover_gazebo_plugins/lib:/home/thezerdas/exomy/exomy_ws/install/exomy_msgs/lib:/home/thezerdas/exomy/exomy_ws/install/depthimage_to_laserscan/lib:/home/thezerdas/ros2_ws/install/realsense2_camera_msgs/lib:/usr/lib/x86_64-linux-gnu/gazebo-11/plugins:/opt/ros/foxy/opt/yaml_cpp_vendor/lib:/opt/ros/foxy/opt/rviz_ogre_vendor/lib:/opt/ros/foxy/lib/x86_64-linux-gnu:/opt/ros/foxy/lib /usr/bin/cmake --build /home/thezerdas/exomy/exomy_ws/build/rover_gazebo_plugins -- -j2 -l2
[0.309s] [100%] Built target rover_gazebo_joint_plugin
[0.342s] Invoked command in '/home/thezerdas/exomy/exomy_ws/build/rover_gazebo_plugins' returned '0': CMAKE_PREFIX_PATH=/home/thezerdas/exomy/exomy_ws/install/exomy_sim_msgs:/home/thezerdas/exomy/exomy_ws/install/rover_gazebo_plugins:/home/thezerdas/exomy/exomy_ws/install/exomy_sim_launch:/home/thezerdas/exomy/exomy_ws/install/exomy_sim:/home/thezerdas/exomy/exomy_ws/install/exomy_msgs:/home/thezerdas/exomy/exomy_ws/install/depthimage_to_laserscan:/home/thezerdas/ros2_ws/install/realsense2_description:/home/thezerdas/ros2_ws/install/realsense2_camera_msgs:/home/thezerdas/exomy/exomy_ws/install/exomy:/opt/ros/foxy LD_LIBRARY_PATH=/home/thezerdas/exomy/exomy_ws/install/exomy_sim_msgs/lib:/home/thezerdas/exomy/exomy_ws/install/rover_gazebo_plugins/lib:/home/thezerdas/exomy/exomy_ws/install/exomy_msgs/lib:/home/thezerdas/exomy/exomy_ws/install/depthimage_to_laserscan/lib:/home/thezerdas/ros2_ws/install/realsense2_camera_msgs/lib:/usr/lib/x86_64-linux-gnu/gazebo-11/plugins:/opt/ros/foxy/opt/yaml_cpp_vendor/lib:/opt/ros/foxy/opt/rviz_ogre_vendor/lib:/opt/ros/foxy/lib/x86_64-linux-gnu:/opt/ros/foxy/lib /usr/bin/cmake --build /home/thezerdas/exomy/exomy_ws/build/rover_gazebo_plugins -- -j2 -l2
[0.420s] Invoking command in '/home/thezerdas/exomy/exomy_ws/build/rover_gazebo_plugins': CMAKE_PREFIX_PATH=/home/thezerdas/exomy/exomy_ws/install/exomy_sim_msgs:/home/thezerdas/exomy/exomy_ws/install/rover_gazebo_plugins:/home/thezerdas/exomy/exomy_ws/install/exomy_sim_launch:/home/thezerdas/exomy/exomy_ws/install/exomy_sim:/home/thezerdas/exomy/exomy_ws/install/exomy_msgs:/home/thezerdas/exomy/exomy_ws/install/depthimage_to_laserscan:/home/thezerdas/ros2_ws/install/realsense2_description:/home/thezerdas/ros2_ws/install/realsense2_camera_msgs:/home/thezerdas/exomy/exomy_ws/install/exomy:/opt/ros/foxy LD_LIBRARY_PATH=/home/thezerdas/exomy/exomy_ws/install/exomy_sim_msgs/lib:/home/thezerdas/exomy/exomy_ws/install/rover_gazebo_plugins/lib:/home/thezerdas/exomy/exomy_ws/install/exomy_msgs/lib:/home/thezerdas/exomy/exomy_ws/install/depthimage_to_laserscan/lib:/home/thezerdas/ros2_ws/install/realsense2_camera_msgs/lib:/usr/lib/x86_64-linux-gnu/gazebo-11/plugins:/opt/ros/foxy/opt/yaml_cpp_vendor/lib:/opt/ros/foxy/opt/rviz_ogre_vendor/lib:/opt/ros/foxy/lib/x86_64-linux-gnu:/opt/ros/foxy/lib /usr/bin/cmake --install /home/thezerdas/exomy/exomy_ws/build/rover_gazebo_plugins
[0.438s] -- Install configuration: ""
[0.441s] -- Execute custom install script
[0.443s] -- Up-to-date symlink: /home/thezerdas/exomy/exomy_ws/install/rover_gazebo_plugins/share/rover_gazebo_plugins/environment/library_path.sh
[0.446s] -- Up-to-date symlink: /home/thezerdas/exomy/exomy_ws/install/rover_gazebo_plugins/share/rover_gazebo_plugins/environment/library_path.dsv
[0.448s] -- Up-to-date symlink: /home/thezerdas/exomy/exomy_ws/install/rover_gazebo_plugins/share/ament_index/resource_index/package_run_dependencies/rover_gazebo_plugins
[0.451s] -- Up-to-date symlink: /home/thezerdas/exomy/exomy_ws/install/rover_gazebo_plugins/share/ament_index/resource_index/parent_prefix_path/rover_gazebo_plugins
[0.453s] -- Up-to-date symlink: /home/thezerdas/exomy/exomy_ws/install/rover_gazebo_plugins/share/rover_gazebo_plugins/environment/ament_prefix_path.sh
[0.455s] -- Up-to-date symlink: /home/thezerdas/exomy/exomy_ws/install/rover_gazebo_plugins/share/rover_gazebo_plugins/environment/ament_prefix_path.dsv
[0.457s] -- Up-to-date symlink: /home/thezerdas/exomy/exomy_ws/install/rover_gazebo_plugins/share/rover_gazebo_plugins/environment/path.sh
[0.460s] -- Up-to-date symlink: /home/thezerdas/exomy/exomy_ws/install/rover_gazebo_plugins/share/rover_gazebo_plugins/environment/path.dsv
[0.460s] -- Up-to-date symlink: /home/thezerdas/exomy/exomy_ws/install/rover_gazebo_plugins/share/rover_gazebo_plugins/local_setup.bash
[0.461s] -- Up-to-date symlink: /home/thezerdas/exomy/exomy_ws/install/rover_gazebo_plugins/share/rover_gazebo_plugins/local_setup.sh
[0.462s] -- Up-to-date symlink: /home/thezerdas/exomy/exomy_ws/install/rover_gazebo_plugins/share/rover_gazebo_plugins/local_setup.zsh
[0.463s] -- Up-to-date symlink: /home/thezerdas/exomy/exomy_ws/install/rover_gazebo_plugins/share/rover_gazebo_plugins/local_setup.dsv
[0.470s] -- Symlinking: /home/thezerdas/exomy/exomy_ws/install/rover_gazebo_plugins/share/rover_gazebo_plugins/package.dsv
[0.489s] -- Up-to-date symlink: /home/thezerdas/exomy/exomy_ws/install/rover_gazebo_plugins/share/ament_index/resource_index/packages/rover_gazebo_plugins
[0.492s] -- Up-to-date symlink: /home/thezerdas/exomy/exomy_ws/install/rover_gazebo_plugins/share/rover_gazebo_plugins/cmake/ament_cmake_export_libraries-extras.cmake
[0.494s] -- Up-to-date symlink: /home/thezerdas/exomy/exomy_ws/install/rover_gazebo_plugins/share/rover_gazebo_plugins/cmake/rover_gazebo_pluginsConfig.cmake
[0.494s] -- Up-to-date symlink: /home/thezerdas/exomy/exomy_ws/install/rover_gazebo_plugins/share/rover_gazebo_plugins/cmake/rover_gazebo_pluginsConfig-version.cmake
[0.498s] -- Up-to-date symlink: /home/thezerdas/exomy/exomy_ws/install/rover_gazebo_plugins/share/rover_gazebo_plugins/package.xml
[0.504s] -- Up-to-date symlink: /home/thezerdas/exomy/exomy_ws/install/rover_gazebo_plugins/include/rover_gazebo_plugins/rover_gazebo_joint_plugin.hpp
[0.508s] -- Up-to-date symlink: /home/thezerdas/exomy/exomy_ws/install/rover_gazebo_plugins/lib/librover_gazebo_joint_plugin.so
[0.516s] Invoked command in '/home/thezerdas/exomy/exomy_ws/build/rover_gazebo_plugins' returned '0': CMAKE_PREFIX_PATH=/home/thezerdas/exomy/exomy_ws/install/exomy_sim_msgs:/home/thezerdas/exomy/exomy_ws/install/rover_gazebo_plugins:/home/thezerdas/exomy/exomy_ws/install/exomy_sim_launch:/home/thezerdas/exomy/exomy_ws/install/exomy_sim:/home/thezerdas/exomy/exomy_ws/install/exomy_msgs:/home/thezerdas/exomy/exomy_ws/install/depthimage_to_laserscan:/home/thezerdas/ros2_ws/install/realsense2_description:/home/thezerdas/ros2_ws/install/realsense2_camera_msgs:/home/thezerdas/exomy/exomy_ws/install/exomy:/opt/ros/foxy LD_LIBRARY_PATH=/home/thezerdas/exomy/exomy_ws/install/exomy_sim_msgs/lib:/home/thezerdas/exomy/exomy_ws/install/rover_gazebo_plugins/lib:/home/thezerdas/exomy/exomy_ws/install/exomy_msgs/lib:/home/thezerdas/exomy/exomy_ws/install/depthimage_to_laserscan/lib:/home/thezerdas/ros2_ws/install/realsense2_camera_msgs/lib:/usr/lib/x86_64-linux-gnu/gazebo-11/plugins:/opt/ros/foxy/opt/yaml_cpp_vendor/lib:/opt/ros/foxy/opt/rviz_ogre_vendor/lib:/opt/ros/foxy/lib/x86_64-linux-gnu:/opt/ros/foxy/lib /usr/bin/cmake --install /home/thezerdas/exomy/exomy_ws/build/rover_gazebo_plugins
