[0.130s] Invoking command in '/home/thezerdas/exomy/exomy_ws/build/exomy_sim': CMAKE_PREFIX_PATH=/home/thezerdas/exomy/exomy_ws/install/exomy_sim_msgs:/home/thezerdas/exomy/exomy_ws/install/exomy_msgs:/home/thezerdas/exomy/exomy_ws/install/rover_gazebo_plugins:/home/thezerdas/exomy/exomy_ws/install/exomy_sim_launch:/home/thezerdas/exomy/exomy_ws/install/exomy_sim:/home/thezerdas/exomy/exomy_ws/install/depthimage_to_laserscan:/home/thezerdas/ros2_ws/install/realsense2_description:/home/thezerdas/ros2_ws/install/realsense2_camera_msgs:/home/thezerdas/exomy/exomy_ws/install/exomy:/opt/ros/foxy LD_LIBRARY_PATH=/home/thezerdas/exomy/exomy_ws/install/exomy_sim_msgs/lib:/home/thezerdas/exomy/exomy_ws/install/exomy_msgs/lib:/home/thezerdas/exomy/exomy_ws/install/rover_gazebo_plugins/lib:/home/thezerdas/exomy/exomy_ws/install/depthimage_to_laserscan/lib:/home/thezerdas/ros2_ws/install/realsense2_camera_msgs/lib:/usr/lib/x86_64-linux-gnu/gazebo-11/plugins:/opt/ros/foxy/opt/yaml_cpp_vendor/lib:/opt/ros/foxy/opt/rviz_ogre_vendor/lib:/opt/ros/foxy/lib/x86_64-linux-gnu:/opt/ros/foxy/lib PYTHONPATH=/home/thezerdas/exomy/exomy_ws/install/exomy_sim_msgs/lib/python3.8/site-packages:/home/thezerdas/exomy/exomy_ws/install/exomy_msgs/lib/python3.8/site-packages:/home/thezerdas/exomy/exomy_ws/build/exomy:/home/thezerdas/exomy/exomy_ws/install/exomy/lib/python3.8/site-packages:/home/thezerdas/ros2_ws/install/realsense2_camera_msgs/lib/python3.8/site-packages:/opt/ros/foxy/lib/python3.8/site-packages /usr/bin/cmake --build /home/thezerdas/exomy/exomy_ws/build/exomy_sim -- -j2 -l2
[0.331s] [100%] Built target joint_command_node
[0.377s] Invoked command in '/home/thezerdas/exomy/exomy_ws/build/exomy_sim' returned '0': CMAKE_PREFIX_PATH=/home/thezerdas/exomy/exomy_ws/install/exomy_sim_msgs:/home/thezerdas/exomy/exomy_ws/install/exomy_msgs:/home/thezerdas/exomy/exomy_ws/install/rover_gazebo_plugins:/home/thezerdas/exomy/exomy_ws/install/exomy_sim_launch:/home/thezerdas/exomy/exomy_ws/install/exomy_sim:/home/thezerdas/exomy/exomy_ws/install/depthimage_to_laserscan:/home/thezerdas/ros2_ws/install/realsense2_description:/home/thezerdas/ros2_ws/install/realsense2_camera_msgs:/home/thezerdas/exomy/exomy_ws/install/exomy:/opt/ros/foxy LD_LIBRARY_PATH=/home/thezerdas/exomy/exomy_ws/install/exomy_sim_msgs/lib:/home/thezerdas/exomy/exomy_ws/install/exomy_msgs/lib:/home/thezerdas/exomy/exomy_ws/install/rover_gazebo_plugins/lib:/home/thezerdas/exomy/exomy_ws/install/depthimage_to_laserscan/lib:/home/thezerdas/ros2_ws/install/realsense2_camera_msgs/lib:/usr/lib/x86_64-linux-gnu/gazebo-11/plugins:/opt/ros/foxy/opt/yaml_cpp_vendor/lib:/opt/ros/foxy/opt/rviz_ogre_vendor/lib:/opt/ros/foxy/lib/x86_64-linux-gnu:/opt/ros/foxy/lib PYTHONPATH=/home/thezerdas/exomy/exomy_ws/install/exomy_sim_msgs/lib/python3.8/site-packages:/home/thezerdas/exomy/exomy_ws/install/exomy_msgs/lib/python3.8/site-packages:/home/thezerdas/exomy/exomy_ws/build/exomy:/home/thezerdas/exomy/exomy_ws/install/exomy/lib/python3.8/site-packages:/home/thezerdas/ros2_ws/install/realsense2_camera_msgs/lib/python3.8/site-packages:/opt/ros/foxy/lib/python3.8/site-packages /usr/bin/cmake --build /home/thezerdas/exomy/exomy_ws/build/exomy_sim -- -j2 -l2
[0.454s] Invoking command in '/home/thezerdas/exomy/exomy_ws/build/exomy_sim': CMAKE_PREFIX_PATH=/home/thezerdas/exomy/exomy_ws/install/exomy_sim_msgs:/home/thezerdas/exomy/exomy_ws/install/exomy_msgs:/home/thezerdas/exomy/exomy_ws/install/rover_gazebo_plugins:/home/thezerdas/exomy/exomy_ws/install/exomy_sim_launch:/home/thezerdas/exomy/exomy_ws/install/exomy_sim:/home/thezerdas/exomy/exomy_ws/install/depthimage_to_laserscan:/home/thezerdas/ros2_ws/install/realsense2_description:/home/thezerdas/ros2_ws/install/realsense2_camera_msgs:/home/thezerdas/exomy/exomy_ws/install/exomy:/opt/ros/foxy LD_LIBRARY_PATH=/home/thezerdas/exomy/exomy_ws/install/exomy_sim_msgs/lib:/home/thezerdas/exomy/exomy_ws/install/exomy_msgs/lib:/home/thezerdas/exomy/exomy_ws/install/rover_gazebo_plugins/lib:/home/thezerdas/exomy/exomy_ws/install/depthimage_to_laserscan/lib:/home/thezerdas/ros2_ws/install/realsense2_camera_msgs/lib:/usr/lib/x86_64-linux-gnu/gazebo-11/plugins:/opt/ros/foxy/opt/yaml_cpp_vendor/lib:/opt/ros/foxy/opt/rviz_ogre_vendor/lib:/opt/ros/foxy/lib/x86_64-linux-gnu:/opt/ros/foxy/lib PYTHONPATH=/home/thezerdas/exomy/exomy_ws/install/exomy_sim_msgs/lib/python3.8/site-packages:/home/thezerdas/exomy/exomy_ws/install/exomy_msgs/lib/python3.8/site-packages:/home/thezerdas/exomy/exomy_ws/build/exomy:/home/thezerdas/exomy/exomy_ws/install/exomy/lib/python3.8/site-packages:/home/thezerdas/ros2_ws/install/realsense2_camera_msgs/lib/python3.8/site-packages:/opt/ros/foxy/lib/python3.8/site-packages /usr/bin/cmake --install /home/thezerdas/exomy/exomy_ws/build/exomy_sim
[0.480s] -- Install configuration: ""
[0.482s] -- Up-to-date: /home/thezerdas/exomy/exomy_ws/install/exomy_sim/share/exomy_sim/config
[0.484s] -- Up-to-date: /home/thezerdas/exomy/exomy_ws/install/exomy_sim/share/exomy_sim/config/joint_names_exomy_model.yaml
[0.486s] -- Installing: /home/thezerdas/exomy/exomy_ws/install/exomy_sim/share/exomy_sim/config/mapper_params_online_async.yaml
[0.487s] -- Up-to-date: /home/thezerdas/exomy/exomy_ws/install/exomy_sim/share/exomy_sim/rviz
[0.493s] -- Up-to-date: /home/thezerdas/exomy/exomy_ws/install/exomy_sim/share/exomy_sim/rviz/simulation.rviz
[0.494s] -- Up-to-date: /home/thezerdas/exomy/exomy_ws/install/exomy_sim/share/exomy_sim/rviz/simulation2.rviz
[0.494s] -- Up-to-date: /home/thezerdas/exomy/exomy_ws/install/exomy_sim/share/exomy_sim/rviz/simulation3.rviz
[0.495s] -- Up-to-date: /home/thezerdas/exomy/exomy_ws/install/exomy_sim/share/exomy_sim/models
[0.495s] -- Up-to-date: /home/thezerdas/exomy/exomy_ws/install/exomy_sim/share/exomy_sim/models/exomy_model
[0.496s] -- Up-to-date: /home/thezerdas/exomy/exomy_ws/install/exomy_sim/share/exomy_sim/models/exomy_model/exomy_model.csv
[0.496s] -- Up-to-date: /home/thezerdas/exomy/exomy_ws/install/exomy_sim/share/exomy_sim/models/exomy_model/model.config
[0.496s] -- Up-to-date: /home/thezerdas/exomy/exomy_ws/install/exomy_sim/share/exomy_sim/models/exomy_model/meshes
[0.497s] -- Up-to-date: /home/thezerdas/exomy/exomy_ws/install/exomy_sim/share/exomy_sim/models/exomy_model/meshes/STR_RF_link.STL
[0.497s] -- Up-to-date: /home/thezerdas/exomy/exomy_ws/install/exomy_sim/share/exomy_sim/models/exomy_model/meshes/DRV_LM_link.STL
[0.497s] -- Up-to-date: /home/thezerdas/exomy/exomy_ws/install/exomy_sim/share/exomy_sim/models/exomy_model/meshes/base_link.STL
[0.498s] -- Up-to-date: /home/thezerdas/exomy/exomy_ws/install/exomy_sim/share/exomy_sim/models/exomy_model/meshes/STR_LR_link.STL
[0.498s] -- Up-to-date: /home/thezerdas/exomy/exomy_ws/install/exomy_sim/share/exomy_sim/models/exomy_model/meshes/STR_LF_link.STL
[0.498s] -- Up-to-date: /home/thezerdas/exomy/exomy_ws/install/exomy_sim/share/exomy_sim/models/exomy_model/meshes/pupil_right_link.STL
[0.500s] -- Up-to-date: /home/thezerdas/exomy/exomy_ws/install/exomy_sim/share/exomy_sim/models/exomy_model/meshes/pupil_left_link.STL
[0.500s] -- Up-to-date: /home/thezerdas/exomy/exomy_ws/install/exomy_sim/share/exomy_sim/models/exomy_model/meshes/MRB_link.STL
[0.500s] -- Up-to-date: /home/thezerdas/exomy/exomy_ws/install/exomy_sim/share/exomy_sim/models/exomy_model/meshes/hat_link.STL
[0.501s] -- Up-to-date: /home/thezerdas/exomy/exomy_ws/install/exomy_sim/share/exomy_sim/models/exomy_model/meshes/bling_link.STL
[0.501s] -- Up-to-date: /home/thezerdas/exomy/exomy_ws/install/exomy_sim/share/exomy_sim/models/exomy_model/meshes/RFB_link.STL
[0.501s] -- Up-to-date: /home/thezerdas/exomy/exomy_ws/install/exomy_sim/share/exomy_sim/models/exomy_model/meshes/DRV_LF_link.STL
[0.515s] -- Up-to-date: /home/thezerdas/exomy/exomy_ws/install/exomy_sim/share/exomy_sim/models/exomy_model/meshes/eyewhite_link.STL
[0.515s] -- Up-to-date: /home/thezerdas/exomy/exomy_ws/install/exomy_sim/share/exomy_sim/models/exomy_model/meshes/cam_link.STL
[0.516s] -- Up-to-date: /home/thezerdas/exomy/exomy_ws/install/exomy_sim/share/exomy_sim/models/exomy_model/meshes/STR_RM_link.STL
[0.518s] -- Up-to-date: /home/thezerdas/exomy/exomy_ws/install/exomy_sim/share/exomy_sim/models/exomy_model/meshes/DRV_RF_link.STL
[0.519s] -- Up-to-date: /home/thezerdas/exomy/exomy_ws/install/exomy_sim/share/exomy_sim/models/exomy_model/meshes/DRV_RM_link.STL
[0.519s] -- Up-to-date: /home/thezerdas/exomy/exomy_ws/install/exomy_sim/share/exomy_sim/models/exomy_model/meshes/DRV_RR_link.STL
[0.520s] -- Up-to-date: /home/thezerdas/exomy/exomy_ws/install/exomy_sim/share/exomy_sim/models/exomy_model/meshes/STR_RR_link.STL
[0.520s] -- Up-to-date: /home/thezerdas/exomy/exomy_ws/install/exomy_sim/share/exomy_sim/models/exomy_model/meshes/LFB_link.STL
[0.520s] -- Up-to-date: /home/thezerdas/exomy/exomy_ws/install/exomy_sim/share/exomy_sim/models/exomy_model/meshes/head_link.STL
[0.520s] -- Up-to-date: /home/thezerdas/exomy/exomy_ws/install/exomy_sim/share/exomy_sim/models/exomy_model/meshes/STR_LM_link.STL
[0.520s] -- Up-to-date: /home/thezerdas/exomy/exomy_ws/install/exomy_sim/share/exomy_sim/models/exomy_model/meshes/DRV_LR_link.STL
[0.520s] -- Installing: /home/thezerdas/exomy/exomy_ws/install/exomy_sim/share/exomy_sim/models/exomy_model/exomy_model.urdf
[0.521s] -- Up-to-date: /home/thezerdas/exomy/exomy_ws/install/exomy_sim/share/exomy_sim/models/exomy_model/exomy_model_ros.urdf
[0.521s] -- Up-to-date: /home/thezerdas/exomy/exomy_ws/install/exomy_sim/share/exomy_sim/models/mars_yard
[0.521s] -- Up-to-date: /home/thezerdas/exomy/exomy_ws/install/exomy_sim/share/exomy_sim/models/mars_yard/model.config
[0.521s] -- Up-to-date: /home/thezerdas/exomy/exomy_ws/install/exomy_sim/share/exomy_sim/models/mars_yard/meshes
[0.521s] -- Up-to-date: /home/thezerdas/exomy/exomy_ws/install/exomy_sim/share/exomy_sim/models/mars_yard/meshes/mars_yard.dae
[0.521s] -- Up-to-date: /home/thezerdas/exomy/exomy_ws/install/exomy_sim/share/exomy_sim/models/mars_yard/meshes/PUTBOrtho.jpg
[0.522s] -- Up-to-date: /home/thezerdas/exomy/exomy_ws/install/exomy_sim/share/exomy_sim/models/mars_yard/model.sdf
[0.522s] -- Up-to-date: /home/thezerdas/exomy/exomy_ws/install/exomy_sim/share/exomy_sim/models/mars_yard/model
[0.522s] -- Up-to-date: /home/thezerdas/exomy/exomy_ws/install/exomy_sim/share/exomy_sim/models/mars_yard/model/lab_terrain.blend
[0.525s] -- Up-to-date: /home/thezerdas/exomy/exomy_ws/install/exomy_sim/share/exomy_sim/models/exomy_model.urdf
[0.525s] -- Up-to-date: /home/thezerdas/exomy/exomy_ws/install/exomy_sim/share/exomy_sim/models/curiosity
[0.526s] -- Up-to-date: /home/thezerdas/exomy/exomy_ws/install/exomy_sim/share/exomy_sim/models/curiosity/model.config
[0.526s] -- Up-to-date: /home/thezerdas/exomy/exomy_ws/install/exomy_sim/share/exomy_sim/models/curiosity/meshes
[0.526s] -- Up-to-date: /home/thezerdas/exomy/exomy_ws/install/exomy_sim/share/exomy_sim/models/curiosity/meshes/curiosity.stl
[0.527s] -- Up-to-date: /home/thezerdas/exomy/exomy_ws/install/exomy_sim/share/exomy_sim/models/curiosity/model.sdf
[0.528s] -- Up-to-date: /home/thezerdas/exomy/exomy_ws/install/exomy_sim/share/exomy_sim/worlds
[0.529s] -- Up-to-date: /home/thezerdas/exomy/exomy_ws/install/exomy_sim/share/exomy_sim/worlds/obstacles.world
[0.529s] -- Up-to-date: /home/thezerdas/exomy/exomy_ws/install/exomy_sim/share/exomy_sim/worlds/curiosity.world
[0.529s] -- Up-to-date: /home/thezerdas/exomy/exomy_ws/install/exomy_sim/share/exomy_sim/worlds/empty.world
[0.533s] -- Up-to-date: /home/thezerdas/exomy/exomy_ws/install/exomy_sim/share/exomy_sim/worlds/mars_yard.world
[0.534s] -- Execute custom install script
[0.534s] -- Up-to-date symlink: /home/thezerdas/exomy/exomy_ws/install/exomy_sim/lib/exomy_sim/joint_command_node
[0.534s] -- Up-to-date symlink: /home/thezerdas/exomy/exomy_ws/install/exomy_sim/share/exomy_sim/environment/exomy_sim.sh
[0.535s] -- Up-to-date symlink: /home/thezerdas/exomy/exomy_ws/install/exomy_sim/share/exomy_sim/environment/exomy_sim.dsv
[0.535s] -- Up-to-date symlink: /home/thezerdas/exomy/exomy_ws/install/exomy_sim/share/ament_index/resource_index/package_run_dependencies/exomy_sim
[0.540s] -- Up-to-date symlink: /home/thezerdas/exomy/exomy_ws/install/exomy_sim/share/ament_index/resource_index/parent_prefix_path/exomy_sim
[0.540s] -- Up-to-date symlink: /home/thezerdas/exomy/exomy_ws/install/exomy_sim/share/exomy_sim/environment/ament_prefix_path.sh
[0.541s] -- Up-to-date symlink: /home/thezerdas/exomy/exomy_ws/install/exomy_sim/share/exomy_sim/environment/ament_prefix_path.dsv
[0.541s] -- Up-to-date symlink: /home/thezerdas/exomy/exomy_ws/install/exomy_sim/share/exomy_sim/environment/path.sh
[0.541s] -- Up-to-date symlink: /home/thezerdas/exomy/exomy_ws/install/exomy_sim/share/exomy_sim/environment/path.dsv
[0.541s] -- Up-to-date symlink: /home/thezerdas/exomy/exomy_ws/install/exomy_sim/share/exomy_sim/local_setup.bash
[0.542s] -- Up-to-date symlink: /home/thezerdas/exomy/exomy_ws/install/exomy_sim/share/exomy_sim/local_setup.sh
[0.542s] -- Up-to-date symlink: /home/thezerdas/exomy/exomy_ws/install/exomy_sim/share/exomy_sim/local_setup.zsh
[0.543s] -- Up-to-date symlink: /home/thezerdas/exomy/exomy_ws/install/exomy_sim/share/exomy_sim/local_setup.dsv
[0.545s] -- Symlinking: /home/thezerdas/exomy/exomy_ws/install/exomy_sim/share/exomy_sim/package.dsv
[0.605s] -- Up-to-date symlink: /home/thezerdas/exomy/exomy_ws/install/exomy_sim/share/ament_index/resource_index/packages/exomy_sim
[0.606s] -- Up-to-date symlink: /home/thezerdas/exomy/exomy_ws/install/exomy_sim/share/exomy_sim/cmake/exomy_simConfig.cmake
[0.609s] -- Up-to-date symlink: /home/thezerdas/exomy/exomy_ws/install/exomy_sim/share/exomy_sim/cmake/exomy_simConfig-version.cmake
[0.609s] -- Up-to-date symlink: /home/thezerdas/exomy/exomy_ws/install/exomy_sim/share/exomy_sim/package.xml
[0.621s] Invoked command in '/home/thezerdas/exomy/exomy_ws/build/exomy_sim' returned '0': CMAKE_PREFIX_PATH=/home/thezerdas/exomy/exomy_ws/install/exomy_sim_msgs:/home/thezerdas/exomy/exomy_ws/install/exomy_msgs:/home/thezerdas/exomy/exomy_ws/install/rover_gazebo_plugins:/home/thezerdas/exomy/exomy_ws/install/exomy_sim_launch:/home/thezerdas/exomy/exomy_ws/install/exomy_sim:/home/thezerdas/exomy/exomy_ws/install/depthimage_to_laserscan:/home/thezerdas/ros2_ws/install/realsense2_description:/home/thezerdas/ros2_ws/install/realsense2_camera_msgs:/home/thezerdas/exomy/exomy_ws/install/exomy:/opt/ros/foxy LD_LIBRARY_PATH=/home/thezerdas/exomy/exomy_ws/install/exomy_sim_msgs/lib:/home/thezerdas/exomy/exomy_ws/install/exomy_msgs/lib:/home/thezerdas/exomy/exomy_ws/install/rover_gazebo_plugins/lib:/home/thezerdas/exomy/exomy_ws/install/depthimage_to_laserscan/lib:/home/thezerdas/ros2_ws/install/realsense2_camera_msgs/lib:/usr/lib/x86_64-linux-gnu/gazebo-11/plugins:/opt/ros/foxy/opt/yaml_cpp_vendor/lib:/opt/ros/foxy/opt/rviz_ogre_vendor/lib:/opt/ros/foxy/lib/x86_64-linux-gnu:/opt/ros/foxy/lib PYTHONPATH=/home/thezerdas/exomy/exomy_ws/install/exomy_sim_msgs/lib/python3.8/site-packages:/home/thezerdas/exomy/exomy_ws/install/exomy_msgs/lib/python3.8/site-packages:/home/thezerdas/exomy/exomy_ws/build/exomy:/home/thezerdas/exomy/exomy_ws/install/exomy/lib/python3.8/site-packages:/home/thezerdas/ros2_ws/install/realsense2_camera_msgs/lib/python3.8/site-packages:/opt/ros/foxy/lib/python3.8/site-packages /usr/bin/cmake --install /home/thezerdas/exomy/exomy_ws/build/exomy_sim
