[0.080s] Invoking command in '/home/thezerdas/exomy/exomy_ws/build/rover_gazebo_plugins': CMAKE_PREFIX_PATH=/home/thezerdas/exomy/exomy_ws/install/exomy_sim_msgs:/home/thezerdas/ros2_ws/install/realsense2_description:/home/thezerdas/ros2_ws/install/realsense2_camera_msgs:/home/thezerdas/exomy/exomy_ws/install/rover_gazebo_plugins:/home/thezerdas/exomy/exomy_ws/install/exomy_sim_launch:/home/thezerdas/exomy/exomy_ws/install/exomy_sim:/home/thezerdas/exomy/exomy_ws/install/exomy_msgs:/home/thezerdas/exomy/exomy_ws/install/depthimage_to_laserscan:/home/thezerdas/exomy/exomy_ws/install/exomy:/opt/ros/foxy LD_LIBRARY_PATH=/home/thezerdas/exomy/exomy_ws/install/exomy_sim_msgs/lib:/home/thezerdas/ros2_ws/install/realsense2_camera_msgs/lib:/home/thezerdas/exomy/exomy_ws/install/rover_gazebo_plugins/lib:/home/thezerdas/exomy/exomy_ws/install/exomy_msgs/lib:/home/thezerdas/exomy/exomy_ws/install/depthimage_to_laserscan/lib:/usr/lib/x86_64-linux-gnu/gazebo-11/plugins:/opt/ros/foxy/opt/yaml_cpp_vendor/lib:/opt/ros/foxy/opt/rviz_ogre_vendor/lib:/opt/ros/foxy/lib/x86_64-linux-gnu:/opt/ros/foxy/lib PYTHONPATH=/home/thezerdas/exomy/exomy_ws/install/exomy_sim_msgs/lib/python3.8/site-packages:/home/thezerdas/ros2_ws/install/realsense2_camera_msgs/lib/python3.8/site-packages:/home/thezerdas/exomy/exomy_ws/build/exomy:/home/thezerdas/exomy/exomy_ws/install/exomy/lib/python3.8/site-packages:/home/thezerdas/exomy/exomy_ws/install/exomy_msgs/lib/python3.8/site-packages:/opt/ros/foxy/lib/python3.8/site-packages /usr/bin/cmake /home/thezerdas/exomy/exomy_ws/src/rover_gazebo_plugins -DAMENT_CMAKE_SYMLINK_INSTALL=1 -DCMAKE_INSTALL_PREFIX=/home/thezerdas/exomy/exomy_ws/install/rover_gazebo_plugins
[0.225s] -- The C compiler identification is GNU 9.4.0
[0.557s] -- The CXX compiler identification is GNU 9.4.0
[0.593s] -- Check for working C compiler: /usr/bin/cc
[0.999s] -- Check for working C compiler: /usr/bin/cc -- works
[1.001s] -- Detecting C compiler ABI info
[1.544s] -- Detecting C compiler ABI info - done
[1.672s] -- Detecting C compile features
[1.688s] -- Detecting C compile features - done
[1.706s] -- Check for working CXX compiler: /usr/bin/c++
[2.330s] -- Check for working CXX compiler: /usr/bin/c++ -- works
[2.340s] -- Detecting CXX compiler ABI info
[2.626s] -- Detecting CXX compiler ABI info - done
[2.689s] -- Detecting CXX compile features
[2.692s] -- Detecting CXX compile features - done
[2.705s] -- Found ament_cmake: 0.9.11 (/opt/ros/foxy/share/ament_cmake/cmake)
[2.909s] -- Found PythonInterp: /usr/bin/python3 (found suitable version "3.8.10", minimum required is "3") 
[2.916s] -- Using PYTHON_EXECUTABLE: /usr/bin/python3
[3.564s] -- Override CMake install command with custom implementation using symlinks instead of copying resources
[3.674s] -- Found ament_index_cpp: 1.1.0 (/opt/ros/foxy/share/ament_index_cpp/cmake)
[3.688s] -- Found gazebo_dev: 3.5.3 (/opt/ros/foxy/share/gazebo_dev/cmake)
[3.715s] -- Found PkgConfig: /usr/bin/pkg-config (found version "0.29.1") 
[3.726s] -- Checking for module 'bullet>=2.82'
[3.767s] --   Found bullet, version 2.88
[4.054s] -- Found ccd: /usr/include (found suitable version "2.0", minimum required is "2.0") 
[4.179s] -- Found fcl: /usr/include (found suitable version "0.5.0", minimum required is "0.3.2") 
[4.320s] -- Found assimp: /usr/include (found version "5.0.0") 
[4.400s] -- Found DART: /usr/include (Required is at least version "6.6") found components: dart 
[5.152s] -- Found Boost: /usr/lib/x86_64-linux-gnu/cmake/Boost-1.71.0/BoostConfig.cmake (found suitable version "1.71.0", minimum required is "1.40.0") found components: thread system filesystem program_options regex iostreams date_time 
[5.227s] -- Found Protobuf: /usr/lib/x86_64-linux-gnu/libprotobuf.so;-lpthread (found version "3.6.1") 
[5.245s] -- Looking for ignition-math6 -- found version 6.13.0
[5.269s] -- Searching for dependencies of ignition-math6
[5.276s] -- Looking for OGRE...
[5.279s] -- OGRE_PREFIX_WATCH changed.
[5.290s] -- Checking for module 'OGRE'
[5.328s] --   Found OGRE, version 1.9.0
[5.432s] -- Found Ogre Ghadamon (1.9.0)
[5.472s] -- Found OGRE: optimized;/usr/lib/x86_64-linux-gnu/libOgreMain.so;debug;/usr/lib/x86_64-linux-gnu/libOgreMain.so
[5.497s] -- Looking for OGRE_Paging...
[5.530s] -- Found OGRE_Paging: optimized;/usr/lib/x86_64-linux-gnu/libOgrePaging.so;debug;/usr/lib/x86_64-linux-gnu/libOgrePaging.so
[5.531s] -- Looking for OGRE_Terrain...
[5.557s] -- Found OGRE_Terrain: optimized;/usr/lib/x86_64-linux-gnu/libOgreTerrain.so;debug;/usr/lib/x86_64-linux-gnu/libOgreTerrain.so
[5.557s] -- Looking for OGRE_Property...
[5.584s] -- Found OGRE_Property: optimized;/usr/lib/x86_64-linux-gnu/libOgreProperty.so;debug;/usr/lib/x86_64-linux-gnu/libOgreProperty.so
[5.585s] -- Looking for OGRE_RTShaderSystem...
[5.612s] -- Found OGRE_RTShaderSystem: optimized;/usr/lib/x86_64-linux-gnu/libOgreRTShaderSystem.so;debug;/usr/lib/x86_64-linux-gnu/libOgreRTShaderSystem.so
[5.617s] -- Looking for OGRE_Volume...
[5.642s] -- Found OGRE_Volume: optimized;/usr/lib/x86_64-linux-gnu/libOgreVolume.so;debug;/usr/lib/x86_64-linux-gnu/libOgreVolume.so
[5.643s] -- Looking for OGRE_Overlay...
[5.674s] -- Found OGRE_Overlay: optimized;/usr/lib/x86_64-linux-gnu/libOgreOverlay.so;debug;/usr/lib/x86_64-linux-gnu/libOgreOverlay.so
[6.226s] -- Looking for ignition-math6 -- found version 6.13.0
[6.237s] -- Looking for ignition-transport8 -- found version 8.3.0
[6.240s] -- Searching for dependencies of ignition-transport8
[6.283s] -- Found Protobuf: /usr/lib/x86_64-linux-gnu/libprotobuf.so;-lpthread (found suitable version "3.6.1", minimum required is "3") 
[6.306s] -- Config-file not installed for ZeroMQ -- checking for pkg-config
[6.321s] -- Checking for module 'libzmq >= 4'
[6.362s] --   Found libzmq , version 4.3.2
[6.456s] -- Found ZeroMQ: TRUE (Required is at least version "4") 
[6.473s] -- Checking for module 'uuid'
[6.521s] --   Found uuid, version 2.34.0
[6.609s] -- Found UUID: TRUE  
[6.623s] -- Looking for ignition-msgs5 -- found version 5.10.0
[6.626s] -- Searching for dependencies of ignition-msgs5
[6.677s] -- Looking for ignition-math6 -- found version 6.13.0
[6.691s] -- Checking for module 'tinyxml2'
[6.731s] --   Found tinyxml2, version 6.2.0
[6.834s] -- Looking for ignition-msgs5 -- found version 5.10.0
[6.843s] -- Looking for ignition-common3 -- found version 3.14.2
[6.845s] -- Searching for dependencies of ignition-common3
[6.848s] -- Looking for dlfcn.h - found
[6.852s] -- Looking for libdl - found
[6.856s] -- Found DL: TRUE  
[6.878s] -- Searching for <ignition-common3> component [graphics]
[6.885s] -- Looking for ignition-common3-graphics -- found version 3.14.2
[6.888s] -- Searching for dependencies of ignition-common3-graphics
[6.890s] -- Looking for ignition-math6 -- found version 6.13.0
[6.901s] -- Looking for ignition-fuel_tools4 -- found version 4.6.0
[6.903s] -- Searching for dependencies of ignition-fuel_tools4
[7.105s] -- Found CURL: /usr/lib/x86_64-linux-gnu/libcurl.so (found version "7.68.0")  
[7.133s] -- Checking for module 'jsoncpp'
[7.174s] --   Found jsoncpp, version 1.7.4
[7.275s] -- Found JSONCPP: TRUE  
[7.299s] -- Checking for module 'libzip'
[7.349s] --   Found libzip, version 1.5.1
[7.446s] -- Found ZIP: TRUE  
[7.449s] -- Looking for ignition-common3 -- found version 3.14.2
[7.451s] -- Looking for ignition-math6 -- found version 6.13.0
[7.454s] -- Looking for ignition-msgs5 -- found version 5.10.0
[7.462s] -- Gazebo version: 11.11
[7.469s] -- Found gazebo_ros: 3.5.3 (/opt/ros/foxy/share/gazebo_ros/cmake)
[7.598s] -- Using all available rosidl_typesupport_c: rosidl_typesupport_fastrtps_c;rosidl_typesupport_introspection_c
[7.627s] -- Found rosidl_adapter: 1.3.0 (/opt/ros/foxy/share/rosidl_adapter/cmake)
[7.830s] -- Found OpenSSL: /usr/lib/x86_64-linux-gnu/libcrypto.so (found version "1.1.1f")  
[7.906s] -- Found FastRTPS: /opt/ros/foxy/include  
[8.151s] -- Using all available rosidl_typesupport_cpp: rosidl_typesupport_fastrtps_cpp;rosidl_typesupport_introspection_cpp
[8.346s] -- Found rmw_implementation_cmake: 1.0.3 (/opt/ros/foxy/share/rmw_implementation_cmake/cmake)
[8.352s] -- Using RMW implementation 'rmw_fastrtps_cpp' as default
[8.357s] -- Found Threads: TRUE  
[8.874s] -- Found exomy_sim_msgs: 2.0.0 (/home/thezerdas/exomy/exomy_ws/install/exomy_sim_msgs/share/exomy_sim_msgs/cmake)
[9.075s] -- Found ament_lint_auto: 0.9.7 (/opt/ros/foxy/share/ament_lint_auto/cmake)
[9.356s] -- Added test 'copyright' to check source files copyright and LICENSE
[9.360s] -- Added test 'cppcheck' to perform static code analysis on C / C++ code
[9.365s] -- Configured cppcheck include dirs: /home/thezerdas/exomy/exomy_ws/src/rover_gazebo_plugins/include
[9.365s] -- Configured cppcheck exclude dirs and/or files: 
[9.374s] -- Added test 'cpplint' to check C / C++ code against the Google style
[9.374s] -- Configured cpplint exclude dirs and/or files: 
[9.381s] -- Added test 'lint_cmake' to check CMake code style
[9.386s] -- Added test 'uncrustify' to check C / C++ code style
[9.387s] -- Configured uncrustify additional arguments: 
[9.392s] -- Added test 'xmllint' to check XML markup files
[9.412s] -- Configuring done
[9.551s] -- Generating done
[9.562s] -- Build files have been written to: /home/thezerdas/exomy/exomy_ws/build/rover_gazebo_plugins
[9.602s] Invoked command in '/home/thezerdas/exomy/exomy_ws/build/rover_gazebo_plugins' returned '0': CMAKE_PREFIX_PATH=/home/thezerdas/exomy/exomy_ws/install/exomy_sim_msgs:/home/thezerdas/ros2_ws/install/realsense2_description:/home/thezerdas/ros2_ws/install/realsense2_camera_msgs:/home/thezerdas/exomy/exomy_ws/install/rover_gazebo_plugins:/home/thezerdas/exomy/exomy_ws/install/exomy_sim_launch:/home/thezerdas/exomy/exomy_ws/install/exomy_sim:/home/thezerdas/exomy/exomy_ws/install/exomy_msgs:/home/thezerdas/exomy/exomy_ws/install/depthimage_to_laserscan:/home/thezerdas/exomy/exomy_ws/install/exomy:/opt/ros/foxy LD_LIBRARY_PATH=/home/thezerdas/exomy/exomy_ws/install/exomy_sim_msgs/lib:/home/thezerdas/ros2_ws/install/realsense2_camera_msgs/lib:/home/thezerdas/exomy/exomy_ws/install/rover_gazebo_plugins/lib:/home/thezerdas/exomy/exomy_ws/install/exomy_msgs/lib:/home/thezerdas/exomy/exomy_ws/install/depthimage_to_laserscan/lib:/usr/lib/x86_64-linux-gnu/gazebo-11/plugins:/opt/ros/foxy/opt/yaml_cpp_vendor/lib:/opt/ros/foxy/opt/rviz_ogre_vendor/lib:/opt/ros/foxy/lib/x86_64-linux-gnu:/opt/ros/foxy/lib PYTHONPATH=/home/thezerdas/exomy/exomy_ws/install/exomy_sim_msgs/lib/python3.8/site-packages:/home/thezerdas/ros2_ws/install/realsense2_camera_msgs/lib/python3.8/site-packages:/home/thezerdas/exomy/exomy_ws/build/exomy:/home/thezerdas/exomy/exomy_ws/install/exomy/lib/python3.8/site-packages:/home/thezerdas/exomy/exomy_ws/install/exomy_msgs/lib/python3.8/site-packages:/opt/ros/foxy/lib/python3.8/site-packages /usr/bin/cmake /home/thezerdas/exomy/exomy_ws/src/rover_gazebo_plugins -DAMENT_CMAKE_SYMLINK_INSTALL=1 -DCMAKE_INSTALL_PREFIX=/home/thezerdas/exomy/exomy_ws/install/rover_gazebo_plugins
[9.603s] Invoking command in '/home/thezerdas/exomy/exomy_ws/build/rover_gazebo_plugins': CMAKE_PREFIX_PATH=/home/thezerdas/exomy/exomy_ws/install/exomy_sim_msgs:/home/thezerdas/ros2_ws/install/realsense2_description:/home/thezerdas/ros2_ws/install/realsense2_camera_msgs:/home/thezerdas/exomy/exomy_ws/install/rover_gazebo_plugins:/home/thezerdas/exomy/exomy_ws/install/exomy_sim_launch:/home/thezerdas/exomy/exomy_ws/install/exomy_sim:/home/thezerdas/exomy/exomy_ws/install/exomy_msgs:/home/thezerdas/exomy/exomy_ws/install/depthimage_to_laserscan:/home/thezerdas/exomy/exomy_ws/install/exomy:/opt/ros/foxy LD_LIBRARY_PATH=/home/thezerdas/exomy/exomy_ws/install/exomy_sim_msgs/lib:/home/thezerdas/ros2_ws/install/realsense2_camera_msgs/lib:/home/thezerdas/exomy/exomy_ws/install/rover_gazebo_plugins/lib:/home/thezerdas/exomy/exomy_ws/install/exomy_msgs/lib:/home/thezerdas/exomy/exomy_ws/install/depthimage_to_laserscan/lib:/usr/lib/x86_64-linux-gnu/gazebo-11/plugins:/opt/ros/foxy/opt/yaml_cpp_vendor/lib:/opt/ros/foxy/opt/rviz_ogre_vendor/lib:/opt/ros/foxy/lib/x86_64-linux-gnu:/opt/ros/foxy/lib PYTHONPATH=/home/thezerdas/exomy/exomy_ws/install/exomy_sim_msgs/lib/python3.8/site-packages:/home/thezerdas/ros2_ws/install/realsense2_camera_msgs/lib/python3.8/site-packages:/home/thezerdas/exomy/exomy_ws/build/exomy:/home/thezerdas/exomy/exomy_ws/install/exomy/lib/python3.8/site-packages:/home/thezerdas/exomy/exomy_ws/install/exomy_msgs/lib/python3.8/site-packages:/opt/ros/foxy/lib/python3.8/site-packages /usr/bin/cmake --build /home/thezerdas/exomy/exomy_ws/build/rover_gazebo_plugins -- -j2 -l2
[9.708s] [35m[1mScanning dependencies of target rover_gazebo_joint_plugin[0m
[10.553s] [ 50%] [32mBuilding CXX object CMakeFiles/rover_gazebo_joint_plugin.dir/src/rover_gazebo_joint_plugin.cpp.o[0m
[42.681s] [100%] [32m[1mLinking CXX shared library librover_gazebo_joint_plugin.so[0m
[44.008s] [100%] Built target rover_gazebo_joint_plugin
[44.029s] Invoked command in '/home/thezerdas/exomy/exomy_ws/build/rover_gazebo_plugins' returned '0': CMAKE_PREFIX_PATH=/home/thezerdas/exomy/exomy_ws/install/exomy_sim_msgs:/home/thezerdas/ros2_ws/install/realsense2_description:/home/thezerdas/ros2_ws/install/realsense2_camera_msgs:/home/thezerdas/exomy/exomy_ws/install/rover_gazebo_plugins:/home/thezerdas/exomy/exomy_ws/install/exomy_sim_launch:/home/thezerdas/exomy/exomy_ws/install/exomy_sim:/home/thezerdas/exomy/exomy_ws/install/exomy_msgs:/home/thezerdas/exomy/exomy_ws/install/depthimage_to_laserscan:/home/thezerdas/exomy/exomy_ws/install/exomy:/opt/ros/foxy LD_LIBRARY_PATH=/home/thezerdas/exomy/exomy_ws/install/exomy_sim_msgs/lib:/home/thezerdas/ros2_ws/install/realsense2_camera_msgs/lib:/home/thezerdas/exomy/exomy_ws/install/rover_gazebo_plugins/lib:/home/thezerdas/exomy/exomy_ws/install/exomy_msgs/lib:/home/thezerdas/exomy/exomy_ws/install/depthimage_to_laserscan/lib:/usr/lib/x86_64-linux-gnu/gazebo-11/plugins:/opt/ros/foxy/opt/yaml_cpp_vendor/lib:/opt/ros/foxy/opt/rviz_ogre_vendor/lib:/opt/ros/foxy/lib/x86_64-linux-gnu:/opt/ros/foxy/lib PYTHONPATH=/home/thezerdas/exomy/exomy_ws/install/exomy_sim_msgs/lib/python3.8/site-packages:/home/thezerdas/ros2_ws/install/realsense2_camera_msgs/lib/python3.8/site-packages:/home/thezerdas/exomy/exomy_ws/build/exomy:/home/thezerdas/exomy/exomy_ws/install/exomy/lib/python3.8/site-packages:/home/thezerdas/exomy/exomy_ws/install/exomy_msgs/lib/python3.8/site-packages:/opt/ros/foxy/lib/python3.8/site-packages /usr/bin/cmake --build /home/thezerdas/exomy/exomy_ws/build/rover_gazebo_plugins -- -j2 -l2
[44.090s] Invoking command in '/home/thezerdas/exomy/exomy_ws/build/rover_gazebo_plugins': CMAKE_PREFIX_PATH=/home/thezerdas/exomy/exomy_ws/install/exomy_sim_msgs:/home/thezerdas/ros2_ws/install/realsense2_description:/home/thezerdas/ros2_ws/install/realsense2_camera_msgs:/home/thezerdas/exomy/exomy_ws/install/rover_gazebo_plugins:/home/thezerdas/exomy/exomy_ws/install/exomy_sim_launch:/home/thezerdas/exomy/exomy_ws/install/exomy_sim:/home/thezerdas/exomy/exomy_ws/install/exomy_msgs:/home/thezerdas/exomy/exomy_ws/install/depthimage_to_laserscan:/home/thezerdas/exomy/exomy_ws/install/exomy:/opt/ros/foxy LD_LIBRARY_PATH=/home/thezerdas/exomy/exomy_ws/install/exomy_sim_msgs/lib:/home/thezerdas/ros2_ws/install/realsense2_camera_msgs/lib:/home/thezerdas/exomy/exomy_ws/install/rover_gazebo_plugins/lib:/home/thezerdas/exomy/exomy_ws/install/exomy_msgs/lib:/home/thezerdas/exomy/exomy_ws/install/depthimage_to_laserscan/lib:/usr/lib/x86_64-linux-gnu/gazebo-11/plugins:/opt/ros/foxy/opt/yaml_cpp_vendor/lib:/opt/ros/foxy/opt/rviz_ogre_vendor/lib:/opt/ros/foxy/lib/x86_64-linux-gnu:/opt/ros/foxy/lib PYTHONPATH=/home/thezerdas/exomy/exomy_ws/install/exomy_sim_msgs/lib/python3.8/site-packages:/home/thezerdas/ros2_ws/install/realsense2_camera_msgs/lib/python3.8/site-packages:/home/thezerdas/exomy/exomy_ws/build/exomy:/home/thezerdas/exomy/exomy_ws/install/exomy/lib/python3.8/site-packages:/home/thezerdas/exomy/exomy_ws/install/exomy_msgs/lib/python3.8/site-packages:/opt/ros/foxy/lib/python3.8/site-packages /usr/bin/cmake --install /home/thezerdas/exomy/exomy_ws/build/rover_gazebo_plugins
[44.108s] -- Install configuration: ""
[44.111s] -- Execute custom install script
[44.116s] -- Symlinking: /home/thezerdas/exomy/exomy_ws/install/rover_gazebo_plugins/share/rover_gazebo_plugins/environment/library_path.sh
[44.135s] -- Symlinking: /home/thezerdas/exomy/exomy_ws/install/rover_gazebo_plugins/share/rover_gazebo_plugins/environment/library_path.dsv
[44.152s] -- Symlinking: /home/thezerdas/exomy/exomy_ws/install/rover_gazebo_plugins/share/ament_index/resource_index/package_run_dependencies/rover_gazebo_plugins
[44.170s] -- Symlinking: /home/thezerdas/exomy/exomy_ws/install/rover_gazebo_plugins/share/ament_index/resource_index/parent_prefix_path/rover_gazebo_plugins
[44.186s] -- Symlinking: /home/thezerdas/exomy/exomy_ws/install/rover_gazebo_plugins/share/rover_gazebo_plugins/environment/ament_prefix_path.sh
[44.208s] -- Symlinking: /home/thezerdas/exomy/exomy_ws/install/rover_gazebo_plugins/share/rover_gazebo_plugins/environment/ament_prefix_path.dsv
[44.226s] -- Symlinking: /home/thezerdas/exomy/exomy_ws/install/rover_gazebo_plugins/share/rover_gazebo_plugins/environment/path.sh
[44.242s] -- Symlinking: /home/thezerdas/exomy/exomy_ws/install/rover_gazebo_plugins/share/rover_gazebo_plugins/environment/path.dsv
[44.259s] -- Symlinking: /home/thezerdas/exomy/exomy_ws/install/rover_gazebo_plugins/share/rover_gazebo_plugins/local_setup.bash
[44.276s] -- Symlinking: /home/thezerdas/exomy/exomy_ws/install/rover_gazebo_plugins/share/rover_gazebo_plugins/local_setup.sh
[44.293s] -- Symlinking: /home/thezerdas/exomy/exomy_ws/install/rover_gazebo_plugins/share/rover_gazebo_plugins/local_setup.zsh
[44.314s] -- Symlinking: /home/thezerdas/exomy/exomy_ws/install/rover_gazebo_plugins/share/rover_gazebo_plugins/local_setup.dsv
[44.330s] -- Symlinking: /home/thezerdas/exomy/exomy_ws/install/rover_gazebo_plugins/share/rover_gazebo_plugins/package.dsv
[44.347s] -- Symlinking: /home/thezerdas/exomy/exomy_ws/install/rover_gazebo_plugins/share/ament_index/resource_index/packages/rover_gazebo_plugins
[44.363s] -- Symlinking: /home/thezerdas/exomy/exomy_ws/install/rover_gazebo_plugins/share/rover_gazebo_plugins/cmake/ament_cmake_export_libraries-extras.cmake
[44.380s] -- Symlinking: /home/thezerdas/exomy/exomy_ws/install/rover_gazebo_plugins/share/rover_gazebo_plugins/cmake/rover_gazebo_pluginsConfig.cmake
[44.398s] -- Symlinking: /home/thezerdas/exomy/exomy_ws/install/rover_gazebo_plugins/share/rover_gazebo_plugins/cmake/rover_gazebo_pluginsConfig-version.cmake
[44.424s] -- Symlinking: /home/thezerdas/exomy/exomy_ws/install/rover_gazebo_plugins/share/rover_gazebo_plugins/package.xml
[44.440s] -- Symlinking: /home/thezerdas/exomy/exomy_ws/install/rover_gazebo_plugins/include/rover_gazebo_plugins/rover_gazebo_joint_plugin.hpp
[44.458s] -- Symlinking: /home/thezerdas/exomy/exomy_ws/install/rover_gazebo_plugins/lib/librover_gazebo_joint_plugin.so
[44.483s] Invoked command in '/home/thezerdas/exomy/exomy_ws/build/rover_gazebo_plugins' returned '0': CMAKE_PREFIX_PATH=/home/thezerdas/exomy/exomy_ws/install/exomy_sim_msgs:/home/thezerdas/ros2_ws/install/realsense2_description:/home/thezerdas/ros2_ws/install/realsense2_camera_msgs:/home/thezerdas/exomy/exomy_ws/install/rover_gazebo_plugins:/home/thezerdas/exomy/exomy_ws/install/exomy_sim_launch:/home/thezerdas/exomy/exomy_ws/install/exomy_sim:/home/thezerdas/exomy/exomy_ws/install/exomy_msgs:/home/thezerdas/exomy/exomy_ws/install/depthimage_to_laserscan:/home/thezerdas/exomy/exomy_ws/install/exomy:/opt/ros/foxy LD_LIBRARY_PATH=/home/thezerdas/exomy/exomy_ws/install/exomy_sim_msgs/lib:/home/thezerdas/ros2_ws/install/realsense2_camera_msgs/lib:/home/thezerdas/exomy/exomy_ws/install/rover_gazebo_plugins/lib:/home/thezerdas/exomy/exomy_ws/install/exomy_msgs/lib:/home/thezerdas/exomy/exomy_ws/install/depthimage_to_laserscan/lib:/usr/lib/x86_64-linux-gnu/gazebo-11/plugins:/opt/ros/foxy/opt/yaml_cpp_vendor/lib:/opt/ros/foxy/opt/rviz_ogre_vendor/lib:/opt/ros/foxy/lib/x86_64-linux-gnu:/opt/ros/foxy/lib PYTHONPATH=/home/thezerdas/exomy/exomy_ws/install/exomy_sim_msgs/lib/python3.8/site-packages:/home/thezerdas/ros2_ws/install/realsense2_camera_msgs/lib/python3.8/site-packages:/home/thezerdas/exomy/exomy_ws/build/exomy:/home/thezerdas/exomy/exomy_ws/install/exomy/lib/python3.8/site-packages:/home/thezerdas/exomy/exomy_ws/install/exomy_msgs/lib/python3.8/site-packages:/opt/ros/foxy/lib/python3.8/site-packages /usr/bin/cmake --install /home/thezerdas/exomy/exomy_ws/build/rover_gazebo_plugins
