[0.091s] Invoking command in '/home/thezerdas/exomy/exomy_ws/build/exomy_sim_msgs': CMAKE_PREFIX_PATH=${CMAKE_PREFIX_PATH}:/home/thezerdas/exomy/exomy_ws/install/exomy:/opt/ros/foxy /usr/bin/cmake --build /home/thezerdas/exomy/exomy_ws/build/exomy_sim_msgs -- -j2 -l2
[0.365s] [  2%] Built target exomy_sim_msgs__cpp
[0.375s] [ 12%] Built target exomy_sim_msgs__rosidl_generator_c
[0.494s] [ 23%] Built target exomy_sim_msgs__rosidl_typesupport_cpp
[0.529s] [ 33%] Built target exomy_sim_msgs__rosidl_typesupport_introspection_cpp
[0.631s] [ 43%] Built target exomy_sim_msgs__rosidl_typesupport_introspection_c
[0.667s] [ 53%] Built target exomy_sim_msgs__rosidl_typesupport_fastrtps_cpp
[0.823s] [ 64%] Built target exomy_sim_msgs__rosidl_typesupport_c
[0.843s] [ 74%] Built target exomy_sim_msgs__rosidl_typesupport_fastrtps_c
[0.910s] [ 74%] Built target exomy_sim_msgs
[0.969s] [ 76%] Built target exomy_sim_msgs__py
[1.066s] [ 84%] Built target exomy_sim_msgs__python
[1.164s] [ 89%] Built target exomy_sim_msgs__rosidl_typesupport_introspection_c__pyext
[1.251s] [ 94%] Built target exomy_sim_msgs__rosidl_typesupport_fastrtps_c__pyext
[1.276s] [100%] Built target exomy_sim_msgs__rosidl_typesupport_c__pyext
[1.347s] Invoked command in '/home/thezerdas/exomy/exomy_ws/build/exomy_sim_msgs' returned '0': CMAKE_PREFIX_PATH=${CMAKE_PREFIX_PATH}:/home/thezerdas/exomy/exomy_ws/install/exomy:/opt/ros/foxy /usr/bin/cmake --build /home/thezerdas/exomy/exomy_ws/build/exomy_sim_msgs -- -j2 -l2
[1.687s] Invoking command in '/home/thezerdas/exomy/exomy_ws/build/exomy_sim_msgs': CMAKE_PREFIX_PATH=${CMAKE_PREFIX_PATH}:/home/thezerdas/exomy/exomy_ws/install/exomy:/opt/ros/foxy /usr/bin/cmake --install /home/thezerdas/exomy/exomy_ws/build/exomy_sim_msgs
[1.709s] -- Install configuration: ""
[1.714s] -- Execute custom install script
[1.715s] -- Up-to-date symlink: /home/thezerdas/exomy/exomy_ws/install/exomy_sim_msgs/share/ament_index/resource_index/rosidl_interfaces/exomy_sim_msgs
[1.717s] -- Up-to-date symlink: /home/thezerdas/exomy/exomy_ws/install/exomy_sim_msgs/include/exomy_sim_msgs/msg/detail/joint_command__functions.h
[1.717s] -- Up-to-date symlink: /home/thezerdas/exomy/exomy_ws/install/exomy_sim_msgs/include/exomy_sim_msgs/msg/detail/joint_command__struct.h
[1.718s] -- Up-to-date symlink: /home/thezerdas/exomy/exomy_ws/install/exomy_sim_msgs/include/exomy_sim_msgs/msg/detail/joint_command__type_support.h
[1.718s] -- Up-to-date symlink: /home/thezerdas/exomy/exomy_ws/install/exomy_sim_msgs/include/exomy_sim_msgs/msg/detail/joint_command_array__functions.h
[1.718s] -- Up-to-date symlink: /home/thezerdas/exomy/exomy_ws/install/exomy_sim_msgs/include/exomy_sim_msgs/msg/detail/joint_command_array__struct.h
[1.719s] -- Up-to-date symlink: /home/thezerdas/exomy/exomy_ws/install/exomy_sim_msgs/include/exomy_sim_msgs/msg/detail/joint_command_array__type_support.h
[1.719s] -- Up-to-date symlink: /home/thezerdas/exomy/exomy_ws/install/exomy_sim_msgs/include/exomy_sim_msgs/msg/joint_command.h
[1.720s] -- Up-to-date symlink: /home/thezerdas/exomy/exomy_ws/install/exomy_sim_msgs/include/exomy_sim_msgs/msg/joint_command_array.h
[1.720s] -- Up-to-date symlink: /home/thezerdas/exomy/exomy_ws/install/exomy_sim_msgs/include/exomy_sim_msgs/msg/rosidl_generator_c__visibility_control.h
[1.721s] -- Up-to-date symlink: /home/thezerdas/exomy/exomy_ws/install/exomy_sim_msgs/share/exomy_sim_msgs/environment/library_path.sh
[1.722s] -- Up-to-date symlink: /home/thezerdas/exomy/exomy_ws/install/exomy_sim_msgs/share/exomy_sim_msgs/environment/library_path.dsv
[1.725s] -- Up-to-date symlink: /home/thezerdas/exomy/exomy_ws/install/exomy_sim_msgs/include/exomy_sim_msgs/msg/detail/joint_command__rosidl_typesupport_fastrtps_c.h
[1.725s] -- Up-to-date symlink: /home/thezerdas/exomy/exomy_ws/install/exomy_sim_msgs/include/exomy_sim_msgs/msg/detail/joint_command_array__rosidl_typesupport_fastrtps_c.h
[1.726s] -- Up-to-date symlink: /home/thezerdas/exomy/exomy_ws/install/exomy_sim_msgs/include/exomy_sim_msgs/msg/rosidl_typesupport_fastrtps_c__visibility_control.h
[1.727s] -- Up-to-date symlink: /home/thezerdas/exomy/exomy_ws/install/exomy_sim_msgs/lib/libexomy_sim_msgs__rosidl_typesupport_fastrtps_c.so
[1.730s] -- Up-to-date symlink: /home/thezerdas/exomy/exomy_ws/install/exomy_sim_msgs/include/exomy_sim_msgs/msg/detail/joint_command__rosidl_typesupport_fastrtps_cpp.hpp
[1.730s] -- Up-to-date symlink: /home/thezerdas/exomy/exomy_ws/install/exomy_sim_msgs/include/exomy_sim_msgs/msg/detail/joint_command_array__rosidl_typesupport_fastrtps_cpp.hpp
[1.731s] -- Up-to-date symlink: /home/thezerdas/exomy/exomy_ws/install/exomy_sim_msgs/include/exomy_sim_msgs/msg/rosidl_typesupport_fastrtps_cpp__visibility_control.h
[1.732s] -- Up-to-date symlink: /home/thezerdas/exomy/exomy_ws/install/exomy_sim_msgs/lib/libexomy_sim_msgs__rosidl_typesupport_fastrtps_cpp.so
[1.734s] -- Up-to-date symlink: /home/thezerdas/exomy/exomy_ws/install/exomy_sim_msgs/include/exomy_sim_msgs/msg/detail/joint_command__rosidl_typesupport_introspection_c.h
[1.734s] -- Up-to-date symlink: /home/thezerdas/exomy/exomy_ws/install/exomy_sim_msgs/include/exomy_sim_msgs/msg/detail/joint_command_array__rosidl_typesupport_introspection_c.h
[1.735s] -- Up-to-date symlink: /home/thezerdas/exomy/exomy_ws/install/exomy_sim_msgs/include/exomy_sim_msgs/msg/rosidl_typesupport_introspection_c__visibility_control.h
[1.736s] -- Up-to-date symlink: /home/thezerdas/exomy/exomy_ws/install/exomy_sim_msgs/include/exomy_sim_msgs/msg/detail/joint_command__builder.hpp
[1.737s] -- Up-to-date symlink: /home/thezerdas/exomy/exomy_ws/install/exomy_sim_msgs/include/exomy_sim_msgs/msg/detail/joint_command__struct.hpp
[1.737s] -- Up-to-date symlink: /home/thezerdas/exomy/exomy_ws/install/exomy_sim_msgs/include/exomy_sim_msgs/msg/detail/joint_command__traits.hpp
[1.738s] -- Up-to-date symlink: /home/thezerdas/exomy/exomy_ws/install/exomy_sim_msgs/include/exomy_sim_msgs/msg/detail/joint_command_array__builder.hpp
[1.738s] -- Up-to-date symlink: /home/thezerdas/exomy/exomy_ws/install/exomy_sim_msgs/include/exomy_sim_msgs/msg/detail/joint_command_array__struct.hpp
[1.738s] -- Up-to-date symlink: /home/thezerdas/exomy/exomy_ws/install/exomy_sim_msgs/include/exomy_sim_msgs/msg/detail/joint_command_array__traits.hpp
[1.739s] -- Up-to-date symlink: /home/thezerdas/exomy/exomy_ws/install/exomy_sim_msgs/include/exomy_sim_msgs/msg/joint_command.hpp
[1.739s] -- Up-to-date symlink: /home/thezerdas/exomy/exomy_ws/install/exomy_sim_msgs/include/exomy_sim_msgs/msg/joint_command_array.hpp
[1.741s] -- Up-to-date symlink: /home/thezerdas/exomy/exomy_ws/install/exomy_sim_msgs/include/exomy_sim_msgs/msg/detail/joint_command__rosidl_typesupport_introspection_cpp.hpp
[1.741s] -- Up-to-date symlink: /home/thezerdas/exomy/exomy_ws/install/exomy_sim_msgs/include/exomy_sim_msgs/msg/detail/joint_command_array__rosidl_typesupport_introspection_cpp.hpp
[1.742s] -- Up-to-date symlink: /home/thezerdas/exomy/exomy_ws/install/exomy_sim_msgs/share/exomy_sim_msgs/environment/pythonpath.sh
[1.743s] -- Up-to-date symlink: /home/thezerdas/exomy/exomy_ws/install/exomy_sim_msgs/share/exomy_sim_msgs/environment/pythonpath.dsv
[1.744s] -- Up-to-date symlink: /home/thezerdas/exomy/exomy_ws/install/exomy_sim_msgs/lib/python3.8/site-packages/exomy_sim_msgs/__init__.py
[1.745s] -- Up-to-date symlink: /home/thezerdas/exomy/exomy_ws/install/exomy_sim_msgs/lib/python3.8/site-packages/exomy_sim_msgs/msg/__init__.py
[1.746s] -- Up-to-date symlink: /home/thezerdas/exomy/exomy_ws/install/exomy_sim_msgs/lib/python3.8/site-packages/exomy_sim_msgs/msg/_joint_command.py
[1.746s] -- Up-to-date symlink: /home/thezerdas/exomy/exomy_ws/install/exomy_sim_msgs/lib/python3.8/site-packages/exomy_sim_msgs/msg/_joint_command_array.py
[1.747s] -- Up-to-date symlink: /home/thezerdas/exomy/exomy_ws/install/exomy_sim_msgs/lib/python3.8/site-packages/exomy_sim_msgs/exomy_sim_msgs_s__rosidl_typesupport_fastrtps_c.cpython-38-x86_64-linux-gnu.so
[1.748s] -- Up-to-date symlink: /home/thezerdas/exomy/exomy_ws/install/exomy_sim_msgs/lib/python3.8/site-packages/exomy_sim_msgs/exomy_sim_msgs_s__rosidl_typesupport_introspection_c.cpython-38-x86_64-linux-gnu.so
[1.749s] -- Up-to-date symlink: /home/thezerdas/exomy/exomy_ws/install/exomy_sim_msgs/lib/python3.8/site-packages/exomy_sim_msgs/exomy_sim_msgs_s__rosidl_typesupport_c.cpython-38-x86_64-linux-gnu.so
[1.750s] -- Up-to-date symlink: /home/thezerdas/exomy/exomy_ws/install/exomy_sim_msgs/lib/libexomy_sim_msgs__python.so
[1.751s] -- Up-to-date symlink: /home/thezerdas/exomy/exomy_ws/install/exomy_sim_msgs/share/exomy_sim_msgs/msg/JointCommand.idl
[1.751s] -- Up-to-date symlink: /home/thezerdas/exomy/exomy_ws/install/exomy_sim_msgs/share/exomy_sim_msgs/msg/JointCommandArray.idl
[1.753s] -- Up-to-date symlink: /home/thezerdas/exomy/exomy_ws/install/exomy_sim_msgs/share/exomy_sim_msgs/msg/JointCommand.msg
[1.753s] -- Up-to-date symlink: /home/thezerdas/exomy/exomy_ws/install/exomy_sim_msgs/share/exomy_sim_msgs/msg/JointCommandArray.msg
[1.754s] -- Up-to-date symlink: /home/thezerdas/exomy/exomy_ws/install/exomy_sim_msgs/share/ament_index/resource_index/package_run_dependencies/exomy_sim_msgs
[1.759s] -- Up-to-date symlink: /home/thezerdas/exomy/exomy_ws/install/exomy_sim_msgs/share/ament_index/resource_index/parent_prefix_path/exomy_sim_msgs
[1.763s] -- Up-to-date symlink: /home/thezerdas/exomy/exomy_ws/install/exomy_sim_msgs/share/exomy_sim_msgs/environment/ament_prefix_path.sh
[1.763s] -- Up-to-date symlink: /home/thezerdas/exomy/exomy_ws/install/exomy_sim_msgs/share/exomy_sim_msgs/environment/ament_prefix_path.dsv
[1.764s] -- Up-to-date symlink: /home/thezerdas/exomy/exomy_ws/install/exomy_sim_msgs/share/exomy_sim_msgs/environment/path.sh
[1.764s] -- Up-to-date symlink: /home/thezerdas/exomy/exomy_ws/install/exomy_sim_msgs/share/exomy_sim_msgs/environment/path.dsv
[1.764s] -- Up-to-date symlink: /home/thezerdas/exomy/exomy_ws/install/exomy_sim_msgs/share/exomy_sim_msgs/local_setup.bash
[1.764s] -- Up-to-date symlink: /home/thezerdas/exomy/exomy_ws/install/exomy_sim_msgs/share/exomy_sim_msgs/local_setup.sh
[1.765s] -- Up-to-date symlink: /home/thezerdas/exomy/exomy_ws/install/exomy_sim_msgs/share/exomy_sim_msgs/local_setup.zsh
[1.765s] -- Up-to-date symlink: /home/thezerdas/exomy/exomy_ws/install/exomy_sim_msgs/share/exomy_sim_msgs/local_setup.dsv
[1.765s] -- Symlinking: /home/thezerdas/exomy/exomy_ws/install/exomy_sim_msgs/share/exomy_sim_msgs/package.dsv
[1.780s] -- Up-to-date symlink: /home/thezerdas/exomy/exomy_ws/install/exomy_sim_msgs/share/ament_index/resource_index/packages/exomy_sim_msgs
[1.780s] -- Up-to-date symlink: /home/thezerdas/exomy/exomy_ws/install/exomy_sim_msgs/share/exomy_sim_msgs/cmake/rosidl_cmake-extras.cmake
[1.781s] -- Up-to-date symlink: /home/thezerdas/exomy/exomy_ws/install/exomy_sim_msgs/share/exomy_sim_msgs/cmake/ament_cmake_export_dependencies-extras.cmake
[1.782s] -- Up-to-date symlink: /home/thezerdas/exomy/exomy_ws/install/exomy_sim_msgs/share/exomy_sim_msgs/cmake/ament_cmake_export_libraries-extras.cmake
[1.783s] -- Up-to-date symlink: /home/thezerdas/exomy/exomy_ws/install/exomy_sim_msgs/share/exomy_sim_msgs/cmake/ament_cmake_export_targets-extras.cmake
[1.784s] -- Up-to-date symlink: /home/thezerdas/exomy/exomy_ws/install/exomy_sim_msgs/share/exomy_sim_msgs/cmake/ament_cmake_export_include_directories-extras.cmake
[1.785s] -- Up-to-date symlink: /home/thezerdas/exomy/exomy_ws/install/exomy_sim_msgs/share/exomy_sim_msgs/cmake/rosidl_cmake_export_typesupport_libraries-extras.cmake
[1.787s] -- Up-to-date symlink: /home/thezerdas/exomy/exomy_ws/install/exomy_sim_msgs/share/exomy_sim_msgs/cmake/rosidl_cmake_export_typesupport_targets-extras.cmake
[1.791s] -- Up-to-date symlink: /home/thezerdas/exomy/exomy_ws/install/exomy_sim_msgs/share/exomy_sim_msgs/cmake/exomy_sim_msgsConfig.cmake
[1.791s] -- Up-to-date symlink: /home/thezerdas/exomy/exomy_ws/install/exomy_sim_msgs/share/exomy_sim_msgs/cmake/exomy_sim_msgsConfig-version.cmake
[1.797s] -- Up-to-date symlink: /home/thezerdas/exomy/exomy_ws/install/exomy_sim_msgs/share/exomy_sim_msgs/package.xml
[1.797s] -- Up-to-date: /home/thezerdas/exomy/exomy_ws/install/exomy_sim_msgs/lib/libexomy_sim_msgs__rosidl_generator_c.so
[1.797s] -- Up-to-date: /home/thezerdas/exomy/exomy_ws/install/exomy_sim_msgs/lib/libexomy_sim_msgs__rosidl_typesupport_introspection_c.so
[1.798s] -- Up-to-date: /home/thezerdas/exomy/exomy_ws/install/exomy_sim_msgs/lib/libexomy_sim_msgs__rosidl_typesupport_c.so
[1.798s] -- Up-to-date: /home/thezerdas/exomy/exomy_ws/install/exomy_sim_msgs/lib/libexomy_sim_msgs__rosidl_typesupport_introspection_cpp.so
[1.798s] -- Up-to-date: /home/thezerdas/exomy/exomy_ws/install/exomy_sim_msgs/lib/libexomy_sim_msgs__rosidl_typesupport_cpp.so
[1.990s] -- Up-to-date: /home/thezerdas/exomy/exomy_ws/install/exomy_sim_msgs/share/exomy_sim_msgs/cmake/exomy_sim_msgs__rosidl_generator_cExport.cmake
[1.990s] -- Up-to-date: /home/thezerdas/exomy/exomy_ws/install/exomy_sim_msgs/share/exomy_sim_msgs/cmake/exomy_sim_msgs__rosidl_generator_cExport-noconfig.cmake
[1.991s] -- Up-to-date: /home/thezerdas/exomy/exomy_ws/install/exomy_sim_msgs/share/exomy_sim_msgs/cmake/exomy_sim_msgs__rosidl_typesupport_introspection_cExport.cmake
[1.991s] -- Up-to-date: /home/thezerdas/exomy/exomy_ws/install/exomy_sim_msgs/share/exomy_sim_msgs/cmake/exomy_sim_msgs__rosidl_typesupport_introspection_cExport-noconfig.cmake
[1.992s] -- Up-to-date: /home/thezerdas/exomy/exomy_ws/install/exomy_sim_msgs/share/exomy_sim_msgs/cmake/exomy_sim_msgs__rosidl_typesupport_cExport.cmake
[1.992s] -- Up-to-date: /home/thezerdas/exomy/exomy_ws/install/exomy_sim_msgs/share/exomy_sim_msgs/cmake/exomy_sim_msgs__rosidl_typesupport_cExport-noconfig.cmake
[1.992s] -- Up-to-date: /home/thezerdas/exomy/exomy_ws/install/exomy_sim_msgs/share/exomy_sim_msgs/cmake/exomy_sim_msgs__rosidl_generator_cppExport.cmake
[1.993s] -- Up-to-date: /home/thezerdas/exomy/exomy_ws/install/exomy_sim_msgs/share/exomy_sim_msgs/cmake/exomy_sim_msgs__rosidl_typesupport_introspection_cppExport.cmake
[1.993s] -- Up-to-date: /home/thezerdas/exomy/exomy_ws/install/exomy_sim_msgs/share/exomy_sim_msgs/cmake/exomy_sim_msgs__rosidl_typesupport_introspection_cppExport-noconfig.cmake
[1.994s] -- Up-to-date: /home/thezerdas/exomy/exomy_ws/install/exomy_sim_msgs/share/exomy_sim_msgs/cmake/exomy_sim_msgs__rosidl_typesupport_cppExport.cmake
[1.994s] -- Up-to-date: /home/thezerdas/exomy/exomy_ws/install/exomy_sim_msgs/share/exomy_sim_msgs/cmake/exomy_sim_msgs__rosidl_typesupport_cppExport-noconfig.cmake
[1.998s] Invoked command in '/home/thezerdas/exomy/exomy_ws/build/exomy_sim_msgs' returned '0': CMAKE_PREFIX_PATH=${CMAKE_PREFIX_PATH}:/home/thezerdas/exomy/exomy_ws/install/exomy:/opt/ros/foxy /usr/bin/cmake --install /home/thezerdas/exomy/exomy_ws/build/exomy_sim_msgs
