[0.048s] Invoking command in '/home/thezerdas/exomy/exomy_ws/build/depthimage_to_laserscan': CMAKE_PREFIX_PATH=${CMAKE_PREFIX_PATH}:/home/thezerdas/exomy/exomy_ws/install/exomy:/opt/ros/foxy /usr/bin/cmake --build /home/thezerdas/exomy/exomy_ws/build/depthimage_to_laserscan -- -j2 -l2
[0.334s] [ 16%] Built target gtest
[0.356s] [ 33%] Built target DepthImageToLaserScan
[0.430s] [ 50%] Built target gtest_main
[0.496s] [ 66%] Built target DepthImageToLaserScanROS
[0.569s] [ 83%] Built target depthimage_to_laserscan-test
[0.619s] [100%] Built target depthimage_to_laserscan_node
[0.852s] Invoked command in '/home/thezerdas/exomy/exomy_ws/build/depthimage_to_laserscan' returned '0': CMAKE_PREFIX_PATH=${CMAKE_PREFIX_PATH}:/home/thezerdas/exomy/exomy_ws/install/exomy:/opt/ros/foxy /usr/bin/cmake --build /home/thezerdas/exomy/exomy_ws/build/depthimage_to_laserscan -- -j2 -l2
[0.933s] Invoking command in '/home/thezerdas/exomy/exomy_ws/build/depthimage_to_laserscan': CMAKE_PREFIX_PATH=${CMAKE_PREFIX_PATH}:/home/thezerdas/exomy/exomy_ws/install/exomy:/opt/ros/foxy /usr/bin/cmake --install /home/thezerdas/exomy/exomy_ws/build/depthimage_to_laserscan
[0.953s] -- Install configuration: ""
[0.957s] -- Execute custom install script
[0.961s] -- Up-to-date symlink: /home/thezerdas/exomy/exomy_ws/install/depthimage_to_laserscan/include/depthimage_to_laserscan/DepthImageToLaserScan.hpp
[0.964s] -- Up-to-date symlink: /home/thezerdas/exomy/exomy_ws/install/depthimage_to_laserscan/include/depthimage_to_laserscan/DepthImageToLaserScanROS.hpp
[0.967s] -- Up-to-date symlink: /home/thezerdas/exomy/exomy_ws/install/depthimage_to_laserscan/include/depthimage_to_laserscan/depth_traits.hpp
[0.971s] -- Up-to-date symlink: /home/thezerdas/exomy/exomy_ws/install/depthimage_to_laserscan/share/depthimage_to_laserscan//launch/depthimage_to_laserscan-launch.py
[0.974s] -- Up-to-date symlink: /home/thezerdas/exomy/exomy_ws/install/depthimage_to_laserscan/share/depthimage_to_laserscan//launch/depthimage_to_laserscan_composed-launch.py
[0.977s] -- Up-to-date symlink: /home/thezerdas/exomy/exomy_ws/install/depthimage_to_laserscan/share/depthimage_to_laserscan//cfg/param.yaml
[0.980s] -- Up-to-date symlink: /home/thezerdas/exomy/exomy_ws/install/depthimage_to_laserscan/lib/libDepthImageToLaserScan.so
[0.983s] -- Up-to-date symlink: /home/thezerdas/exomy/exomy_ws/install/depthimage_to_laserscan/lib/libDepthImageToLaserScanROS.so
[0.986s] -- Up-to-date symlink: /home/thezerdas/exomy/exomy_ws/install/depthimage_to_laserscan/lib/depthimage_to_laserscan/depthimage_to_laserscan_node
[0.989s] -- Up-to-date symlink: /home/thezerdas/exomy/exomy_ws/install/depthimage_to_laserscan/include/depthimage_to_laserscan/DepthImageToLaserScan_export.h
[0.990s] -- Up-to-date symlink: /home/thezerdas/exomy/exomy_ws/install/depthimage_to_laserscan/include/depthimage_to_laserscan/DepthImageToLaserScanROS_export.h
[0.994s] -- Up-to-date symlink: /home/thezerdas/exomy/exomy_ws/install/depthimage_to_laserscan/share/depthimage_to_laserscan/environment/library_path.sh
[0.995s] -- Up-to-date symlink: /home/thezerdas/exomy/exomy_ws/install/depthimage_to_laserscan/share/depthimage_to_laserscan/environment/library_path.dsv
[0.996s] -- Up-to-date symlink: /home/thezerdas/exomy/exomy_ws/install/depthimage_to_laserscan/share/ament_index/resource_index/package_run_dependencies/depthimage_to_laserscan
[0.997s] -- Up-to-date symlink: /home/thezerdas/exomy/exomy_ws/install/depthimage_to_laserscan/share/ament_index/resource_index/parent_prefix_path/depthimage_to_laserscan
[0.999s] -- Up-to-date symlink: /home/thezerdas/exomy/exomy_ws/install/depthimage_to_laserscan/share/depthimage_to_laserscan/environment/ament_prefix_path.sh
[1.000s] -- Up-to-date symlink: /home/thezerdas/exomy/exomy_ws/install/depthimage_to_laserscan/share/depthimage_to_laserscan/environment/ament_prefix_path.dsv
[1.005s] -- Up-to-date symlink: /home/thezerdas/exomy/exomy_ws/install/depthimage_to_laserscan/share/depthimage_to_laserscan/environment/path.sh
[1.009s] -- Up-to-date symlink: /home/thezerdas/exomy/exomy_ws/install/depthimage_to_laserscan/share/depthimage_to_laserscan/environment/path.dsv
[1.011s] -- Up-to-date symlink: /home/thezerdas/exomy/exomy_ws/install/depthimage_to_laserscan/share/depthimage_to_laserscan/local_setup.bash
[1.012s] -- Up-to-date symlink: /home/thezerdas/exomy/exomy_ws/install/depthimage_to_laserscan/share/depthimage_to_laserscan/local_setup.sh
[1.013s] -- Up-to-date symlink: /home/thezerdas/exomy/exomy_ws/install/depthimage_to_laserscan/share/depthimage_to_laserscan/local_setup.zsh
[1.017s] -- Up-to-date symlink: /home/thezerdas/exomy/exomy_ws/install/depthimage_to_laserscan/share/depthimage_to_laserscan/local_setup.dsv
[1.018s] -- Symlinking: /home/thezerdas/exomy/exomy_ws/install/depthimage_to_laserscan/share/depthimage_to_laserscan/package.dsv
[1.051s] -- Up-to-date symlink: /home/thezerdas/exomy/exomy_ws/install/depthimage_to_laserscan/share/ament_index/resource_index/packages/depthimage_to_laserscan
[1.053s] -- Up-to-date symlink: /home/thezerdas/exomy/exomy_ws/install/depthimage_to_laserscan/share/ament_index/resource_index/rclcpp_components/depthimage_to_laserscan
[1.056s] -- Up-to-date symlink: /home/thezerdas/exomy/exomy_ws/install/depthimage_to_laserscan/share/depthimage_to_laserscan/cmake/ament_cmake_export_include_directories-extras.cmake
[1.059s] -- Up-to-date symlink: /home/thezerdas/exomy/exomy_ws/install/depthimage_to_laserscan/share/depthimage_to_laserscan/cmake/ament_cmake_export_libraries-extras.cmake
[1.061s] -- Up-to-date symlink: /home/thezerdas/exomy/exomy_ws/install/depthimage_to_laserscan/share/depthimage_to_laserscan/cmake/depthimage_to_laserscanConfig.cmake
[1.062s] -- Up-to-date symlink: /home/thezerdas/exomy/exomy_ws/install/depthimage_to_laserscan/share/depthimage_to_laserscan/cmake/depthimage_to_laserscanConfig-version.cmake
[1.063s] -- Up-to-date symlink: /home/thezerdas/exomy/exomy_ws/install/depthimage_to_laserscan/share/depthimage_to_laserscan/package.xml
[1.073s] Invoked command in '/home/thezerdas/exomy/exomy_ws/build/depthimage_to_laserscan' returned '0': CMAKE_PREFIX_PATH=${CMAKE_PREFIX_PATH}:/home/thezerdas/exomy/exomy_ws/install/exomy:/opt/ros/foxy /usr/bin/cmake --install /home/thezerdas/exomy/exomy_ws/build/depthimage_to_laserscan
