[0.194s] Invoking command in '/home/thezerdas/exomy/exomy_ws/build/exomy_sim': CMAKE_PREFIX_PATH=/home/thezerdas/exomy/exomy_ws/install/exomy_sim_msgs:/home/thezerdas/exomy/exomy_ws/install/exomy_msgs:/home/thezerdas/ros2_ws/install/realsense2_description:/home/thezerdas/ros2_ws/install/realsense2_camera_msgs:/home/thezerdas/exomy/exomy_ws/install/rover_gazebo_plugins:/home/thezerdas/exomy/exomy_ws/install/exomy_sim_launch:/home/thezerdas/exomy/exomy_ws/install/exomy_sim:/home/thezerdas/exomy/exomy_ws/install/depthimage_to_laserscan:/home/thezerdas/exomy/exomy_ws/install/exomy:/opt/ros/foxy LD_LIBRARY_PATH=/home/thezerdas/exomy/exomy_ws/install/exomy_sim_msgs/lib:/home/thezerdas/exomy/exomy_ws/install/exomy_msgs/lib:/home/thezerdas/ros2_ws/install/realsense2_camera_msgs/lib:/home/thezerdas/exomy/exomy_ws/install/rover_gazebo_plugins/lib:/home/thezerdas/exomy/exomy_ws/install/depthimage_to_laserscan/lib:/usr/lib/x86_64-linux-gnu/gazebo-11/plugins:/opt/ros/foxy/opt/yaml_cpp_vendor/lib:/opt/ros/foxy/opt/rviz_ogre_vendor/lib:/opt/ros/foxy/lib/x86_64-linux-gnu:/opt/ros/foxy/lib PYTHONPATH=/home/thezerdas/exomy/exomy_ws/install/exomy_sim_msgs/lib/python3.8/site-packages:/home/thezerdas/exomy/exomy_ws/install/exomy_msgs/lib/python3.8/site-packages:/home/thezerdas/ros2_ws/install/realsense2_camera_msgs/lib/python3.8/site-packages:/home/thezerdas/exomy/exomy_ws/build/exomy:/home/thezerdas/exomy/exomy_ws/install/exomy/lib/python3.8/site-packages:/opt/ros/foxy/lib/python3.8/site-packages /usr/bin/cmake --build /home/thezerdas/exomy/exomy_ws/build/exomy_sim -- -j2 -l2
[0.695s] [100%] Built target joint_command_node
[0.770s] Invoked command in '/home/thezerdas/exomy/exomy_ws/build/exomy_sim' returned '0': CMAKE_PREFIX_PATH=/home/thezerdas/exomy/exomy_ws/install/exomy_sim_msgs:/home/thezerdas/exomy/exomy_ws/install/exomy_msgs:/home/thezerdas/ros2_ws/install/realsense2_description:/home/thezerdas/ros2_ws/install/realsense2_camera_msgs:/home/thezerdas/exomy/exomy_ws/install/rover_gazebo_plugins:/home/thezerdas/exomy/exomy_ws/install/exomy_sim_launch:/home/thezerdas/exomy/exomy_ws/install/exomy_sim:/home/thezerdas/exomy/exomy_ws/install/depthimage_to_laserscan:/home/thezerdas/exomy/exomy_ws/install/exomy:/opt/ros/foxy LD_LIBRARY_PATH=/home/thezerdas/exomy/exomy_ws/install/exomy_sim_msgs/lib:/home/thezerdas/exomy/exomy_ws/install/exomy_msgs/lib:/home/thezerdas/ros2_ws/install/realsense2_camera_msgs/lib:/home/thezerdas/exomy/exomy_ws/install/rover_gazebo_plugins/lib:/home/thezerdas/exomy/exomy_ws/install/depthimage_to_laserscan/lib:/usr/lib/x86_64-linux-gnu/gazebo-11/plugins:/opt/ros/foxy/opt/yaml_cpp_vendor/lib:/opt/ros/foxy/opt/rviz_ogre_vendor/lib:/opt/ros/foxy/lib/x86_64-linux-gnu:/opt/ros/foxy/lib PYTHONPATH=/home/thezerdas/exomy/exomy_ws/install/exomy_sim_msgs/lib/python3.8/site-packages:/home/thezerdas/exomy/exomy_ws/install/exomy_msgs/lib/python3.8/site-packages:/home/thezerdas/ros2_ws/install/realsense2_camera_msgs/lib/python3.8/site-packages:/home/thezerdas/exomy/exomy_ws/build/exomy:/home/thezerdas/exomy/exomy_ws/install/exomy/lib/python3.8/site-packages:/opt/ros/foxy/lib/python3.8/site-packages /usr/bin/cmake --build /home/thezerdas/exomy/exomy_ws/build/exomy_sim -- -j2 -l2
[1.023s] Invoking command in '/home/thezerdas/exomy/exomy_ws/build/exomy_sim': CMAKE_PREFIX_PATH=/home/thezerdas/exomy/exomy_ws/install/exomy_sim_msgs:/home/thezerdas/exomy/exomy_ws/install/exomy_msgs:/home/thezerdas/ros2_ws/install/realsense2_description:/home/thezerdas/ros2_ws/install/realsense2_camera_msgs:/home/thezerdas/exomy/exomy_ws/install/rover_gazebo_plugins:/home/thezerdas/exomy/exomy_ws/install/exomy_sim_launch:/home/thezerdas/exomy/exomy_ws/install/exomy_sim:/home/thezerdas/exomy/exomy_ws/install/depthimage_to_laserscan:/home/thezerdas/exomy/exomy_ws/install/exomy:/opt/ros/foxy LD_LIBRARY_PATH=/home/thezerdas/exomy/exomy_ws/install/exomy_sim_msgs/lib:/home/thezerdas/exomy/exomy_ws/install/exomy_msgs/lib:/home/thezerdas/ros2_ws/install/realsense2_camera_msgs/lib:/home/thezerdas/exomy/exomy_ws/install/rover_gazebo_plugins/lib:/home/thezerdas/exomy/exomy_ws/install/depthimage_to_laserscan/lib:/usr/lib/x86_64-linux-gnu/gazebo-11/plugins:/opt/ros/foxy/opt/yaml_cpp_vendor/lib:/opt/ros/foxy/opt/rviz_ogre_vendor/lib:/opt/ros/foxy/lib/x86_64-linux-gnu:/opt/ros/foxy/lib PYTHONPATH=/home/thezerdas/exomy/exomy_ws/install/exomy_sim_msgs/lib/python3.8/site-packages:/home/thezerdas/exomy/exomy_ws/install/exomy_msgs/lib/python3.8/site-packages:/home/thezerdas/ros2_ws/install/realsense2_camera_msgs/lib/python3.8/site-packages:/home/thezerdas/exomy/exomy_ws/build/exomy:/home/thezerdas/exomy/exomy_ws/install/exomy/lib/python3.8/site-packages:/opt/ros/foxy/lib/python3.8/site-packages /usr/bin/cmake --install /home/thezerdas/exomy/exomy_ws/build/exomy_sim
[1.080s] -- Install configuration: ""
[1.084s] -- Up-to-date: /home/thezerdas/exomy/exomy_ws/install/exomy_sim/share/exomy_sim/config
[1.088s] -- Up-to-date: /home/thezerdas/exomy/exomy_ws/install/exomy_sim/share/exomy_sim/config/joint_names_exomy_model.yaml
[1.090s] -- Up-to-date: /home/thezerdas/exomy/exomy_ws/install/exomy_sim/share/exomy_sim/config/mapper_params_online_async.yaml
[1.092s] -- Up-to-date: /home/thezerdas/exomy/exomy_ws/install/exomy_sim/share/exomy_sim/rviz
[1.095s] -- Up-to-date: /home/thezerdas/exomy/exomy_ws/install/exomy_sim/share/exomy_sim/rviz/simulation.rviz
[1.096s] -- Up-to-date: /home/thezerdas/exomy/exomy_ws/install/exomy_sim/share/exomy_sim/rviz/simulation2.rviz
[1.096s] -- Up-to-date: /home/thezerdas/exomy/exomy_ws/install/exomy_sim/share/exomy_sim/rviz/simulation3.rviz
[1.096s] -- Up-to-date: /home/thezerdas/exomy/exomy_ws/install/exomy_sim/share/exomy_sim/models
[1.096s] -- Up-to-date: /home/thezerdas/exomy/exomy_ws/install/exomy_sim/share/exomy_sim/models/exomy_model
[1.096s] -- Up-to-date: /home/thezerdas/exomy/exomy_ws/install/exomy_sim/share/exomy_sim/models/exomy_model/exomy_model.csv
[1.097s] -- Up-to-date: /home/thezerdas/exomy/exomy_ws/install/exomy_sim/share/exomy_sim/models/exomy_model/model.config
[1.097s] -- Up-to-date: /home/thezerdas/exomy/exomy_ws/install/exomy_sim/share/exomy_sim/models/exomy_model/meshes
[1.097s] -- Up-to-date: /home/thezerdas/exomy/exomy_ws/install/exomy_sim/share/exomy_sim/models/exomy_model/meshes/STR_RF_link.STL
[1.098s] -- Up-to-date: /home/thezerdas/exomy/exomy_ws/install/exomy_sim/share/exomy_sim/models/exomy_model/meshes/DRV_LM_link.STL
[1.098s] -- Up-to-date: /home/thezerdas/exomy/exomy_ws/install/exomy_sim/share/exomy_sim/models/exomy_model/meshes/base_link.STL
[1.098s] -- Up-to-date: /home/thezerdas/exomy/exomy_ws/install/exomy_sim/share/exomy_sim/models/exomy_model/meshes/STR_LR_link.STL
[1.098s] -- Up-to-date: /home/thezerdas/exomy/exomy_ws/install/exomy_sim/share/exomy_sim/models/exomy_model/meshes/STR_LF_link.STL
[1.099s] -- Up-to-date: /home/thezerdas/exomy/exomy_ws/install/exomy_sim/share/exomy_sim/models/exomy_model/meshes/pupil_right_link.STL
[1.108s] -- Up-to-date: /home/thezerdas/exomy/exomy_ws/install/exomy_sim/share/exomy_sim/models/exomy_model/meshes/pupil_left_link.STL
[1.109s] -- Up-to-date: /home/thezerdas/exomy/exomy_ws/install/exomy_sim/share/exomy_sim/models/exomy_model/meshes/MRB_link.STL
[1.118s] -- Up-to-date: /home/thezerdas/exomy/exomy_ws/install/exomy_sim/share/exomy_sim/models/exomy_model/meshes/hat_link.STL
[1.119s] -- Up-to-date: /home/thezerdas/exomy/exomy_ws/install/exomy_sim/share/exomy_sim/models/exomy_model/meshes/bling_link.STL
[1.119s] -- Up-to-date: /home/thezerdas/exomy/exomy_ws/install/exomy_sim/share/exomy_sim/models/exomy_model/meshes/RFB_link.STL
[1.120s] -- Up-to-date: /home/thezerdas/exomy/exomy_ws/install/exomy_sim/share/exomy_sim/models/exomy_model/meshes/DRV_LF_link.STL
[1.120s] -- Up-to-date: /home/thezerdas/exomy/exomy_ws/install/exomy_sim/share/exomy_sim/models/exomy_model/meshes/eyewhite_link.STL
[1.121s] -- Up-to-date: /home/thezerdas/exomy/exomy_ws/install/exomy_sim/share/exomy_sim/models/exomy_model/meshes/cam_link.STL
[1.121s] -- Up-to-date: /home/thezerdas/exomy/exomy_ws/install/exomy_sim/share/exomy_sim/models/exomy_model/meshes/STR_RM_link.STL
[1.121s] -- Up-to-date: /home/thezerdas/exomy/exomy_ws/install/exomy_sim/share/exomy_sim/models/exomy_model/meshes/DRV_RF_link.STL
[1.122s] -- Up-to-date: /home/thezerdas/exomy/exomy_ws/install/exomy_sim/share/exomy_sim/models/exomy_model/meshes/DRV_RM_link.STL
[1.122s] -- Up-to-date: /home/thezerdas/exomy/exomy_ws/install/exomy_sim/share/exomy_sim/models/exomy_model/meshes/DRV_RR_link.STL
[1.123s] -- Up-to-date: /home/thezerdas/exomy/exomy_ws/install/exomy_sim/share/exomy_sim/models/exomy_model/meshes/STR_RR_link.STL
[1.123s] -- Up-to-date: /home/thezerdas/exomy/exomy_ws/install/exomy_sim/share/exomy_sim/models/exomy_model/meshes/LFB_link.STL
[1.124s] -- Up-to-date: /home/thezerdas/exomy/exomy_ws/install/exomy_sim/share/exomy_sim/models/exomy_model/meshes/head_link.STL
[1.125s] -- Up-to-date: /home/thezerdas/exomy/exomy_ws/install/exomy_sim/share/exomy_sim/models/exomy_model/meshes/STR_LM_link.STL
[1.125s] -- Up-to-date: /home/thezerdas/exomy/exomy_ws/install/exomy_sim/share/exomy_sim/models/exomy_model/meshes/DRV_LR_link.STL
[1.125s] -- Installing: /home/thezerdas/exomy/exomy_ws/install/exomy_sim/share/exomy_sim/models/exomy_model/exomy_model.urdf
[1.131s] -- Up-to-date: /home/thezerdas/exomy/exomy_ws/install/exomy_sim/share/exomy_sim/models/exomy_model/exomy_model_ros.urdf
[1.131s] -- Up-to-date: /home/thezerdas/exomy/exomy_ws/install/exomy_sim/share/exomy_sim/models/mars_yard
[1.132s] -- Up-to-date: /home/thezerdas/exomy/exomy_ws/install/exomy_sim/share/exomy_sim/models/mars_yard/model.config
[1.132s] -- Up-to-date: /home/thezerdas/exomy/exomy_ws/install/exomy_sim/share/exomy_sim/models/mars_yard/meshes
[1.132s] -- Up-to-date: /home/thezerdas/exomy/exomy_ws/install/exomy_sim/share/exomy_sim/models/mars_yard/meshes/mars_yard.dae
[1.132s] -- Up-to-date: /home/thezerdas/exomy/exomy_ws/install/exomy_sim/share/exomy_sim/models/mars_yard/meshes/PUTBOrtho.jpg
[1.132s] -- Up-to-date: /home/thezerdas/exomy/exomy_ws/install/exomy_sim/share/exomy_sim/models/mars_yard/model.sdf
[1.133s] -- Up-to-date: /home/thezerdas/exomy/exomy_ws/install/exomy_sim/share/exomy_sim/models/mars_yard/model
[1.133s] -- Up-to-date: /home/thezerdas/exomy/exomy_ws/install/exomy_sim/share/exomy_sim/models/mars_yard/model/lab_terrain.blend
[1.133s] -- Up-to-date: /home/thezerdas/exomy/exomy_ws/install/exomy_sim/share/exomy_sim/models/exomy_model.urdf
[1.133s] -- Up-to-date: /home/thezerdas/exomy/exomy_ws/install/exomy_sim/share/exomy_sim/models/curiosity
[1.134s] -- Up-to-date: /home/thezerdas/exomy/exomy_ws/install/exomy_sim/share/exomy_sim/models/curiosity/model.config
[1.134s] -- Up-to-date: /home/thezerdas/exomy/exomy_ws/install/exomy_sim/share/exomy_sim/models/curiosity/meshes
[1.134s] -- Up-to-date: /home/thezerdas/exomy/exomy_ws/install/exomy_sim/share/exomy_sim/models/curiosity/meshes/curiosity.stl
[1.134s] -- Up-to-date: /home/thezerdas/exomy/exomy_ws/install/exomy_sim/share/exomy_sim/models/curiosity/model.sdf
[1.134s] -- Up-to-date: /home/thezerdas/exomy/exomy_ws/install/exomy_sim/share/exomy_sim/worlds
[1.134s] -- Up-to-date: /home/thezerdas/exomy/exomy_ws/install/exomy_sim/share/exomy_sim/worlds/obstacles.world
[1.134s] -- Up-to-date: /home/thezerdas/exomy/exomy_ws/install/exomy_sim/share/exomy_sim/worlds/curiosity.world
[1.135s] -- Up-to-date: /home/thezerdas/exomy/exomy_ws/install/exomy_sim/share/exomy_sim/worlds/empty.world
[1.135s] -- Up-to-date: /home/thezerdas/exomy/exomy_ws/install/exomy_sim/share/exomy_sim/worlds/mars_yard.world
[1.135s] -- Execute custom install script
[1.149s] -- Up-to-date symlink: /home/thezerdas/exomy/exomy_ws/install/exomy_sim/lib/exomy_sim/joint_command_node
[1.149s] -- Up-to-date symlink: /home/thezerdas/exomy/exomy_ws/install/exomy_sim/share/exomy_sim/environment/exomy_sim.sh
[1.150s] -- Up-to-date symlink: /home/thezerdas/exomy/exomy_ws/install/exomy_sim/share/exomy_sim/environment/exomy_sim.dsv
[1.152s] -- Up-to-date symlink: /home/thezerdas/exomy/exomy_ws/install/exomy_sim/share/ament_index/resource_index/package_run_dependencies/exomy_sim
[1.153s] -- Up-to-date symlink: /home/thezerdas/exomy/exomy_ws/install/exomy_sim/share/ament_index/resource_index/parent_prefix_path/exomy_sim
[1.162s] -- Up-to-date symlink: /home/thezerdas/exomy/exomy_ws/install/exomy_sim/share/exomy_sim/environment/ament_prefix_path.sh
[1.163s] -- Up-to-date symlink: /home/thezerdas/exomy/exomy_ws/install/exomy_sim/share/exomy_sim/environment/ament_prefix_path.dsv
[1.164s] -- Up-to-date symlink: /home/thezerdas/exomy/exomy_ws/install/exomy_sim/share/exomy_sim/environment/path.sh
[1.165s] -- Up-to-date symlink: /home/thezerdas/exomy/exomy_ws/install/exomy_sim/share/exomy_sim/environment/path.dsv
[1.171s] -- Up-to-date symlink: /home/thezerdas/exomy/exomy_ws/install/exomy_sim/share/exomy_sim/local_setup.bash
[1.172s] -- Up-to-date symlink: /home/thezerdas/exomy/exomy_ws/install/exomy_sim/share/exomy_sim/local_setup.sh
[1.173s] -- Up-to-date symlink: /home/thezerdas/exomy/exomy_ws/install/exomy_sim/share/exomy_sim/local_setup.zsh
[1.174s] -- Up-to-date symlink: /home/thezerdas/exomy/exomy_ws/install/exomy_sim/share/exomy_sim/local_setup.dsv
[1.175s] -- Symlinking: /home/thezerdas/exomy/exomy_ws/install/exomy_sim/share/exomy_sim/package.dsv
[1.237s] -- Up-to-date symlink: /home/thezerdas/exomy/exomy_ws/install/exomy_sim/share/ament_index/resource_index/packages/exomy_sim
[1.237s] -- Up-to-date symlink: /home/thezerdas/exomy/exomy_ws/install/exomy_sim/share/exomy_sim/cmake/exomy_simConfig.cmake
[1.238s] -- Up-to-date symlink: /home/thezerdas/exomy/exomy_ws/install/exomy_sim/share/exomy_sim/cmake/exomy_simConfig-version.cmake
[1.238s] -- Up-to-date symlink: /home/thezerdas/exomy/exomy_ws/install/exomy_sim/share/exomy_sim/package.xml
[1.242s] Invoked command in '/home/thezerdas/exomy/exomy_ws/build/exomy_sim' returned '0': CMAKE_PREFIX_PATH=/home/thezerdas/exomy/exomy_ws/install/exomy_sim_msgs:/home/thezerdas/exomy/exomy_ws/install/exomy_msgs:/home/thezerdas/ros2_ws/install/realsense2_description:/home/thezerdas/ros2_ws/install/realsense2_camera_msgs:/home/thezerdas/exomy/exomy_ws/install/rover_gazebo_plugins:/home/thezerdas/exomy/exomy_ws/install/exomy_sim_launch:/home/thezerdas/exomy/exomy_ws/install/exomy_sim:/home/thezerdas/exomy/exomy_ws/install/depthimage_to_laserscan:/home/thezerdas/exomy/exomy_ws/install/exomy:/opt/ros/foxy LD_LIBRARY_PATH=/home/thezerdas/exomy/exomy_ws/install/exomy_sim_msgs/lib:/home/thezerdas/exomy/exomy_ws/install/exomy_msgs/lib:/home/thezerdas/ros2_ws/install/realsense2_camera_msgs/lib:/home/thezerdas/exomy/exomy_ws/install/rover_gazebo_plugins/lib:/home/thezerdas/exomy/exomy_ws/install/depthimage_to_laserscan/lib:/usr/lib/x86_64-linux-gnu/gazebo-11/plugins:/opt/ros/foxy/opt/yaml_cpp_vendor/lib:/opt/ros/foxy/opt/rviz_ogre_vendor/lib:/opt/ros/foxy/lib/x86_64-linux-gnu:/opt/ros/foxy/lib PYTHONPATH=/home/thezerdas/exomy/exomy_ws/install/exomy_sim_msgs/lib/python3.8/site-packages:/home/thezerdas/exomy/exomy_ws/install/exomy_msgs/lib/python3.8/site-packages:/home/thezerdas/ros2_ws/install/realsense2_camera_msgs/lib/python3.8/site-packages:/home/thezerdas/exomy/exomy_ws/build/exomy:/home/thezerdas/exomy/exomy_ws/install/exomy/lib/python3.8/site-packages:/opt/ros/foxy/lib/python3.8/site-packages /usr/bin/cmake --install /home/thezerdas/exomy/exomy_ws/build/exomy_sim
