[0.037s] Invoking command in '/home/thezerdas/exomy/exomy_ws/build/depthimage_to_laserscan': CMAKE_PREFIX_PATH=${CMAKE_PREFIX_PATH}:/home/thezerdas/exomy/exomy_ws/install/exomy:/opt/ros/foxy /usr/bin/cmake --build /home/thezerdas/exomy/exomy_ws/build/depthimage_to_laserscan -- -j2 -l2
[0.177s] [ 16%] Built target gtest
[0.222s] [ 33%] Built target gtest_main
[0.241s] [ 50%] Built target DepthImageToLaserScan
[0.317s] [ 66%] Built target DepthImageToLaserScanROS
[0.391s] [ 83%] Built target depthimage_to_laserscan-test
[0.428s] [100%] Built target depthimage_to_laserscan_node
[0.481s] Invoked command in '/home/thezerdas/exomy/exomy_ws/build/depthimage_to_laserscan' returned '0': CMAKE_PREFIX_PATH=${CMAKE_PREFIX_PATH}:/home/thezerdas/exomy/exomy_ws/install/exomy:/opt/ros/foxy /usr/bin/cmake --build /home/thezerdas/exomy/exomy_ws/build/depthimage_to_laserscan -- -j2 -l2
[0.565s] Invoking command in '/home/thezerdas/exomy/exomy_ws/build/depthimage_to_laserscan': CMAKE_PREFIX_PATH=${CMAKE_PREFIX_PATH}:/home/thezerdas/exomy/exomy_ws/install/exomy:/opt/ros/foxy /usr/bin/cmake --install /home/thezerdas/exomy/exomy_ws/build/depthimage_to_laserscan
[0.586s] -- Install configuration: ""
[0.590s] -- Execute custom install script
[0.595s] -- Up-to-date symlink: /home/thezerdas/exomy/exomy_ws/install/depthimage_to_laserscan/include/depthimage_to_laserscan/DepthImageToLaserScan.hpp
[0.598s] -- Up-to-date symlink: /home/thezerdas/exomy/exomy_ws/install/depthimage_to_laserscan/include/depthimage_to_laserscan/DepthImageToLaserScanROS.hpp
[0.600s] -- Up-to-date symlink: /home/thezerdas/exomy/exomy_ws/install/depthimage_to_laserscan/include/depthimage_to_laserscan/depth_traits.hpp
[0.605s] -- Up-to-date symlink: /home/thezerdas/exomy/exomy_ws/install/depthimage_to_laserscan/share/depthimage_to_laserscan//launch/depthimage_to_laserscan-launch.py
[0.607s] -- Up-to-date symlink: /home/thezerdas/exomy/exomy_ws/install/depthimage_to_laserscan/share/depthimage_to_laserscan//launch/depthimage_to_laserscan_composed-launch.py
[0.611s] -- Up-to-date symlink: /home/thezerdas/exomy/exomy_ws/install/depthimage_to_laserscan/share/depthimage_to_laserscan//cfg/param.yaml
[0.625s] -- Up-to-date symlink: /home/thezerdas/exomy/exomy_ws/install/depthimage_to_laserscan/lib/libDepthImageToLaserScan.so
[0.629s] -- Up-to-date symlink: /home/thezerdas/exomy/exomy_ws/install/depthimage_to_laserscan/lib/libDepthImageToLaserScanROS.so
[0.632s] -- Up-to-date symlink: /home/thezerdas/exomy/exomy_ws/install/depthimage_to_laserscan/lib/depthimage_to_laserscan/depthimage_to_laserscan_node
[0.634s] -- Up-to-date symlink: /home/thezerdas/exomy/exomy_ws/install/depthimage_to_laserscan/include/depthimage_to_laserscan/DepthImageToLaserScan_export.h
[0.639s] -- Up-to-date symlink: /home/thezerdas/exomy/exomy_ws/install/depthimage_to_laserscan/include/depthimage_to_laserscan/DepthImageToLaserScanROS_export.h
[0.640s] -- Up-to-date symlink: /home/thezerdas/exomy/exomy_ws/install/depthimage_to_laserscan/share/depthimage_to_laserscan/environment/library_path.sh
[0.642s] -- Up-to-date symlink: /home/thezerdas/exomy/exomy_ws/install/depthimage_to_laserscan/share/depthimage_to_laserscan/environment/library_path.dsv
[0.648s] -- Up-to-date symlink: /home/thezerdas/exomy/exomy_ws/install/depthimage_to_laserscan/share/ament_index/resource_index/package_run_dependencies/depthimage_to_laserscan
[0.650s] -- Up-to-date symlink: /home/thezerdas/exomy/exomy_ws/install/depthimage_to_laserscan/share/ament_index/resource_index/parent_prefix_path/depthimage_to_laserscan
[0.652s] -- Up-to-date symlink: /home/thezerdas/exomy/exomy_ws/install/depthimage_to_laserscan/share/depthimage_to_laserscan/environment/ament_prefix_path.sh
[0.653s] -- Up-to-date symlink: /home/thezerdas/exomy/exomy_ws/install/depthimage_to_laserscan/share/depthimage_to_laserscan/environment/ament_prefix_path.dsv
[0.654s] -- Up-to-date symlink: /home/thezerdas/exomy/exomy_ws/install/depthimage_to_laserscan/share/depthimage_to_laserscan/environment/path.sh
[0.656s] -- Up-to-date symlink: /home/thezerdas/exomy/exomy_ws/install/depthimage_to_laserscan/share/depthimage_to_laserscan/environment/path.dsv
[0.659s] -- Up-to-date symlink: /home/thezerdas/exomy/exomy_ws/install/depthimage_to_laserscan/share/depthimage_to_laserscan/local_setup.bash
[0.664s] -- Up-to-date symlink: /home/thezerdas/exomy/exomy_ws/install/depthimage_to_laserscan/share/depthimage_to_laserscan/local_setup.sh
[0.668s] -- Up-to-date symlink: /home/thezerdas/exomy/exomy_ws/install/depthimage_to_laserscan/share/depthimage_to_laserscan/local_setup.zsh
[0.668s] -- Up-to-date symlink: /home/thezerdas/exomy/exomy_ws/install/depthimage_to_laserscan/share/depthimage_to_laserscan/local_setup.dsv
[0.669s] -- Symlinking: /home/thezerdas/exomy/exomy_ws/install/depthimage_to_laserscan/share/depthimage_to_laserscan/package.dsv
[0.703s] -- Up-to-date symlink: /home/thezerdas/exomy/exomy_ws/install/depthimage_to_laserscan/share/ament_index/resource_index/packages/depthimage_to_laserscan
[0.704s] -- Up-to-date symlink: /home/thezerdas/exomy/exomy_ws/install/depthimage_to_laserscan/share/ament_index/resource_index/rclcpp_components/depthimage_to_laserscan
[0.705s] -- Up-to-date symlink: /home/thezerdas/exomy/exomy_ws/install/depthimage_to_laserscan/share/depthimage_to_laserscan/cmake/ament_cmake_export_include_directories-extras.cmake
[0.706s] -- Up-to-date symlink: /home/thezerdas/exomy/exomy_ws/install/depthimage_to_laserscan/share/depthimage_to_laserscan/cmake/ament_cmake_export_libraries-extras.cmake
[0.707s] -- Up-to-date symlink: /home/thezerdas/exomy/exomy_ws/install/depthimage_to_laserscan/share/depthimage_to_laserscan/cmake/depthimage_to_laserscanConfig.cmake
[0.707s] -- Up-to-date symlink: /home/thezerdas/exomy/exomy_ws/install/depthimage_to_laserscan/share/depthimage_to_laserscan/cmake/depthimage_to_laserscanConfig-version.cmake
[0.712s] -- Up-to-date symlink: /home/thezerdas/exomy/exomy_ws/install/depthimage_to_laserscan/share/depthimage_to_laserscan/package.xml
[0.724s] Invoked command in '/home/thezerdas/exomy/exomy_ws/build/depthimage_to_laserscan' returned '0': CMAKE_PREFIX_PATH=${CMAKE_PREFIX_PATH}:/home/thezerdas/exomy/exomy_ws/install/exomy:/opt/ros/foxy /usr/bin/cmake --install /home/thezerdas/exomy/exomy_ws/build/depthimage_to_laserscan
