[0.084s] Invoking command in '/home/thezerdas/exomy/exomy_ws/build/exomy_sim_msgs': CMAKE_PREFIX_PATH=${CMAKE_PREFIX_PATH}:/home/thezerdas/exomy/exomy_ws/install/exomy:/opt/ros/foxy /usr/bin/cmake --build /home/thezerdas/exomy/exomy_ws/build/exomy_sim_msgs -- -j2 -l2
[0.250s] [  2%] Built target exomy_sim_msgs__cpp
[0.276s] [ 12%] Built target exomy_sim_msgs__rosidl_generator_c
[0.352s] [ 23%] Built target exomy_sim_msgs__rosidl_typesupport_introspection_cpp
[0.389s] [ 33%] Built target exomy_sim_msgs__rosidl_typesupport_cpp
[0.495s] [ 43%] Built target exomy_sim_msgs__rosidl_typesupport_introspection_c
[0.538s] [ 53%] Built target exomy_sim_msgs__rosidl_typesupport_fastrtps_cpp
[0.634s] [ 64%] Built target exomy_sim_msgs__rosidl_typesupport_c
[0.636s] [ 74%] Built target exomy_sim_msgs__rosidl_typesupport_fastrtps_c
[0.689s] [ 74%] Built target exomy_sim_msgs
[0.727s] [ 76%] Built target exomy_sim_msgs__py
[0.784s] [ 84%] Built target exomy_sim_msgs__python
[0.895s] [ 89%] Built target exomy_sim_msgs__rosidl_typesupport_introspection_c__pyext
[0.905s] [ 94%] Built target exomy_sim_msgs__rosidl_typesupport_fastrtps_c__pyext
[0.996s] [100%] Built target exomy_sim_msgs__rosidl_typesupport_c__pyext
[1.028s] Invoked command in '/home/thezerdas/exomy/exomy_ws/build/exomy_sim_msgs' returned '0': CMAKE_PREFIX_PATH=${CMAKE_PREFIX_PATH}:/home/thezerdas/exomy/exomy_ws/install/exomy:/opt/ros/foxy /usr/bin/cmake --build /home/thezerdas/exomy/exomy_ws/build/exomy_sim_msgs -- -j2 -l2
[1.345s] Invoking command in '/home/thezerdas/exomy/exomy_ws/build/exomy_sim_msgs': CMAKE_PREFIX_PATH=${CMAKE_PREFIX_PATH}:/home/thezerdas/exomy/exomy_ws/install/exomy:/opt/ros/foxy /usr/bin/cmake --install /home/thezerdas/exomy/exomy_ws/build/exomy_sim_msgs
[1.377s] -- Install configuration: ""
[1.383s] -- Execute custom install script
[1.385s] -- Up-to-date symlink: /home/thezerdas/exomy/exomy_ws/install/exomy_sim_msgs/share/ament_index/resource_index/rosidl_interfaces/exomy_sim_msgs
[1.389s] -- Up-to-date symlink: /home/thezerdas/exomy/exomy_ws/install/exomy_sim_msgs/include/exomy_sim_msgs/msg/detail/joint_command__functions.h
[1.391s] -- Up-to-date symlink: /home/thezerdas/exomy/exomy_ws/install/exomy_sim_msgs/include/exomy_sim_msgs/msg/detail/joint_command__struct.h
[1.393s] -- Up-to-date symlink: /home/thezerdas/exomy/exomy_ws/install/exomy_sim_msgs/include/exomy_sim_msgs/msg/detail/joint_command__type_support.h
[1.401s] -- Up-to-date symlink: /home/thezerdas/exomy/exomy_ws/install/exomy_sim_msgs/include/exomy_sim_msgs/msg/detail/joint_command_array__functions.h
[1.401s] -- Up-to-date symlink: /home/thezerdas/exomy/exomy_ws/install/exomy_sim_msgs/include/exomy_sim_msgs/msg/detail/joint_command_array__struct.h
[1.402s] -- Up-to-date symlink: /home/thezerdas/exomy/exomy_ws/install/exomy_sim_msgs/include/exomy_sim_msgs/msg/detail/joint_command_array__type_support.h
[1.404s] -- Up-to-date symlink: /home/thezerdas/exomy/exomy_ws/install/exomy_sim_msgs/include/exomy_sim_msgs/msg/joint_command.h
[1.405s] -- Up-to-date symlink: /home/thezerdas/exomy/exomy_ws/install/exomy_sim_msgs/include/exomy_sim_msgs/msg/joint_command_array.h
[1.407s] -- Up-to-date symlink: /home/thezerdas/exomy/exomy_ws/install/exomy_sim_msgs/include/exomy_sim_msgs/msg/rosidl_generator_c__visibility_control.h
[1.409s] -- Up-to-date symlink: /home/thezerdas/exomy/exomy_ws/install/exomy_sim_msgs/share/exomy_sim_msgs/environment/library_path.sh
[1.412s] -- Up-to-date symlink: /home/thezerdas/exomy/exomy_ws/install/exomy_sim_msgs/share/exomy_sim_msgs/environment/library_path.dsv
[1.417s] -- Up-to-date symlink: /home/thezerdas/exomy/exomy_ws/install/exomy_sim_msgs/include/exomy_sim_msgs/msg/detail/joint_command__rosidl_typesupport_fastrtps_c.h
[1.419s] -- Up-to-date symlink: /home/thezerdas/exomy/exomy_ws/install/exomy_sim_msgs/include/exomy_sim_msgs/msg/detail/joint_command_array__rosidl_typesupport_fastrtps_c.h
[1.419s] -- Up-to-date symlink: /home/thezerdas/exomy/exomy_ws/install/exomy_sim_msgs/include/exomy_sim_msgs/msg/rosidl_typesupport_fastrtps_c__visibility_control.h
[1.422s] -- Up-to-date symlink: /home/thezerdas/exomy/exomy_ws/install/exomy_sim_msgs/lib/libexomy_sim_msgs__rosidl_typesupport_fastrtps_c.so
[1.425s] -- Up-to-date symlink: /home/thezerdas/exomy/exomy_ws/install/exomy_sim_msgs/include/exomy_sim_msgs/msg/detail/joint_command__rosidl_typesupport_fastrtps_cpp.hpp
[1.425s] -- Up-to-date symlink: /home/thezerdas/exomy/exomy_ws/install/exomy_sim_msgs/include/exomy_sim_msgs/msg/detail/joint_command_array__rosidl_typesupport_fastrtps_cpp.hpp
[1.426s] -- Up-to-date symlink: /home/thezerdas/exomy/exomy_ws/install/exomy_sim_msgs/include/exomy_sim_msgs/msg/rosidl_typesupport_fastrtps_cpp__visibility_control.h
[1.428s] -- Up-to-date symlink: /home/thezerdas/exomy/exomy_ws/install/exomy_sim_msgs/lib/libexomy_sim_msgs__rosidl_typesupport_fastrtps_cpp.so
[1.432s] -- Up-to-date symlink: /home/thezerdas/exomy/exomy_ws/install/exomy_sim_msgs/include/exomy_sim_msgs/msg/detail/joint_command__rosidl_typesupport_introspection_c.h
[1.432s] -- Up-to-date symlink: /home/thezerdas/exomy/exomy_ws/install/exomy_sim_msgs/include/exomy_sim_msgs/msg/detail/joint_command_array__rosidl_typesupport_introspection_c.h
[1.434s] -- Up-to-date symlink: /home/thezerdas/exomy/exomy_ws/install/exomy_sim_msgs/include/exomy_sim_msgs/msg/rosidl_typesupport_introspection_c__visibility_control.h
[1.436s] -- Up-to-date symlink: /home/thezerdas/exomy/exomy_ws/install/exomy_sim_msgs/include/exomy_sim_msgs/msg/detail/joint_command__builder.hpp
[1.437s] -- Up-to-date symlink: /home/thezerdas/exomy/exomy_ws/install/exomy_sim_msgs/include/exomy_sim_msgs/msg/detail/joint_command__struct.hpp
[1.438s] -- Up-to-date symlink: /home/thezerdas/exomy/exomy_ws/install/exomy_sim_msgs/include/exomy_sim_msgs/msg/detail/joint_command__traits.hpp
[1.439s] -- Up-to-date symlink: /home/thezerdas/exomy/exomy_ws/install/exomy_sim_msgs/include/exomy_sim_msgs/msg/detail/joint_command_array__builder.hpp
[1.440s] -- Up-to-date symlink: /home/thezerdas/exomy/exomy_ws/install/exomy_sim_msgs/include/exomy_sim_msgs/msg/detail/joint_command_array__struct.hpp
[1.441s] -- Up-to-date symlink: /home/thezerdas/exomy/exomy_ws/install/exomy_sim_msgs/include/exomy_sim_msgs/msg/detail/joint_command_array__traits.hpp
[1.442s] -- Up-to-date symlink: /home/thezerdas/exomy/exomy_ws/install/exomy_sim_msgs/include/exomy_sim_msgs/msg/joint_command.hpp
[1.443s] -- Up-to-date symlink: /home/thezerdas/exomy/exomy_ws/install/exomy_sim_msgs/include/exomy_sim_msgs/msg/joint_command_array.hpp
[1.446s] -- Up-to-date symlink: /home/thezerdas/exomy/exomy_ws/install/exomy_sim_msgs/include/exomy_sim_msgs/msg/detail/joint_command__rosidl_typesupport_introspection_cpp.hpp
[1.447s] -- Up-to-date symlink: /home/thezerdas/exomy/exomy_ws/install/exomy_sim_msgs/include/exomy_sim_msgs/msg/detail/joint_command_array__rosidl_typesupport_introspection_cpp.hpp
[1.455s] -- Up-to-date symlink: /home/thezerdas/exomy/exomy_ws/install/exomy_sim_msgs/share/exomy_sim_msgs/environment/pythonpath.sh
[1.455s] -- Up-to-date symlink: /home/thezerdas/exomy/exomy_ws/install/exomy_sim_msgs/share/exomy_sim_msgs/environment/pythonpath.dsv
[1.456s] -- Up-to-date symlink: /home/thezerdas/exomy/exomy_ws/install/exomy_sim_msgs/lib/python3.8/site-packages/exomy_sim_msgs/__init__.py
[1.457s] -- Up-to-date symlink: /home/thezerdas/exomy/exomy_ws/install/exomy_sim_msgs/lib/python3.8/site-packages/exomy_sim_msgs/msg/__init__.py
[1.458s] -- Up-to-date symlink: /home/thezerdas/exomy/exomy_ws/install/exomy_sim_msgs/lib/python3.8/site-packages/exomy_sim_msgs/msg/_joint_command.py
[1.459s] -- Up-to-date symlink: /home/thezerdas/exomy/exomy_ws/install/exomy_sim_msgs/lib/python3.8/site-packages/exomy_sim_msgs/msg/_joint_command_array.py
[1.460s] -- Up-to-date symlink: /home/thezerdas/exomy/exomy_ws/install/exomy_sim_msgs/lib/python3.8/site-packages/exomy_sim_msgs/exomy_sim_msgs_s__rosidl_typesupport_fastrtps_c.cpython-38-x86_64-linux-gnu.so
[1.461s] -- Up-to-date symlink: /home/thezerdas/exomy/exomy_ws/install/exomy_sim_msgs/lib/python3.8/site-packages/exomy_sim_msgs/exomy_sim_msgs_s__rosidl_typesupport_introspection_c.cpython-38-x86_64-linux-gnu.so
[1.462s] -- Up-to-date symlink: /home/thezerdas/exomy/exomy_ws/install/exomy_sim_msgs/lib/python3.8/site-packages/exomy_sim_msgs/exomy_sim_msgs_s__rosidl_typesupport_c.cpython-38-x86_64-linux-gnu.so
[1.464s] -- Up-to-date symlink: /home/thezerdas/exomy/exomy_ws/install/exomy_sim_msgs/lib/libexomy_sim_msgs__python.so
[1.470s] -- Up-to-date symlink: /home/thezerdas/exomy/exomy_ws/install/exomy_sim_msgs/share/exomy_sim_msgs/msg/JointCommand.idl
[1.471s] -- Up-to-date symlink: /home/thezerdas/exomy/exomy_ws/install/exomy_sim_msgs/share/exomy_sim_msgs/msg/JointCommandArray.idl
[1.472s] -- Up-to-date symlink: /home/thezerdas/exomy/exomy_ws/install/exomy_sim_msgs/share/exomy_sim_msgs/msg/JointCommand.msg
[1.474s] -- Up-to-date symlink: /home/thezerdas/exomy/exomy_ws/install/exomy_sim_msgs/share/exomy_sim_msgs/msg/JointCommandArray.msg
[1.476s] -- Up-to-date symlink: /home/thezerdas/exomy/exomy_ws/install/exomy_sim_msgs/share/ament_index/resource_index/package_run_dependencies/exomy_sim_msgs
[1.477s] -- Up-to-date symlink: /home/thezerdas/exomy/exomy_ws/install/exomy_sim_msgs/share/ament_index/resource_index/parent_prefix_path/exomy_sim_msgs
[1.479s] -- Up-to-date symlink: /home/thezerdas/exomy/exomy_ws/install/exomy_sim_msgs/share/exomy_sim_msgs/environment/ament_prefix_path.sh
[1.483s] -- Up-to-date symlink: /home/thezerdas/exomy/exomy_ws/install/exomy_sim_msgs/share/exomy_sim_msgs/environment/ament_prefix_path.dsv
[1.484s] -- Up-to-date symlink: /home/thezerdas/exomy/exomy_ws/install/exomy_sim_msgs/share/exomy_sim_msgs/environment/path.sh
[1.486s] -- Up-to-date symlink: /home/thezerdas/exomy/exomy_ws/install/exomy_sim_msgs/share/exomy_sim_msgs/environment/path.dsv
[1.488s] -- Up-to-date symlink: /home/thezerdas/exomy/exomy_ws/install/exomy_sim_msgs/share/exomy_sim_msgs/local_setup.bash
[1.489s] -- Up-to-date symlink: /home/thezerdas/exomy/exomy_ws/install/exomy_sim_msgs/share/exomy_sim_msgs/local_setup.sh
[1.491s] -- Up-to-date symlink: /home/thezerdas/exomy/exomy_ws/install/exomy_sim_msgs/share/exomy_sim_msgs/local_setup.zsh
[1.492s] -- Up-to-date symlink: /home/thezerdas/exomy/exomy_ws/install/exomy_sim_msgs/share/exomy_sim_msgs/local_setup.dsv
[1.494s] -- Symlinking: /home/thezerdas/exomy/exomy_ws/install/exomy_sim_msgs/share/exomy_sim_msgs/package.dsv
[1.513s] -- Up-to-date symlink: /home/thezerdas/exomy/exomy_ws/install/exomy_sim_msgs/share/ament_index/resource_index/packages/exomy_sim_msgs
[1.515s] -- Up-to-date symlink: /home/thezerdas/exomy/exomy_ws/install/exomy_sim_msgs/share/exomy_sim_msgs/cmake/rosidl_cmake-extras.cmake
[1.515s] -- Up-to-date symlink: /home/thezerdas/exomy/exomy_ws/install/exomy_sim_msgs/share/exomy_sim_msgs/cmake/ament_cmake_export_dependencies-extras.cmake
[1.516s] -- Up-to-date symlink: /home/thezerdas/exomy/exomy_ws/install/exomy_sim_msgs/share/exomy_sim_msgs/cmake/ament_cmake_export_libraries-extras.cmake
[1.517s] -- Up-to-date symlink: /home/thezerdas/exomy/exomy_ws/install/exomy_sim_msgs/share/exomy_sim_msgs/cmake/ament_cmake_export_targets-extras.cmake
[1.517s] -- Up-to-date symlink: /home/thezerdas/exomy/exomy_ws/install/exomy_sim_msgs/share/exomy_sim_msgs/cmake/ament_cmake_export_include_directories-extras.cmake
[1.518s] -- Up-to-date symlink: /home/thezerdas/exomy/exomy_ws/install/exomy_sim_msgs/share/exomy_sim_msgs/cmake/rosidl_cmake_export_typesupport_libraries-extras.cmake
[1.519s] -- Up-to-date symlink: /home/thezerdas/exomy/exomy_ws/install/exomy_sim_msgs/share/exomy_sim_msgs/cmake/rosidl_cmake_export_typesupport_targets-extras.cmake
[1.520s] -- Up-to-date symlink: /home/thezerdas/exomy/exomy_ws/install/exomy_sim_msgs/share/exomy_sim_msgs/cmake/exomy_sim_msgsConfig.cmake
[1.520s] -- Up-to-date symlink: /home/thezerdas/exomy/exomy_ws/install/exomy_sim_msgs/share/exomy_sim_msgs/cmake/exomy_sim_msgsConfig-version.cmake
[1.521s] -- Up-to-date symlink: /home/thezerdas/exomy/exomy_ws/install/exomy_sim_msgs/share/exomy_sim_msgs/package.xml
[1.522s] -- Up-to-date: /home/thezerdas/exomy/exomy_ws/install/exomy_sim_msgs/lib/libexomy_sim_msgs__rosidl_generator_c.so
[1.522s] -- Up-to-date: /home/thezerdas/exomy/exomy_ws/install/exomy_sim_msgs/lib/libexomy_sim_msgs__rosidl_typesupport_introspection_c.so
[1.523s] -- Up-to-date: /home/thezerdas/exomy/exomy_ws/install/exomy_sim_msgs/lib/libexomy_sim_msgs__rosidl_typesupport_c.so
[1.524s] -- Up-to-date: /home/thezerdas/exomy/exomy_ws/install/exomy_sim_msgs/lib/libexomy_sim_msgs__rosidl_typesupport_introspection_cpp.so
[1.525s] -- Up-to-date: /home/thezerdas/exomy/exomy_ws/install/exomy_sim_msgs/lib/libexomy_sim_msgs__rosidl_typesupport_cpp.so
[1.646s] -- Up-to-date: /home/thezerdas/exomy/exomy_ws/install/exomy_sim_msgs/share/exomy_sim_msgs/cmake/exomy_sim_msgs__rosidl_generator_cExport.cmake
[1.647s] -- Up-to-date: /home/thezerdas/exomy/exomy_ws/install/exomy_sim_msgs/share/exomy_sim_msgs/cmake/exomy_sim_msgs__rosidl_generator_cExport-noconfig.cmake
[1.647s] -- Up-to-date: /home/thezerdas/exomy/exomy_ws/install/exomy_sim_msgs/share/exomy_sim_msgs/cmake/exomy_sim_msgs__rosidl_typesupport_introspection_cExport.cmake
[1.647s] -- Up-to-date: /home/thezerdas/exomy/exomy_ws/install/exomy_sim_msgs/share/exomy_sim_msgs/cmake/exomy_sim_msgs__rosidl_typesupport_introspection_cExport-noconfig.cmake
[1.648s] -- Up-to-date: /home/thezerdas/exomy/exomy_ws/install/exomy_sim_msgs/share/exomy_sim_msgs/cmake/exomy_sim_msgs__rosidl_typesupport_cExport.cmake
[1.648s] -- Up-to-date: /home/thezerdas/exomy/exomy_ws/install/exomy_sim_msgs/share/exomy_sim_msgs/cmake/exomy_sim_msgs__rosidl_typesupport_cExport-noconfig.cmake
[1.648s] -- Up-to-date: /home/thezerdas/exomy/exomy_ws/install/exomy_sim_msgs/share/exomy_sim_msgs/cmake/exomy_sim_msgs__rosidl_generator_cppExport.cmake
[1.648s] -- Up-to-date: /home/thezerdas/exomy/exomy_ws/install/exomy_sim_msgs/share/exomy_sim_msgs/cmake/exomy_sim_msgs__rosidl_typesupport_introspection_cppExport.cmake
[1.648s] -- Up-to-date: /home/thezerdas/exomy/exomy_ws/install/exomy_sim_msgs/share/exomy_sim_msgs/cmake/exomy_sim_msgs__rosidl_typesupport_introspection_cppExport-noconfig.cmake
[1.649s] -- Up-to-date: /home/thezerdas/exomy/exomy_ws/install/exomy_sim_msgs/share/exomy_sim_msgs/cmake/exomy_sim_msgs__rosidl_typesupport_cppExport.cmake
[1.649s] -- Up-to-date: /home/thezerdas/exomy/exomy_ws/install/exomy_sim_msgs/share/exomy_sim_msgs/cmake/exomy_sim_msgs__rosidl_typesupport_cppExport-noconfig.cmake
[1.655s] Invoked command in '/home/thezerdas/exomy/exomy_ws/build/exomy_sim_msgs' returned '0': CMAKE_PREFIX_PATH=${CMAKE_PREFIX_PATH}:/home/thezerdas/exomy/exomy_ws/install/exomy:/opt/ros/foxy /usr/bin/cmake --install /home/thezerdas/exomy/exomy_ws/build/exomy_sim_msgs
