[ 10%] Built target exomy_msgs__rosidl_generator_c
[ 12%] Built target exomy_msgs__cpp
[ 31%] Built target exomy_msgs__rosidl_typesupport_introspection_c
[ 34%] Built target exomy_msgs__rosidl_typesupport_c
[ 44%] Built target exomy_msgs__rosidl_typesupport_introspection_cpp
[ 55%] Built target exomy_msgs__rosidl_typesupport_fastrtps_cpp
[ 65%] Built target exomy_msgs__rosidl_typesupport_cpp
[ 76%] Built target exomy_msgs__rosidl_typesupport_fastrtps_c
[ 76%] Built target exomy_msgs
[ 78%] Built target exomy_msgs__py
[ 87%] Built target exomy_msgs__python
[ 91%] Built target exomy_msgs__rosidl_typesupport_c__pyext
[ 95%] Built target exomy_msgs__rosidl_typesupport_introspection_c__pyext
[100%] Built target exomy_msgs__rosidl_typesupport_fastrtps_c__pyext
-- Install configuration: ""
-- Execute custom install script
-- Up-to-date symlink: /home/thezerdas/exomy/exomy_ws/install/exomy_msgs/share/ament_index/resource_index/rosidl_interfaces/exomy_msgs
-- Up-to-date symlink: /home/thezerdas/exomy/exomy_ws/install/exomy_msgs/include/exomy_msgs/msg/detail/motor_commands__functions.h
-- Up-to-date symlink: /home/thezerdas/exomy/exomy_ws/install/exomy_msgs/include/exomy_msgs/msg/detail/motor_commands__struct.h
-- Up-to-date symlink: /home/thezerdas/exomy/exomy_ws/install/exomy_msgs/include/exomy_msgs/msg/detail/motor_commands__type_support.h
-- Up-to-date symlink: /home/thezerdas/exomy/exomy_ws/install/exomy_msgs/include/exomy_msgs/msg/detail/rover_command__functions.h
-- Up-to-date symlink: /home/thezerdas/exomy/exomy_ws/install/exomy_msgs/include/exomy_msgs/msg/detail/rover_command__struct.h
-- Up-to-date symlink: /home/thezerdas/exomy/exomy_ws/install/exomy_msgs/include/exomy_msgs/msg/detail/rover_command__type_support.h
-- Up-to-date symlink: /home/thezerdas/exomy/exomy_ws/install/exomy_msgs/include/exomy_msgs/msg/detail/screen__functions.h
-- Up-to-date symlink: /home/thezerdas/exomy/exomy_ws/install/exomy_msgs/include/exomy_msgs/msg/detail/screen__struct.h
-- Up-to-date symlink: /home/thezerdas/exomy/exomy_ws/install/exomy_msgs/include/exomy_msgs/msg/detail/screen__type_support.h
-- Up-to-date symlink: /home/thezerdas/exomy/exomy_ws/install/exomy_msgs/include/exomy_msgs/msg/motor_commands.h
-- Up-to-date symlink: /home/thezerdas/exomy/exomy_ws/install/exomy_msgs/include/exomy_msgs/msg/rosidl_generator_c__visibility_control.h
-- Up-to-date symlink: /home/thezerdas/exomy/exomy_ws/install/exomy_msgs/include/exomy_msgs/msg/rover_command.h
-- Up-to-date symlink: /home/thezerdas/exomy/exomy_ws/install/exomy_msgs/include/exomy_msgs/msg/screen.h
-- Up-to-date symlink: /home/thezerdas/exomy/exomy_ws/install/exomy_msgs/share/exomy_msgs/environment/library_path.sh
-- Up-to-date symlink: /home/thezerdas/exomy/exomy_ws/install/exomy_msgs/share/exomy_msgs/environment/library_path.dsv
-- Up-to-date symlink: /home/thezerdas/exomy/exomy_ws/install/exomy_msgs/include/exomy_msgs/msg/detail/motor_commands__rosidl_typesupport_fastrtps_c.h
-- Up-to-date symlink: /home/thezerdas/exomy/exomy_ws/install/exomy_msgs/include/exomy_msgs/msg/detail/rover_command__rosidl_typesupport_fastrtps_c.h
-- Up-to-date symlink: /home/thezerdas/exomy/exomy_ws/install/exomy_msgs/include/exomy_msgs/msg/detail/screen__rosidl_typesupport_fastrtps_c.h
-- Up-to-date symlink: /home/thezerdas/exomy/exomy_ws/install/exomy_msgs/include/exomy_msgs/msg/rosidl_typesupport_fastrtps_c__visibility_control.h
-- Up-to-date symlink: /home/thezerdas/exomy/exomy_ws/install/exomy_msgs/lib/libexomy_msgs__rosidl_typesupport_fastrtps_c.so
-- Up-to-date symlink: /home/thezerdas/exomy/exomy_ws/install/exomy_msgs/include/exomy_msgs/msg/detail/motor_commands__rosidl_typesupport_fastrtps_cpp.hpp
-- Up-to-date symlink: /home/thezerdas/exomy/exomy_ws/install/exomy_msgs/include/exomy_msgs/msg/detail/rover_command__rosidl_typesupport_fastrtps_cpp.hpp
-- Up-to-date symlink: /home/thezerdas/exomy/exomy_ws/install/exomy_msgs/include/exomy_msgs/msg/detail/screen__rosidl_typesupport_fastrtps_cpp.hpp
-- Up-to-date symlink: /home/thezerdas/exomy/exomy_ws/install/exomy_msgs/include/exomy_msgs/msg/rosidl_typesupport_fastrtps_cpp__visibility_control.h
-- Up-to-date symlink: /home/thezerdas/exomy/exomy_ws/install/exomy_msgs/lib/libexomy_msgs__rosidl_typesupport_fastrtps_cpp.so
-- Up-to-date symlink: /home/thezerdas/exomy/exomy_ws/install/exomy_msgs/include/exomy_msgs/msg/detail/motor_commands__rosidl_typesupport_introspection_c.h
-- Up-to-date symlink: /home/thezerdas/exomy/exomy_ws/install/exomy_msgs/include/exomy_msgs/msg/detail/rover_command__rosidl_typesupport_introspection_c.h
-- Up-to-date symlink: /home/thezerdas/exomy/exomy_ws/install/exomy_msgs/include/exomy_msgs/msg/detail/screen__rosidl_typesupport_introspection_c.h
-- Up-to-date symlink: /home/thezerdas/exomy/exomy_ws/install/exomy_msgs/include/exomy_msgs/msg/rosidl_typesupport_introspection_c__visibility_control.h
-- Up-to-date symlink: /home/thezerdas/exomy/exomy_ws/install/exomy_msgs/include/exomy_msgs/msg/detail/motor_commands__builder.hpp
-- Up-to-date symlink: /home/thezerdas/exomy/exomy_ws/install/exomy_msgs/include/exomy_msgs/msg/detail/motor_commands__struct.hpp
-- Up-to-date symlink: /home/thezerdas/exomy/exomy_ws/install/exomy_msgs/include/exomy_msgs/msg/detail/motor_commands__traits.hpp
-- Up-to-date symlink: /home/thezerdas/exomy/exomy_ws/install/exomy_msgs/include/exomy_msgs/msg/detail/rover_command__builder.hpp
-- Up-to-date symlink: /home/thezerdas/exomy/exomy_ws/install/exomy_msgs/include/exomy_msgs/msg/detail/rover_command__struct.hpp
-- Up-to-date symlink: /home/thezerdas/exomy/exomy_ws/install/exomy_msgs/include/exomy_msgs/msg/detail/rover_command__traits.hpp
-- Up-to-date symlink: /home/thezerdas/exomy/exomy_ws/install/exomy_msgs/include/exomy_msgs/msg/detail/screen__builder.hpp
-- Up-to-date symlink: /home/thezerdas/exomy/exomy_ws/install/exomy_msgs/include/exomy_msgs/msg/detail/screen__struct.hpp
-- Up-to-date symlink: /home/thezerdas/exomy/exomy_ws/install/exomy_msgs/include/exomy_msgs/msg/detail/screen__traits.hpp
-- Up-to-date symlink: /home/thezerdas/exomy/exomy_ws/install/exomy_msgs/include/exomy_msgs/msg/motor_commands.hpp
-- Up-to-date symlink: /home/thezerdas/exomy/exomy_ws/install/exomy_msgs/include/exomy_msgs/msg/rover_command.hpp
-- Up-to-date symlink: /home/thezerdas/exomy/exomy_ws/install/exomy_msgs/include/exomy_msgs/msg/screen.hpp
-- Up-to-date symlink: /home/thezerdas/exomy/exomy_ws/install/exomy_msgs/include/exomy_msgs/msg/detail/motor_commands__rosidl_typesupport_introspection_cpp.hpp
-- Up-to-date symlink: /home/thezerdas/exomy/exomy_ws/install/exomy_msgs/include/exomy_msgs/msg/detail/rover_command__rosidl_typesupport_introspection_cpp.hpp
-- Up-to-date symlink: /home/thezerdas/exomy/exomy_ws/install/exomy_msgs/include/exomy_msgs/msg/detail/screen__rosidl_typesupport_introspection_cpp.hpp
-- Up-to-date symlink: /home/thezerdas/exomy/exomy_ws/install/exomy_msgs/share/exomy_msgs/environment/pythonpath.sh
-- Up-to-date symlink: /home/thezerdas/exomy/exomy_ws/install/exomy_msgs/share/exomy_msgs/environment/pythonpath.dsv
-- Up-to-date symlink: /home/thezerdas/exomy/exomy_ws/install/exomy_msgs/lib/python3.8/site-packages/exomy_msgs/__init__.py
-- Up-to-date symlink: /home/thezerdas/exomy/exomy_ws/install/exomy_msgs/lib/python3.8/site-packages/exomy_msgs/msg/__init__.py
-- Up-to-date symlink: /home/thezerdas/exomy/exomy_ws/install/exomy_msgs/lib/python3.8/site-packages/exomy_msgs/msg/_motor_commands.py
-- Up-to-date symlink: /home/thezerdas/exomy/exomy_ws/install/exomy_msgs/lib/python3.8/site-packages/exomy_msgs/msg/_rover_command.py
-- Up-to-date symlink: /home/thezerdas/exomy/exomy_ws/install/exomy_msgs/lib/python3.8/site-packages/exomy_msgs/msg/_screen.py
-- Up-to-date symlink: /home/thezerdas/exomy/exomy_ws/install/exomy_msgs/lib/python3.8/site-packages/exomy_msgs/exomy_msgs_s__rosidl_typesupport_fastrtps_c.cpython-38-x86_64-linux-gnu.so
-- Up-to-date symlink: /home/thezerdas/exomy/exomy_ws/install/exomy_msgs/lib/python3.8/site-packages/exomy_msgs/exomy_msgs_s__rosidl_typesupport_introspection_c.cpython-38-x86_64-linux-gnu.so
-- Up-to-date symlink: /home/thezerdas/exomy/exomy_ws/install/exomy_msgs/lib/python3.8/site-packages/exomy_msgs/exomy_msgs_s__rosidl_typesupport_c.cpython-38-x86_64-linux-gnu.so
-- Up-to-date symlink: /home/thezerdas/exomy/exomy_ws/install/exomy_msgs/lib/libexomy_msgs__python.so
-- Up-to-date symlink: /home/thezerdas/exomy/exomy_ws/install/exomy_msgs/share/exomy_msgs/msg/MotorCommands.idl
-- Up-to-date symlink: /home/thezerdas/exomy/exomy_ws/install/exomy_msgs/share/exomy_msgs/msg/RoverCommand.idl
-- Up-to-date symlink: /home/thezerdas/exomy/exomy_ws/install/exomy_msgs/share/exomy_msgs/msg/Screen.idl
-- Up-to-date symlink: /home/thezerdas/exomy/exomy_ws/install/exomy_msgs/share/exomy_msgs/msg/MotorCommands.msg
-- Up-to-date symlink: /home/thezerdas/exomy/exomy_ws/install/exomy_msgs/share/exomy_msgs/msg/RoverCommand.msg
-- Up-to-date symlink: /home/thezerdas/exomy/exomy_ws/install/exomy_msgs/share/exomy_msgs/msg/Screen.msg
-- Up-to-date symlink: /home/thezerdas/exomy/exomy_ws/install/exomy_msgs/share/ament_index/resource_index/package_run_dependencies/exomy_msgs
-- Up-to-date symlink: /home/thezerdas/exomy/exomy_ws/install/exomy_msgs/share/ament_index/resource_index/parent_prefix_path/exomy_msgs
-- Up-to-date symlink: /home/thezerdas/exomy/exomy_ws/install/exomy_msgs/share/exomy_msgs/environment/ament_prefix_path.sh
-- Up-to-date symlink: /home/thezerdas/exomy/exomy_ws/install/exomy_msgs/share/exomy_msgs/environment/ament_prefix_path.dsv
-- Up-to-date symlink: /home/thezerdas/exomy/exomy_ws/install/exomy_msgs/share/exomy_msgs/environment/path.sh
-- Up-to-date symlink: /home/thezerdas/exomy/exomy_ws/install/exomy_msgs/share/exomy_msgs/environment/path.dsv
-- Up-to-date symlink: /home/thezerdas/exomy/exomy_ws/install/exomy_msgs/share/exomy_msgs/local_setup.bash
-- Up-to-date symlink: /home/thezerdas/exomy/exomy_ws/install/exomy_msgs/share/exomy_msgs/local_setup.sh
-- Up-to-date symlink: /home/thezerdas/exomy/exomy_ws/install/exomy_msgs/share/exomy_msgs/local_setup.zsh
-- Up-to-date symlink: /home/thezerdas/exomy/exomy_ws/install/exomy_msgs/share/exomy_msgs/local_setup.dsv
-- Symlinking: /home/thezerdas/exomy/exomy_ws/install/exomy_msgs/share/exomy_msgs/package.dsv
-- Up-to-date symlink: /home/thezerdas/exomy/exomy_ws/install/exomy_msgs/share/ament_index/resource_index/packages/exomy_msgs
-- Up-to-date symlink: /home/thezerdas/exomy/exomy_ws/install/exomy_msgs/share/exomy_msgs/cmake/rosidl_cmake-extras.cmake
-- Up-to-date symlink: /home/thezerdas/exomy/exomy_ws/install/exomy_msgs/share/exomy_msgs/cmake/ament_cmake_export_dependencies-extras.cmake
-- Up-to-date symlink: /home/thezerdas/exomy/exomy_ws/install/exomy_msgs/share/exomy_msgs/cmake/ament_cmake_export_libraries-extras.cmake
-- Up-to-date symlink: /home/thezerdas/exomy/exomy_ws/install/exomy_msgs/share/exomy_msgs/cmake/ament_cmake_export_targets-extras.cmake
-- Up-to-date symlink: /home/thezerdas/exomy/exomy_ws/install/exomy_msgs/share/exomy_msgs/cmake/ament_cmake_export_include_directories-extras.cmake
-- Up-to-date symlink: /home/thezerdas/exomy/exomy_ws/install/exomy_msgs/share/exomy_msgs/cmake/rosidl_cmake_export_typesupport_libraries-extras.cmake
-- Up-to-date symlink: /home/thezerdas/exomy/exomy_ws/install/exomy_msgs/share/exomy_msgs/cmake/rosidl_cmake_export_typesupport_targets-extras.cmake
-- Up-to-date symlink: /home/thezerdas/exomy/exomy_ws/install/exomy_msgs/share/exomy_msgs/cmake/exomy_msgsConfig.cmake
-- Up-to-date symlink: /home/thezerdas/exomy/exomy_ws/install/exomy_msgs/share/exomy_msgs/cmake/exomy_msgsConfig-version.cmake
-- Up-to-date symlink: /home/thezerdas/exomy/exomy_ws/install/exomy_msgs/share/exomy_msgs/package.xml
-- Up-to-date: /home/thezerdas/exomy/exomy_ws/install/exomy_msgs/lib/libexomy_msgs__rosidl_generator_c.so
-- Up-to-date: /home/thezerdas/exomy/exomy_ws/install/exomy_msgs/lib/libexomy_msgs__rosidl_typesupport_introspection_c.so
-- Up-to-date: /home/thezerdas/exomy/exomy_ws/install/exomy_msgs/lib/libexomy_msgs__rosidl_typesupport_c.so
-- Up-to-date: /home/thezerdas/exomy/exomy_ws/install/exomy_msgs/lib/libexomy_msgs__rosidl_typesupport_introspection_cpp.so
-- Up-to-date: /home/thezerdas/exomy/exomy_ws/install/exomy_msgs/lib/libexomy_msgs__rosidl_typesupport_cpp.so
-- Up-to-date: /home/thezerdas/exomy/exomy_ws/install/exomy_msgs/share/exomy_msgs/cmake/exomy_msgs__rosidl_generator_cExport.cmake
-- Up-to-date: /home/thezerdas/exomy/exomy_ws/install/exomy_msgs/share/exomy_msgs/cmake/exomy_msgs__rosidl_generator_cExport-noconfig.cmake
-- Up-to-date: /home/thezerdas/exomy/exomy_ws/install/exomy_msgs/share/exomy_msgs/cmake/exomy_msgs__rosidl_typesupport_introspection_cExport.cmake
-- Up-to-date: /home/thezerdas/exomy/exomy_ws/install/exomy_msgs/share/exomy_msgs/cmake/exomy_msgs__rosidl_typesupport_introspection_cExport-noconfig.cmake
-- Up-to-date: /home/thezerdas/exomy/exomy_ws/install/exomy_msgs/share/exomy_msgs/cmake/exomy_msgs__rosidl_typesupport_cExport.cmake
-- Up-to-date: /home/thezerdas/exomy/exomy_ws/install/exomy_msgs/share/exomy_msgs/cmake/exomy_msgs__rosidl_typesupport_cExport-noconfig.cmake
-- Up-to-date: /home/thezerdas/exomy/exomy_ws/install/exomy_msgs/share/exomy_msgs/cmake/exomy_msgs__rosidl_generator_cppExport.cmake
-- Up-to-date: /home/thezerdas/exomy/exomy_ws/install/exomy_msgs/share/exomy_msgs/cmake/exomy_msgs__rosidl_typesupport_introspection_cppExport.cmake
-- Up-to-date: /home/thezerdas/exomy/exomy_ws/install/exomy_msgs/share/exomy_msgs/cmake/exomy_msgs__rosidl_typesupport_introspection_cppExport-noconfig.cmake
-- Up-to-date: /home/thezerdas/exomy/exomy_ws/install/exomy_msgs/share/exomy_msgs/cmake/exomy_msgs__rosidl_typesupport_cppExport.cmake
-- Up-to-date: /home/thezerdas/exomy/exomy_ws/install/exomy_msgs/share/exomy_msgs/cmake/exomy_msgs__rosidl_typesupport_cppExport-noconfig.cmake
