[0.122s] Invoking command in '/home/thezerdas/exomy/exomy_ws/build/depthimage_to_laserscan': CMAKE_PREFIX_PATH=${CMAKE_PREFIX_PATH}:/home/thezerdas/exomy/exomy_ws/install/exomy:/opt/ros/foxy /usr/bin/cmake --build /home/thezerdas/exomy/exomy_ws/build/depthimage_to_laserscan -- -j2 -l2
[0.283s] [ 16%] Built target DepthImageToLaserScan
[0.300s] [ 33%] Built target gtest
[0.368s] [ 50%] Built target gtest_main
[0.410s] [ 66%] Built target DepthImageToLaserScanROS
[0.440s] [ 83%] Built target depthimage_to_laserscan-test
[0.527s] [100%] Built target depthimage_to_laserscan_node
[0.796s] Invoked command in '/home/thezerdas/exomy/exomy_ws/build/depthimage_to_laserscan' returned '0': CMAKE_PREFIX_PATH=${CMAKE_PREFIX_PATH}:/home/thezerdas/exomy/exomy_ws/install/exomy:/opt/ros/foxy /usr/bin/cmake --build /home/thezerdas/exomy/exomy_ws/build/depthimage_to_laserscan -- -j2 -l2
[0.876s] Invoking command in '/home/thezerdas/exomy/exomy_ws/build/depthimage_to_laserscan': CMAKE_PREFIX_PATH=${CMAKE_PREFIX_PATH}:/home/thezerdas/exomy/exomy_ws/install/exomy:/opt/ros/foxy /usr/bin/cmake --install /home/thezerdas/exomy/exomy_ws/build/depthimage_to_laserscan
[0.900s] -- Install configuration: ""
[0.900s] -- Execute custom install script
[0.900s] -- Up-to-date symlink: /home/thezerdas/exomy/exomy_ws/install/depthimage_to_laserscan/include/depthimage_to_laserscan/DepthImageToLaserScan.hpp
[0.900s] -- Up-to-date symlink: /home/thezerdas/exomy/exomy_ws/install/depthimage_to_laserscan/include/depthimage_to_laserscan/DepthImageToLaserScanROS.hpp
[0.900s] -- Up-to-date symlink: /home/thezerdas/exomy/exomy_ws/install/depthimage_to_laserscan/include/depthimage_to_laserscan/depth_traits.hpp
[0.901s] -- Up-to-date symlink: /home/thezerdas/exomy/exomy_ws/install/depthimage_to_laserscan/share/depthimage_to_laserscan//launch/depthimage_to_laserscan-launch.py
[0.901s] -- Up-to-date symlink: /home/thezerdas/exomy/exomy_ws/install/depthimage_to_laserscan/share/depthimage_to_laserscan//launch/depthimage_to_laserscan_composed-launch.py
[0.901s] -- Up-to-date symlink: /home/thezerdas/exomy/exomy_ws/install/depthimage_to_laserscan/share/depthimage_to_laserscan//cfg/param.yaml
[0.901s] -- Up-to-date symlink: /home/thezerdas/exomy/exomy_ws/install/depthimage_to_laserscan/lib/libDepthImageToLaserScan.so
[0.902s] -- Up-to-date symlink: /home/thezerdas/exomy/exomy_ws/install/depthimage_to_laserscan/lib/libDepthImageToLaserScanROS.so
[0.903s] -- Up-to-date symlink: /home/thezerdas/exomy/exomy_ws/install/depthimage_to_laserscan/lib/depthimage_to_laserscan/depthimage_to_laserscan_node
[0.904s] -- Up-to-date symlink: /home/thezerdas/exomy/exomy_ws/install/depthimage_to_laserscan/include/depthimage_to_laserscan/DepthImageToLaserScan_export.h
[0.904s] -- Up-to-date symlink: /home/thezerdas/exomy/exomy_ws/install/depthimage_to_laserscan/include/depthimage_to_laserscan/DepthImageToLaserScanROS_export.h
[0.905s] -- Up-to-date symlink: /home/thezerdas/exomy/exomy_ws/install/depthimage_to_laserscan/share/depthimage_to_laserscan/environment/library_path.sh
[0.906s] -- Up-to-date symlink: /home/thezerdas/exomy/exomy_ws/install/depthimage_to_laserscan/share/depthimage_to_laserscan/environment/library_path.dsv
[0.907s] -- Up-to-date symlink: /home/thezerdas/exomy/exomy_ws/install/depthimage_to_laserscan/share/ament_index/resource_index/package_run_dependencies/depthimage_to_laserscan
[0.908s] -- Up-to-date symlink: /home/thezerdas/exomy/exomy_ws/install/depthimage_to_laserscan/share/ament_index/resource_index/parent_prefix_path/depthimage_to_laserscan
[0.910s] -- Up-to-date symlink: /home/thezerdas/exomy/exomy_ws/install/depthimage_to_laserscan/share/depthimage_to_laserscan/environment/ament_prefix_path.sh
[0.911s] -- Up-to-date symlink: /home/thezerdas/exomy/exomy_ws/install/depthimage_to_laserscan/share/depthimage_to_laserscan/environment/ament_prefix_path.dsv
[0.911s] -- Up-to-date symlink: /home/thezerdas/exomy/exomy_ws/install/depthimage_to_laserscan/share/depthimage_to_laserscan/environment/path.sh
[0.912s] -- Up-to-date symlink: /home/thezerdas/exomy/exomy_ws/install/depthimage_to_laserscan/share/depthimage_to_laserscan/environment/path.dsv
[0.913s] -- Up-to-date symlink: /home/thezerdas/exomy/exomy_ws/install/depthimage_to_laserscan/share/depthimage_to_laserscan/local_setup.bash
[0.914s] -- Up-to-date symlink: /home/thezerdas/exomy/exomy_ws/install/depthimage_to_laserscan/share/depthimage_to_laserscan/local_setup.sh
[0.915s] -- Up-to-date symlink: /home/thezerdas/exomy/exomy_ws/install/depthimage_to_laserscan/share/depthimage_to_laserscan/local_setup.zsh
[0.916s] -- Up-to-date symlink: /home/thezerdas/exomy/exomy_ws/install/depthimage_to_laserscan/share/depthimage_to_laserscan/local_setup.dsv
[0.917s] -- Symlinking: /home/thezerdas/exomy/exomy_ws/install/depthimage_to_laserscan/share/depthimage_to_laserscan/package.dsv
[0.942s] -- Up-to-date symlink: /home/thezerdas/exomy/exomy_ws/install/depthimage_to_laserscan/share/ament_index/resource_index/packages/depthimage_to_laserscan
[0.945s] -- Up-to-date symlink: /home/thezerdas/exomy/exomy_ws/install/depthimage_to_laserscan/share/ament_index/resource_index/rclcpp_components/depthimage_to_laserscan
[0.946s] -- Up-to-date symlink: /home/thezerdas/exomy/exomy_ws/install/depthimage_to_laserscan/share/depthimage_to_laserscan/cmake/ament_cmake_export_include_directories-extras.cmake
[0.946s] -- Up-to-date symlink: /home/thezerdas/exomy/exomy_ws/install/depthimage_to_laserscan/share/depthimage_to_laserscan/cmake/ament_cmake_export_libraries-extras.cmake
[0.947s] -- Up-to-date symlink: /home/thezerdas/exomy/exomy_ws/install/depthimage_to_laserscan/share/depthimage_to_laserscan/cmake/depthimage_to_laserscanConfig.cmake
[0.947s] -- Up-to-date symlink: /home/thezerdas/exomy/exomy_ws/install/depthimage_to_laserscan/share/depthimage_to_laserscan/cmake/depthimage_to_laserscanConfig-version.cmake
[0.948s] -- Up-to-date symlink: /home/thezerdas/exomy/exomy_ws/install/depthimage_to_laserscan/share/depthimage_to_laserscan/package.xml
[0.953s] Invoked command in '/home/thezerdas/exomy/exomy_ws/build/depthimage_to_laserscan' returned '0': CMAKE_PREFIX_PATH=${CMAKE_PREFIX_PATH}:/home/thezerdas/exomy/exomy_ws/install/exomy:/opt/ros/foxy /usr/bin/cmake --install /home/thezerdas/exomy/exomy_ws/build/depthimage_to_laserscan
