[0.070s] Invoking command in '/home/thezerdas/exomy/exomy_ws/build/exomy_sim_msgs': CMAKE_PREFIX_PATH=${CMAKE_PREFIX_PATH}:/home/thezerdas/exomy/exomy_ws/install/exomy:/opt/ros/foxy /usr/bin/cmake /home/thezerdas/exomy/exomy_ws/src/exomy_sim_msgs -DAMENT_CMAKE_SYMLINK_INSTALL=1 -DCMAKE_INSTALL_PREFIX=/home/thezerdas/exomy/exomy_ws/install/exomy_sim_msgs
[0.526s] -- The C compiler identification is GNU 9.4.0
[1.129s] -- The CXX compiler identification is GNU 9.4.0
[1.166s] -- Check for working C compiler: /usr/bin/cc
[1.419s] -- Check for working C compiler: /usr/bin/cc -- works
[1.425s] -- Detecting C compiler ABI info
[2.132s] -- Detecting C compiler ABI info - done
[2.217s] -- Detecting C compile features
[2.245s] -- Detecting C compile features - done
[2.271s] -- Check for working CXX compiler: /usr/bin/c++
[2.725s] -- Check for working CXX compiler: /usr/bin/c++ -- works
[2.725s] -- Detecting CXX compiler ABI info
[3.143s] -- Detecting CXX compiler ABI info - done
[3.203s] -- Detecting CXX compile features
[3.206s] -- Detecting CXX compile features - done
[3.213s] -- Found ament_cmake: 0.9.11 (/opt/ros/foxy/share/ament_cmake/cmake)
[3.319s] -- Found PythonInterp: /usr/bin/python3 (found suitable version "3.8.10", minimum required is "3") 
[3.322s] -- Using PYTHON_EXECUTABLE: /usr/bin/python3
[3.920s] -- Override CMake install command with custom implementation using symlinks instead of copying resources
[4.012s] -- Found rosidl_default_generators: 1.0.1 (/opt/ros/foxy/share/rosidl_default_generators/cmake)
[4.032s] -- Using all available rosidl_typesupport_c: rosidl_typesupport_fastrtps_c;rosidl_typesupport_introspection_c
[4.056s] -- Found rosidl_adapter: 1.3.0 (/opt/ros/foxy/share/rosidl_adapter/cmake)
[4.351s] -- Found OpenSSL: /usr/lib/x86_64-linux-gnu/libcrypto.so (found version "1.1.1f")  
[4.431s] -- Found FastRTPS: /opt/ros/foxy/include  
[4.656s] -- Using all available rosidl_typesupport_cpp: rosidl_typesupport_fastrtps_cpp;rosidl_typesupport_introspection_cpp
[4.749s] -- Found std_msgs: 2.0.5 (/opt/ros/foxy/share/std_msgs/cmake)
[4.932s] -- Found PythonInterp: /usr/bin/python3 (found version "3.8.10") 
[5.436s] -- Found ament_cmake_ros: 0.9.2 (/opt/ros/foxy/share/ament_cmake_ros/cmake)
[6.081s] -- Using all available rosidl_typesupport_c: rosidl_typesupport_fastrtps_c;rosidl_typesupport_introspection_c
[6.372s] -- Using all available rosidl_typesupport_cpp: rosidl_typesupport_fastrtps_cpp;rosidl_typesupport_introspection_cpp
[6.448s] -- Found PythonInterp: /usr/bin/python3 (found suitable version "3.8.10", minimum required is "3.5") 
[6.451s] -- Found python_cmake_module: 0.8.1 (/opt/ros/foxy/share/python_cmake_module/cmake)
[6.534s] -- Found PythonLibs: /usr/lib/x86_64-linux-gnu/libpython3.8.so (found suitable version "3.8.10", minimum required is "3.5") 
[6.536s] -- Using PYTHON_EXECUTABLE: /usr/bin/python3
[6.536s] -- Using PYTHON_INCLUDE_DIRS: /usr/include/python3.8
[6.536s] -- Using PYTHON_LIBRARIES: /usr/lib/x86_64-linux-gnu/libpython3.8.so
[6.580s] -- Found PythonExtra: .so  
[7.000s] -- Configuring done
[7.327s] -- Generating done
[7.354s] -- Build files have been written to: /home/thezerdas/exomy/exomy_ws/build/exomy_sim_msgs
[7.459s] Invoked command in '/home/thezerdas/exomy/exomy_ws/build/exomy_sim_msgs' returned '0': CMAKE_PREFIX_PATH=${CMAKE_PREFIX_PATH}:/home/thezerdas/exomy/exomy_ws/install/exomy:/opt/ros/foxy /usr/bin/cmake /home/thezerdas/exomy/exomy_ws/src/exomy_sim_msgs -DAMENT_CMAKE_SYMLINK_INSTALL=1 -DCMAKE_INSTALL_PREFIX=/home/thezerdas/exomy/exomy_ws/install/exomy_sim_msgs
[7.467s] Invoking command in '/home/thezerdas/exomy/exomy_ws/build/exomy_sim_msgs': CMAKE_PREFIX_PATH=${CMAKE_PREFIX_PATH}:/home/thezerdas/exomy/exomy_ws/install/exomy:/opt/ros/foxy /usr/bin/cmake --build /home/thezerdas/exomy/exomy_ws/build/exomy_sim_msgs -- -j2 -l2
[7.723s] [35m[1mScanning dependencies of target exomy_sim_msgs__cpp[0m
[7.750s] [  2%] [34m[1mGenerating C code for ROS interfaces[0m
[7.782s] [  5%] [34m[1mGenerating C++ code for ROS interfaces[0m
[10.595s] [35m[1mScanning dependencies of target exomy_sim_msgs__rosidl_generator_c[0m
[10.596s] [  5%] Built target exomy_sim_msgs__cpp
[10.702s] [  7%] [34m[1mGenerating C++ introspection for ROS interfaces[0m
[10.717s] [ 10%] [32mBuilding C object CMakeFiles/exomy_sim_msgs__rosidl_generator_c.dir/rosidl_generator_c/exomy_sim_msgs/msg/detail/joint_command__functions.c.o[0m
[11.036s] [ 12%] [32mBuilding C object CMakeFiles/exomy_sim_msgs__rosidl_generator_c.dir/rosidl_generator_c/exomy_sim_msgs/msg/detail/joint_command_array__functions.c.o[0m
[11.281s] [ 15%] [32m[1mLinking C shared library libexomy_sim_msgs__rosidl_generator_c.so[0m
[11.539s] [ 15%] Built target exomy_sim_msgs__rosidl_generator_c
[12.481s] [35m[1mScanning dependencies of target exomy_sim_msgs__rosidl_typesupport_introspection_cpp[0m
[12.638s] [ 17%] [32mBuilding CXX object CMakeFiles/exomy_sim_msgs__rosidl_typesupport_introspection_cpp.dir/rosidl_typesupport_introspection_cpp/exomy_sim_msgs/msg/detail/joint_command__type_support.cpp.o[0m
[14.322s] [ 20%] [32mBuilding CXX object CMakeFiles/exomy_sim_msgs__rosidl_typesupport_introspection_cpp.dir/rosidl_typesupport_introspection_cpp/exomy_sim_msgs/msg/detail/joint_command_array__type_support.cpp.o[0m
[16.349s] [ 23%] [32m[1mLinking CXX shared library libexomy_sim_msgs__rosidl_typesupport_introspection_cpp.so[0m
[16.759s] [ 23%] Built target exomy_sim_msgs__rosidl_typesupport_introspection_cpp
[16.829s] [ 25%] [34m[1mGenerating C++ type support dispatch for ROS interfaces[0m
[17.787s] [35m[1mScanning dependencies of target exomy_sim_msgs__rosidl_typesupport_cpp[0m
[17.853s] [ 28%] [32mBuilding CXX object CMakeFiles/exomy_sim_msgs__rosidl_typesupport_cpp.dir/rosidl_typesupport_cpp/exomy_sim_msgs/msg/joint_command__type_support.cpp.o[0m
[18.770s] [ 30%] [32mBuilding CXX object CMakeFiles/exomy_sim_msgs__rosidl_typesupport_cpp.dir/rosidl_typesupport_cpp/exomy_sim_msgs/msg/joint_command_array__type_support.cpp.o[0m
[19.666s] [ 33%] [32m[1mLinking CXX shared library libexomy_sim_msgs__rosidl_typesupport_cpp.so[0m
[19.871s] [ 33%] Built target exomy_sim_msgs__rosidl_typesupport_cpp
[19.893s] [ 35%] [34m[1mGenerating C introspection for ROS interfaces[0m
[21.049s] [35m[1mScanning dependencies of target exomy_sim_msgs__rosidl_typesupport_introspection_c[0m
[21.143s] [ 38%] [32mBuilding C object CMakeFiles/exomy_sim_msgs__rosidl_typesupport_introspection_c.dir/rosidl_typesupport_introspection_c/exomy_sim_msgs/msg/detail/joint_command__type_support.c.o[0m
[21.283s] [ 41%] [32mBuilding C object CMakeFiles/exomy_sim_msgs__rosidl_typesupport_introspection_c.dir/rosidl_typesupport_introspection_c/exomy_sim_msgs/msg/detail/joint_command_array__type_support.c.o[0m
[21.400s] [ 43%] [32m[1mLinking C shared library libexomy_sim_msgs__rosidl_typesupport_introspection_c.so[0m
[21.496s] [ 43%] Built target exomy_sim_msgs__rosidl_typesupport_introspection_c
[21.556s] [ 46%] [34m[1mGenerating C++ type support for eProsima Fast-RTPS[0m
[22.794s] [35m[1mScanning dependencies of target exomy_sim_msgs__rosidl_typesupport_fastrtps_cpp[0m
[22.890s] [ 48%] [32mBuilding CXX object CMakeFiles/exomy_sim_msgs__rosidl_typesupport_fastrtps_cpp.dir/rosidl_typesupport_fastrtps_cpp/exomy_sim_msgs/msg/detail/dds_fastrtps/joint_command__type_support.cpp.o[0m
[24.178s] [ 51%] [32mBuilding CXX object CMakeFiles/exomy_sim_msgs__rosidl_typesupport_fastrtps_cpp.dir/rosidl_typesupport_fastrtps_cpp/exomy_sim_msgs/msg/detail/dds_fastrtps/joint_command_array__type_support.cpp.o[0m
[25.978s] [ 53%] [32m[1mLinking CXX shared library libexomy_sim_msgs__rosidl_typesupport_fastrtps_cpp.so[0m
[26.263s] [ 53%] Built target exomy_sim_msgs__rosidl_typesupport_fastrtps_cpp
[26.311s] [ 56%] [34m[1mGenerating C type support dispatch for ROS interfaces[0m
[27.251s] [35m[1mScanning dependencies of target exomy_sim_msgs__rosidl_typesupport_c[0m
[27.320s] [ 58%] [32mBuilding CXX object CMakeFiles/exomy_sim_msgs__rosidl_typesupport_c.dir/rosidl_typesupport_c/exomy_sim_msgs/msg/joint_command__type_support.cpp.o[0m
[27.431s] [ 61%] [32mBuilding CXX object CMakeFiles/exomy_sim_msgs__rosidl_typesupport_c.dir/rosidl_typesupport_c/exomy_sim_msgs/msg/joint_command_array__type_support.cpp.o[0m
[27.513s] [ 64%] [32m[1mLinking CXX shared library libexomy_sim_msgs__rosidl_typesupport_c.so[0m
[27.606s] [ 64%] Built target exomy_sim_msgs__rosidl_typesupport_c
[27.625s] [ 66%] [34m[1mGenerating C type support for eProsima Fast-RTPS[0m
[28.739s] [35m[1mScanning dependencies of target exomy_sim_msgs__rosidl_typesupport_fastrtps_c[0m
[28.782s] [ 69%] [32mBuilding CXX object CMakeFiles/exomy_sim_msgs__rosidl_typesupport_fastrtps_c.dir/rosidl_typesupport_fastrtps_c/exomy_sim_msgs/msg/detail/joint_command__type_support_c.cpp.o[0m
[29.636s] [ 71%] [32mBuilding CXX object CMakeFiles/exomy_sim_msgs__rosidl_typesupport_fastrtps_c.dir/rosidl_typesupport_fastrtps_c/exomy_sim_msgs/msg/detail/joint_command_array__type_support_c.cpp.o[0m
[30.382s] [ 74%] [32m[1mLinking CXX shared library libexomy_sim_msgs__rosidl_typesupport_fastrtps_c.so[0m
[30.575s] [ 74%] Built target exomy_sim_msgs__rosidl_typesupport_fastrtps_c
[30.598s] [35m[1mScanning dependencies of target exomy_sim_msgs[0m
[30.620s] [ 74%] Built target exomy_sim_msgs
[30.639s] [35m[1mScanning dependencies of target exomy_sim_msgs__py[0m
[30.658s] [ 76%] [34m[1mGenerating Python code for ROS interfaces[0m
[32.435s] [ 76%] Built target exomy_sim_msgs__py
[32.502s] [35m[1mScanning dependencies of target exomy_sim_msgs__python[0m
[32.693s] [ 79%] [32mBuilding C object CMakeFiles/exomy_sim_msgs__python.dir/rosidl_generator_py/exomy_sim_msgs/msg/_joint_command_s.c.o[0m
[33.135s] [ 82%] [32mBuilding C object CMakeFiles/exomy_sim_msgs__python.dir/rosidl_generator_py/exomy_sim_msgs/msg/_joint_command_array_s.c.o[0m
[33.726s] [ 84%] [32m[1mLinking C shared library rosidl_generator_py/exomy_sim_msgs/libexomy_sim_msgs__python.so[0m
[33.984s] [ 84%] Built target exomy_sim_msgs__python
[34.060s] [35m[1mScanning dependencies of target exomy_sim_msgs__rosidl_typesupport_fastrtps_c__pyext[0m
[34.236s] [ 87%] [32mBuilding C object CMakeFiles/exomy_sim_msgs__rosidl_typesupport_fastrtps_c__pyext.dir/rosidl_generator_py/exomy_sim_msgs/_exomy_sim_msgs_s.ep.rosidl_typesupport_fastrtps_c.c.o[0m
[34.845s] [ 89%] [32m[1mLinking CXX shared library rosidl_generator_py/exomy_sim_msgs/exomy_sim_msgs_s__rosidl_typesupport_fastrtps_c.cpython-38-x86_64-linux-gnu.so[0m
[35.468s] [ 89%] Built target exomy_sim_msgs__rosidl_typesupport_fastrtps_c__pyext
[35.539s] [35m[1mScanning dependencies of target exomy_sim_msgs__rosidl_typesupport_introspection_c__pyext[0m
[35.646s] [ 92%] [32mBuilding C object CMakeFiles/exomy_sim_msgs__rosidl_typesupport_introspection_c__pyext.dir/rosidl_generator_py/exomy_sim_msgs/_exomy_sim_msgs_s.ep.rosidl_typesupport_introspection_c.c.o[0m
[36.564s] [ 94%] [32m[1mLinking C shared library rosidl_generator_py/exomy_sim_msgs/exomy_sim_msgs_s__rosidl_typesupport_introspection_c.cpython-38-x86_64-linux-gnu.so[0m
[36.889s] [ 94%] Built target exomy_sim_msgs__rosidl_typesupport_introspection_c__pyext
[36.950s] [35m[1mScanning dependencies of target exomy_sim_msgs__rosidl_typesupport_c__pyext[0m
[37.065s] [ 97%] [32mBuilding C object CMakeFiles/exomy_sim_msgs__rosidl_typesupport_c__pyext.dir/rosidl_generator_py/exomy_sim_msgs/_exomy_sim_msgs_s.ep.rosidl_typesupport_c.c.o[0m
[37.432s] [100%] [32m[1mLinking C shared library rosidl_generator_py/exomy_sim_msgs/exomy_sim_msgs_s__rosidl_typesupport_c.cpython-38-x86_64-linux-gnu.so[0m
[37.673s] [100%] Built target exomy_sim_msgs__rosidl_typesupport_c__pyext
[37.747s] Invoked command in '/home/thezerdas/exomy/exomy_ws/build/exomy_sim_msgs' returned '0': CMAKE_PREFIX_PATH=${CMAKE_PREFIX_PATH}:/home/thezerdas/exomy/exomy_ws/install/exomy:/opt/ros/foxy /usr/bin/cmake --build /home/thezerdas/exomy/exomy_ws/build/exomy_sim_msgs -- -j2 -l2
[38.166s] Invoking command in '/home/thezerdas/exomy/exomy_ws/build/exomy_sim_msgs': CMAKE_PREFIX_PATH=${CMAKE_PREFIX_PATH}:/home/thezerdas/exomy/exomy_ws/install/exomy:/opt/ros/foxy /usr/bin/cmake --install /home/thezerdas/exomy/exomy_ws/build/exomy_sim_msgs
[38.198s] -- Install configuration: ""
[38.203s] -- Execute custom install script
[38.204s] -- Symlinking: /home/thezerdas/exomy/exomy_ws/install/exomy_sim_msgs/share/ament_index/resource_index/rosidl_interfaces/exomy_sim_msgs
[38.252s] -- Symlinking: /home/thezerdas/exomy/exomy_ws/install/exomy_sim_msgs/include/exomy_sim_msgs/msg/detail/joint_command__functions.h
[38.308s] -- Symlinking: /home/thezerdas/exomy/exomy_ws/install/exomy_sim_msgs/include/exomy_sim_msgs/msg/detail/joint_command__struct.h
[38.358s] -- Symlinking: /home/thezerdas/exomy/exomy_ws/install/exomy_sim_msgs/include/exomy_sim_msgs/msg/detail/joint_command__type_support.h
[38.406s] -- Symlinking: /home/thezerdas/exomy/exomy_ws/install/exomy_sim_msgs/include/exomy_sim_msgs/msg/detail/joint_command_array__functions.h
[38.449s] -- Symlinking: /home/thezerdas/exomy/exomy_ws/install/exomy_sim_msgs/include/exomy_sim_msgs/msg/detail/joint_command_array__struct.h
[38.486s] -- Symlinking: /home/thezerdas/exomy/exomy_ws/install/exomy_sim_msgs/include/exomy_sim_msgs/msg/detail/joint_command_array__type_support.h
[38.518s] -- Symlinking: /home/thezerdas/exomy/exomy_ws/install/exomy_sim_msgs/include/exomy_sim_msgs/msg/joint_command.h
[38.552s] -- Symlinking: /home/thezerdas/exomy/exomy_ws/install/exomy_sim_msgs/include/exomy_sim_msgs/msg/joint_command_array.h
[38.582s] -- Symlinking: /home/thezerdas/exomy/exomy_ws/install/exomy_sim_msgs/include/exomy_sim_msgs/msg/rosidl_generator_c__visibility_control.h
[38.626s] -- Symlinking: /home/thezerdas/exomy/exomy_ws/install/exomy_sim_msgs/share/exomy_sim_msgs/environment/library_path.sh
[38.676s] -- Symlinking: /home/thezerdas/exomy/exomy_ws/install/exomy_sim_msgs/share/exomy_sim_msgs/environment/library_path.dsv
[38.708s] -- Symlinking: /home/thezerdas/exomy/exomy_ws/install/exomy_sim_msgs/include/exomy_sim_msgs/msg/detail/joint_command__rosidl_typesupport_fastrtps_c.h
[38.727s] -- Symlinking: /home/thezerdas/exomy/exomy_ws/install/exomy_sim_msgs/include/exomy_sim_msgs/msg/detail/joint_command_array__rosidl_typesupport_fastrtps_c.h
[38.755s] -- Symlinking: /home/thezerdas/exomy/exomy_ws/install/exomy_sim_msgs/include/exomy_sim_msgs/msg/rosidl_typesupport_fastrtps_c__visibility_control.h
[38.797s] -- Symlinking: /home/thezerdas/exomy/exomy_ws/install/exomy_sim_msgs/lib/libexomy_sim_msgs__rosidl_typesupport_fastrtps_c.so
[38.827s] -- Symlinking: /home/thezerdas/exomy/exomy_ws/install/exomy_sim_msgs/include/exomy_sim_msgs/msg/detail/joint_command__rosidl_typesupport_fastrtps_cpp.hpp
[38.856s] -- Symlinking: /home/thezerdas/exomy/exomy_ws/install/exomy_sim_msgs/include/exomy_sim_msgs/msg/detail/joint_command_array__rosidl_typesupport_fastrtps_cpp.hpp
[38.881s] -- Symlinking: /home/thezerdas/exomy/exomy_ws/install/exomy_sim_msgs/include/exomy_sim_msgs/msg/rosidl_typesupport_fastrtps_cpp__visibility_control.h
[38.904s] -- Symlinking: /home/thezerdas/exomy/exomy_ws/install/exomy_sim_msgs/lib/libexomy_sim_msgs__rosidl_typesupport_fastrtps_cpp.so
[38.933s] -- Symlinking: /home/thezerdas/exomy/exomy_ws/install/exomy_sim_msgs/include/exomy_sim_msgs/msg/detail/joint_command__rosidl_typesupport_introspection_c.h
[38.964s] -- Symlinking: /home/thezerdas/exomy/exomy_ws/install/exomy_sim_msgs/include/exomy_sim_msgs/msg/detail/joint_command_array__rosidl_typesupport_introspection_c.h
[38.997s] -- Symlinking: /home/thezerdas/exomy/exomy_ws/install/exomy_sim_msgs/include/exomy_sim_msgs/msg/rosidl_typesupport_introspection_c__visibility_control.h
[39.027s] -- Symlinking: /home/thezerdas/exomy/exomy_ws/install/exomy_sim_msgs/include/exomy_sim_msgs/msg/detail/joint_command__builder.hpp
[39.053s] -- Symlinking: /home/thezerdas/exomy/exomy_ws/install/exomy_sim_msgs/include/exomy_sim_msgs/msg/detail/joint_command__struct.hpp
[39.078s] -- Symlinking: /home/thezerdas/exomy/exomy_ws/install/exomy_sim_msgs/include/exomy_sim_msgs/msg/detail/joint_command__traits.hpp
[39.116s] -- Symlinking: /home/thezerdas/exomy/exomy_ws/install/exomy_sim_msgs/include/exomy_sim_msgs/msg/detail/joint_command_array__builder.hpp
[39.137s] -- Symlinking: /home/thezerdas/exomy/exomy_ws/install/exomy_sim_msgs/include/exomy_sim_msgs/msg/detail/joint_command_array__struct.hpp
[39.155s] -- Symlinking: /home/thezerdas/exomy/exomy_ws/install/exomy_sim_msgs/include/exomy_sim_msgs/msg/detail/joint_command_array__traits.hpp
[39.174s] -- Symlinking: /home/thezerdas/exomy/exomy_ws/install/exomy_sim_msgs/include/exomy_sim_msgs/msg/joint_command.hpp
[39.195s] -- Symlinking: /home/thezerdas/exomy/exomy_ws/install/exomy_sim_msgs/include/exomy_sim_msgs/msg/joint_command_array.hpp
[39.218s] -- Symlinking: /home/thezerdas/exomy/exomy_ws/install/exomy_sim_msgs/include/exomy_sim_msgs/msg/detail/joint_command__rosidl_typesupport_introspection_cpp.hpp
[39.238s] -- Symlinking: /home/thezerdas/exomy/exomy_ws/install/exomy_sim_msgs/include/exomy_sim_msgs/msg/detail/joint_command_array__rosidl_typesupport_introspection_cpp.hpp
[39.260s] -- Symlinking: /home/thezerdas/exomy/exomy_ws/install/exomy_sim_msgs/share/exomy_sim_msgs/environment/pythonpath.sh
[39.281s] -- Symlinking: /home/thezerdas/exomy/exomy_ws/install/exomy_sim_msgs/share/exomy_sim_msgs/environment/pythonpath.dsv
[39.302s] -- Symlinking: /home/thezerdas/exomy/exomy_ws/install/exomy_sim_msgs/lib/python3.8/site-packages/exomy_sim_msgs/__init__.py
[39.331s] -- Symlinking: /home/thezerdas/exomy/exomy_ws/install/exomy_sim_msgs/lib/python3.8/site-packages/exomy_sim_msgs/msg/__init__.py
[39.352s] -- Symlinking: /home/thezerdas/exomy/exomy_ws/install/exomy_sim_msgs/lib/python3.8/site-packages/exomy_sim_msgs/msg/_joint_command.py
[39.371s] -- Symlinking: /home/thezerdas/exomy/exomy_ws/install/exomy_sim_msgs/lib/python3.8/site-packages/exomy_sim_msgs/msg/_joint_command_array.py
[39.390s] -- Symlinking: /home/thezerdas/exomy/exomy_ws/install/exomy_sim_msgs/lib/python3.8/site-packages/exomy_sim_msgs/exomy_sim_msgs_s__rosidl_typesupport_fastrtps_c.cpython-38-x86_64-linux-gnu.so
[39.411s] -- Symlinking: /home/thezerdas/exomy/exomy_ws/install/exomy_sim_msgs/lib/python3.8/site-packages/exomy_sim_msgs/exomy_sim_msgs_s__rosidl_typesupport_introspection_c.cpython-38-x86_64-linux-gnu.so
[39.432s] -- Symlinking: /home/thezerdas/exomy/exomy_ws/install/exomy_sim_msgs/lib/python3.8/site-packages/exomy_sim_msgs/exomy_sim_msgs_s__rosidl_typesupport_c.cpython-38-x86_64-linux-gnu.so
[39.458s] -- Symlinking: /home/thezerdas/exomy/exomy_ws/install/exomy_sim_msgs/lib/libexomy_sim_msgs__python.so
[39.479s] -- Symlinking: /home/thezerdas/exomy/exomy_ws/install/exomy_sim_msgs/share/exomy_sim_msgs/msg/JointCommand.idl
[39.499s] -- Symlinking: /home/thezerdas/exomy/exomy_ws/install/exomy_sim_msgs/share/exomy_sim_msgs/msg/JointCommandArray.idl
[39.520s] -- Symlinking: /home/thezerdas/exomy/exomy_ws/install/exomy_sim_msgs/share/exomy_sim_msgs/msg/JointCommand.msg
[39.541s] -- Symlinking: /home/thezerdas/exomy/exomy_ws/install/exomy_sim_msgs/share/exomy_sim_msgs/msg/JointCommandArray.msg
[39.564s] -- Symlinking: /home/thezerdas/exomy/exomy_ws/install/exomy_sim_msgs/share/ament_index/resource_index/package_run_dependencies/exomy_sim_msgs
[39.597s] -- Symlinking: /home/thezerdas/exomy/exomy_ws/install/exomy_sim_msgs/share/ament_index/resource_index/parent_prefix_path/exomy_sim_msgs
[39.630s] -- Symlinking: /home/thezerdas/exomy/exomy_ws/install/exomy_sim_msgs/share/exomy_sim_msgs/environment/ament_prefix_path.sh
[39.665s] -- Symlinking: /home/thezerdas/exomy/exomy_ws/install/exomy_sim_msgs/share/exomy_sim_msgs/environment/ament_prefix_path.dsv
[39.690s] -- Symlinking: /home/thezerdas/exomy/exomy_ws/install/exomy_sim_msgs/share/exomy_sim_msgs/environment/path.sh
[39.714s] -- Symlinking: /home/thezerdas/exomy/exomy_ws/install/exomy_sim_msgs/share/exomy_sim_msgs/environment/path.dsv
[39.768s] -- Symlinking: /home/thezerdas/exomy/exomy_ws/install/exomy_sim_msgs/share/exomy_sim_msgs/local_setup.bash
[39.804s] -- Symlinking: /home/thezerdas/exomy/exomy_ws/install/exomy_sim_msgs/share/exomy_sim_msgs/local_setup.sh
[39.847s] -- Symlinking: /home/thezerdas/exomy/exomy_ws/install/exomy_sim_msgs/share/exomy_sim_msgs/local_setup.zsh
[39.895s] -- Symlinking: /home/thezerdas/exomy/exomy_ws/install/exomy_sim_msgs/share/exomy_sim_msgs/local_setup.dsv
[39.934s] -- Symlinking: /home/thezerdas/exomy/exomy_ws/install/exomy_sim_msgs/share/exomy_sim_msgs/package.dsv
[39.984s] -- Symlinking: /home/thezerdas/exomy/exomy_ws/install/exomy_sim_msgs/share/ament_index/resource_index/packages/exomy_sim_msgs
[40.021s] -- Symlinking: /home/thezerdas/exomy/exomy_ws/install/exomy_sim_msgs/share/exomy_sim_msgs/cmake/rosidl_cmake-extras.cmake
[40.056s] -- Symlinking: /home/thezerdas/exomy/exomy_ws/install/exomy_sim_msgs/share/exomy_sim_msgs/cmake/ament_cmake_export_dependencies-extras.cmake
[40.097s] -- Symlinking: /home/thezerdas/exomy/exomy_ws/install/exomy_sim_msgs/share/exomy_sim_msgs/cmake/ament_cmake_export_libraries-extras.cmake
[40.131s] -- Symlinking: /home/thezerdas/exomy/exomy_ws/install/exomy_sim_msgs/share/exomy_sim_msgs/cmake/ament_cmake_export_targets-extras.cmake
[40.173s] -- Symlinking: /home/thezerdas/exomy/exomy_ws/install/exomy_sim_msgs/share/exomy_sim_msgs/cmake/ament_cmake_export_include_directories-extras.cmake
[40.223s] -- Symlinking: /home/thezerdas/exomy/exomy_ws/install/exomy_sim_msgs/share/exomy_sim_msgs/cmake/rosidl_cmake_export_typesupport_libraries-extras.cmake
[40.266s] -- Symlinking: /home/thezerdas/exomy/exomy_ws/install/exomy_sim_msgs/share/exomy_sim_msgs/cmake/rosidl_cmake_export_typesupport_targets-extras.cmake
[40.316s] -- Symlinking: /home/thezerdas/exomy/exomy_ws/install/exomy_sim_msgs/share/exomy_sim_msgs/cmake/exomy_sim_msgsConfig.cmake
[40.357s] -- Symlinking: /home/thezerdas/exomy/exomy_ws/install/exomy_sim_msgs/share/exomy_sim_msgs/cmake/exomy_sim_msgsConfig-version.cmake
[40.400s] -- Symlinking: /home/thezerdas/exomy/exomy_ws/install/exomy_sim_msgs/share/exomy_sim_msgs/package.xml
[40.441s] -- Installing: /home/thezerdas/exomy/exomy_ws/install/exomy_sim_msgs/lib/libexomy_sim_msgs__rosidl_generator_c.so
[40.442s] -- Set runtime path of "/home/thezerdas/exomy/exomy_ws/install/exomy_sim_msgs/lib/libexomy_sim_msgs__rosidl_generator_c.so" to ""
[40.442s] -- Installing: /home/thezerdas/exomy/exomy_ws/install/exomy_sim_msgs/lib/libexomy_sim_msgs__rosidl_typesupport_introspection_c.so
[40.442s] -- Set runtime path of "/home/thezerdas/exomy/exomy_ws/install/exomy_sim_msgs/lib/libexomy_sim_msgs__rosidl_typesupport_introspection_c.so" to ""
[40.442s] -- Installing: /home/thezerdas/exomy/exomy_ws/install/exomy_sim_msgs/lib/libexomy_sim_msgs__rosidl_typesupport_c.so
[40.443s] -- Set runtime path of "/home/thezerdas/exomy/exomy_ws/install/exomy_sim_msgs/lib/libexomy_sim_msgs__rosidl_typesupport_c.so" to ""
[40.444s] -- Installing: /home/thezerdas/exomy/exomy_ws/install/exomy_sim_msgs/lib/libexomy_sim_msgs__rosidl_typesupport_introspection_cpp.so
[40.451s] -- Set runtime path of "/home/thezerdas/exomy/exomy_ws/install/exomy_sim_msgs/lib/libexomy_sim_msgs__rosidl_typesupport_introspection_cpp.so" to ""
[40.453s] -- Installing: /home/thezerdas/exomy/exomy_ws/install/exomy_sim_msgs/lib/libexomy_sim_msgs__rosidl_typesupport_cpp.so
[40.454s] -- Set runtime path of "/home/thezerdas/exomy/exomy_ws/install/exomy_sim_msgs/lib/libexomy_sim_msgs__rosidl_typesupport_cpp.so" to ""
[40.594s] Compiling '/home/thezerdas/exomy/exomy_ws/install/exomy_sim_msgs/lib/python3.8/site-packages/exomy_sim_msgs/__init__.py'...
[40.620s] -- Installing: /home/thezerdas/exomy/exomy_ws/install/exomy_sim_msgs/share/exomy_sim_msgs/cmake/exomy_sim_msgs__rosidl_generator_cExport.cmake
[40.623s] -- Installing: /home/thezerdas/exomy/exomy_ws/install/exomy_sim_msgs/share/exomy_sim_msgs/cmake/exomy_sim_msgs__rosidl_generator_cExport-noconfig.cmake
[40.625s] -- Installing: /home/thezerdas/exomy/exomy_ws/install/exomy_sim_msgs/share/exomy_sim_msgs/cmake/exomy_sim_msgs__rosidl_typesupport_introspection_cExport.cmake
[40.626s] -- Installing: /home/thezerdas/exomy/exomy_ws/install/exomy_sim_msgs/share/exomy_sim_msgs/cmake/exomy_sim_msgs__rosidl_typesupport_introspection_cExport-noconfig.cmake
[40.629s] -- Installing: /home/thezerdas/exomy/exomy_ws/install/exomy_sim_msgs/share/exomy_sim_msgs/cmake/exomy_sim_msgs__rosidl_typesupport_cExport.cmake
[40.630s] -- Installing: /home/thezerdas/exomy/exomy_ws/install/exomy_sim_msgs/share/exomy_sim_msgs/cmake/exomy_sim_msgs__rosidl_typesupport_cExport-noconfig.cmake
[40.631s] -- Installing: /home/thezerdas/exomy/exomy_ws/install/exomy_sim_msgs/share/exomy_sim_msgs/cmake/exomy_sim_msgs__rosidl_generator_cppExport.cmake
[40.632s] -- Installing: /home/thezerdas/exomy/exomy_ws/install/exomy_sim_msgs/share/exomy_sim_msgs/cmake/exomy_sim_msgs__rosidl_typesupport_introspection_cppExport.cmake
[40.632s] -- Installing: /home/thezerdas/exomy/exomy_ws/install/exomy_sim_msgs/share/exomy_sim_msgs/cmake/exomy_sim_msgs__rosidl_typesupport_introspection_cppExport-noconfig.cmake
[40.633s] -- Installing: /home/thezerdas/exomy/exomy_ws/install/exomy_sim_msgs/share/exomy_sim_msgs/cmake/exomy_sim_msgs__rosidl_typesupport_cppExport.cmake
[40.642s] -- Installing: /home/thezerdas/exomy/exomy_ws/install/exomy_sim_msgs/share/exomy_sim_msgs/cmake/exomy_sim_msgs__rosidl_typesupport_cppExport-noconfig.cmake
[40.642s] Invoked command in '/home/thezerdas/exomy/exomy_ws/build/exomy_sim_msgs' returned '0': CMAKE_PREFIX_PATH=${CMAKE_PREFIX_PATH}:/home/thezerdas/exomy/exomy_ws/install/exomy:/opt/ros/foxy /usr/bin/cmake --install /home/thezerdas/exomy/exomy_ws/build/exomy_sim_msgs
