[0.088s] Invoking command in '/home/thezerdas/exomy/exomy_ws/build/depthimage_to_laserscan': CMAKE_PREFIX_PATH=${CMAKE_PREFIX_PATH}:/home/thezerdas/exomy/exomy_ws/install/exomy:/opt/ros/foxy /usr/bin/cmake --build /home/thezerdas/exomy/exomy_ws/build/depthimage_to_laserscan -- -j2 -l2
[0.255s] [ 16%] Built target gtest
[0.315s] [ 33%] Built target DepthImageToLaserScan
[0.319s] [ 50%] Built target gtest_main
[0.442s] [ 66%] Built target depthimage_to_laserscan-test
[0.458s] [ 83%] Built target DepthImageToLaserScanROS
[0.532s] [100%] Built target depthimage_to_laserscan_node
[0.948s] Invoked command in '/home/thezerdas/exomy/exomy_ws/build/depthimage_to_laserscan' returned '0': CMAKE_PREFIX_PATH=${CMAKE_PREFIX_PATH}:/home/thezerdas/exomy/exomy_ws/install/exomy:/opt/ros/foxy /usr/bin/cmake --build /home/thezerdas/exomy/exomy_ws/build/depthimage_to_laserscan -- -j2 -l2
[1.021s] Invoking command in '/home/thezerdas/exomy/exomy_ws/build/depthimage_to_laserscan': CMAKE_PREFIX_PATH=${CMAKE_PREFIX_PATH}:/home/thezerdas/exomy/exomy_ws/install/exomy:/opt/ros/foxy /usr/bin/cmake --install /home/thezerdas/exomy/exomy_ws/build/depthimage_to_laserscan
[1.042s] -- Install configuration: ""
[1.045s] -- Execute custom install script
[1.049s] -- Up-to-date symlink: /home/thezerdas/exomy/exomy_ws/install/depthimage_to_laserscan/include/depthimage_to_laserscan/DepthImageToLaserScan.hpp
[1.054s] -- Up-to-date symlink: /home/thezerdas/exomy/exomy_ws/install/depthimage_to_laserscan/include/depthimage_to_laserscan/DepthImageToLaserScanROS.hpp
[1.056s] -- Up-to-date symlink: /home/thezerdas/exomy/exomy_ws/install/depthimage_to_laserscan/include/depthimage_to_laserscan/depth_traits.hpp
[1.059s] -- Up-to-date symlink: /home/thezerdas/exomy/exomy_ws/install/depthimage_to_laserscan/share/depthimage_to_laserscan//launch/depthimage_to_laserscan-launch.py
[1.061s] -- Up-to-date symlink: /home/thezerdas/exomy/exomy_ws/install/depthimage_to_laserscan/share/depthimage_to_laserscan//launch/depthimage_to_laserscan_composed-launch.py
[1.062s] -- Up-to-date symlink: /home/thezerdas/exomy/exomy_ws/install/depthimage_to_laserscan/share/depthimage_to_laserscan//cfg/param.yaml
[1.063s] -- Up-to-date symlink: /home/thezerdas/exomy/exomy_ws/install/depthimage_to_laserscan/lib/libDepthImageToLaserScan.so
[1.063s] -- Up-to-date symlink: /home/thezerdas/exomy/exomy_ws/install/depthimage_to_laserscan/lib/libDepthImageToLaserScanROS.so
[1.064s] -- Up-to-date symlink: /home/thezerdas/exomy/exomy_ws/install/depthimage_to_laserscan/lib/depthimage_to_laserscan/depthimage_to_laserscan_node
[1.073s] -- Up-to-date symlink: /home/thezerdas/exomy/exomy_ws/install/depthimage_to_laserscan/include/depthimage_to_laserscan/DepthImageToLaserScan_export.h
[1.074s] -- Up-to-date symlink: /home/thezerdas/exomy/exomy_ws/install/depthimage_to_laserscan/include/depthimage_to_laserscan/DepthImageToLaserScanROS_export.h
[1.074s] -- Up-to-date symlink: /home/thezerdas/exomy/exomy_ws/install/depthimage_to_laserscan/share/depthimage_to_laserscan/environment/library_path.sh
[1.075s] -- Up-to-date symlink: /home/thezerdas/exomy/exomy_ws/install/depthimage_to_laserscan/share/depthimage_to_laserscan/environment/library_path.dsv
[1.075s] -- Up-to-date symlink: /home/thezerdas/exomy/exomy_ws/install/depthimage_to_laserscan/share/ament_index/resource_index/package_run_dependencies/depthimage_to_laserscan
[1.076s] -- Up-to-date symlink: /home/thezerdas/exomy/exomy_ws/install/depthimage_to_laserscan/share/ament_index/resource_index/parent_prefix_path/depthimage_to_laserscan
[1.076s] -- Up-to-date symlink: /home/thezerdas/exomy/exomy_ws/install/depthimage_to_laserscan/share/depthimage_to_laserscan/environment/ament_prefix_path.sh
[1.077s] -- Up-to-date symlink: /home/thezerdas/exomy/exomy_ws/install/depthimage_to_laserscan/share/depthimage_to_laserscan/environment/ament_prefix_path.dsv
[1.082s] -- Up-to-date symlink: /home/thezerdas/exomy/exomy_ws/install/depthimage_to_laserscan/share/depthimage_to_laserscan/environment/path.sh
[1.082s] -- Up-to-date symlink: /home/thezerdas/exomy/exomy_ws/install/depthimage_to_laserscan/share/depthimage_to_laserscan/environment/path.dsv
[1.083s] -- Up-to-date symlink: /home/thezerdas/exomy/exomy_ws/install/depthimage_to_laserscan/share/depthimage_to_laserscan/local_setup.bash
[1.083s] -- Up-to-date symlink: /home/thezerdas/exomy/exomy_ws/install/depthimage_to_laserscan/share/depthimage_to_laserscan/local_setup.sh
[1.084s] -- Up-to-date symlink: /home/thezerdas/exomy/exomy_ws/install/depthimage_to_laserscan/share/depthimage_to_laserscan/local_setup.zsh
[1.085s] -- Up-to-date symlink: /home/thezerdas/exomy/exomy_ws/install/depthimage_to_laserscan/share/depthimage_to_laserscan/local_setup.dsv
[1.090s] -- Symlinking: /home/thezerdas/exomy/exomy_ws/install/depthimage_to_laserscan/share/depthimage_to_laserscan/package.dsv
[1.129s] -- Up-to-date symlink: /home/thezerdas/exomy/exomy_ws/install/depthimage_to_laserscan/share/ament_index/resource_index/packages/depthimage_to_laserscan
[1.129s] -- Up-to-date symlink: /home/thezerdas/exomy/exomy_ws/install/depthimage_to_laserscan/share/ament_index/resource_index/rclcpp_components/depthimage_to_laserscan
[1.130s] -- Up-to-date symlink: /home/thezerdas/exomy/exomy_ws/install/depthimage_to_laserscan/share/depthimage_to_laserscan/cmake/ament_cmake_export_include_directories-extras.cmake
[1.131s] -- Up-to-date symlink: /home/thezerdas/exomy/exomy_ws/install/depthimage_to_laserscan/share/depthimage_to_laserscan/cmake/ament_cmake_export_libraries-extras.cmake
[1.131s] -- Up-to-date symlink: /home/thezerdas/exomy/exomy_ws/install/depthimage_to_laserscan/share/depthimage_to_laserscan/cmake/depthimage_to_laserscanConfig.cmake
[1.131s] -- Up-to-date symlink: /home/thezerdas/exomy/exomy_ws/install/depthimage_to_laserscan/share/depthimage_to_laserscan/cmake/depthimage_to_laserscanConfig-version.cmake
[1.132s] -- Up-to-date symlink: /home/thezerdas/exomy/exomy_ws/install/depthimage_to_laserscan/share/depthimage_to_laserscan/package.xml
[1.142s] Invoked command in '/home/thezerdas/exomy/exomy_ws/build/depthimage_to_laserscan' returned '0': CMAKE_PREFIX_PATH=${CMAKE_PREFIX_PATH}:/home/thezerdas/exomy/exomy_ws/install/exomy:/opt/ros/foxy /usr/bin/cmake --install /home/thezerdas/exomy/exomy_ws/build/depthimage_to_laserscan
