[0.134s] Invoking command in '/home/thezerdas/exomy/exomy_ws/build/depthimage_to_laserscan': CMAKE_PREFIX_PATH=${CMAKE_PREFIX_PATH}:/home/thezerdas/exomy/exomy_ws/install/exomy:/opt/ros/foxy /usr/bin/cmake /home/thezerdas/exomy/exomy_ws/src/depthimage_to_laserscan-foxy-devel -DAMENT_CMAKE_SYMLINK_INSTALL=1 -DCMAKE_INSTALL_PREFIX=/home/thezerdas/exomy/exomy_ws/install/depthimage_to_laserscan
[0.578s] -- The C compiler identification is GNU 9.4.0
[0.966s] -- The CXX compiler identification is GNU 9.4.0
[0.996s] -- Check for working C compiler: /usr/bin/cc
[1.456s] -- Check for working C compiler: /usr/bin/cc -- works
[1.466s] -- Detecting C compiler ABI info
[2.008s] -- Detecting C compiler ABI info - done
[2.110s] -- Detecting C compile features
[2.130s] -- Detecting C compile features - done
[2.148s] -- Check for working CXX compiler: /usr/bin/c++
[2.675s] -- Check for working CXX compiler: /usr/bin/c++ -- works
[2.680s] -- Detecting CXX compiler ABI info
[3.194s] -- Detecting CXX compiler ABI info - done
[3.292s] -- Detecting CXX compile features
[3.294s] -- Detecting CXX compile features - done
[3.318s] -- Found ament_cmake_ros: 0.9.2 (/opt/ros/foxy/share/ament_cmake_ros/cmake)
[3.481s] -- Found PythonInterp: /usr/bin/python3 (found suitable version "3.8.10", minimum required is "3") 
[3.481s] -- Using PYTHON_EXECUTABLE: /usr/bin/python3
[4.542s] -- Override CMake install command with custom implementation using symlinks instead of copying resources
[4.643s] -- Found image_geometry: 3.0.7 (/opt/ros/foxy/share/image_geometry/cmake)
[4.724s] -- Found OpenCV: /usr (found version "4.2.0") 
[4.731s] -- Found rclcpp: 2.4.2 (/opt/ros/foxy/share/rclcpp/cmake)
[4.918s] -- Using all available rosidl_typesupport_c: rosidl_typesupport_fastrtps_c;rosidl_typesupport_introspection_c
[4.958s] -- Found rosidl_adapter: 1.3.0 (/opt/ros/foxy/share/rosidl_adapter/cmake)
[5.305s] -- Found OpenSSL: /usr/lib/x86_64-linux-gnu/libcrypto.so (found version "1.1.1f")  
[5.420s] -- Found FastRTPS: /opt/ros/foxy/include  
[5.693s] -- Using all available rosidl_typesupport_cpp: rosidl_typesupport_fastrtps_cpp;rosidl_typesupport_introspection_cpp
[5.937s] -- Found rmw_implementation_cmake: 1.0.3 (/opt/ros/foxy/share/rmw_implementation_cmake/cmake)
[5.945s] -- Using RMW implementation 'rmw_fastrtps_cpp' as default
[5.958s] -- Looking for pthread.h
[6.168s] -- Looking for pthread.h - found
[6.169s] -- Performing Test CMAKE_HAVE_LIBC_PTHREAD
[6.623s] -- Performing Test CMAKE_HAVE_LIBC_PTHREAD - Failed
[6.623s] -- Looking for pthread_create in pthreads
[6.940s] -- Looking for pthread_create in pthreads - not found
[6.940s] -- Looking for pthread_create in pthread
[7.343s] -- Looking for pthread_create in pthread - found
[7.343s] -- Found Threads: TRUE  
[8.162s] -- Found rclcpp_components: 2.4.2 (/opt/ros/foxy/share/rclcpp_components/cmake)
[8.653s] -- Found sensor_msgs: 2.0.5 (/opt/ros/foxy/share/sensor_msgs/cmake)
[9.452s] -- Performing Test COMPILER_HAS_HIDDEN_VISIBILITY
[9.974s] -- Performing Test COMPILER_HAS_HIDDEN_VISIBILITY - Success
[9.984s] -- Performing Test COMPILER_HAS_HIDDEN_INLINE_VISIBILITY
[10.602s] -- Performing Test COMPILER_HAS_HIDDEN_INLINE_VISIBILITY - Success
[10.602s] -- Performing Test COMPILER_HAS_DEPRECATED_ATTR
[10.861s] -- Performing Test COMPILER_HAS_DEPRECATED_ATTR - Success
[10.906s] -- Found gtest sources under '/opt/ros/foxy/src/gtest_vendor': C++ tests using 'Google Test' will be built
[10.919s] -- Check if compiler accepts -pthread
[11.358s] -- Check if compiler accepts -pthread - yes
[11.853s] -- Configuring done
[12.137s] -- Generating done
[12.143s] -- Build files have been written to: /home/thezerdas/exomy/exomy_ws/build/depthimage_to_laserscan
[12.212s] Invoked command in '/home/thezerdas/exomy/exomy_ws/build/depthimage_to_laserscan' returned '0': CMAKE_PREFIX_PATH=${CMAKE_PREFIX_PATH}:/home/thezerdas/exomy/exomy_ws/install/exomy:/opt/ros/foxy /usr/bin/cmake /home/thezerdas/exomy/exomy_ws/src/depthimage_to_laserscan-foxy-devel -DAMENT_CMAKE_SYMLINK_INSTALL=1 -DCMAKE_INSTALL_PREFIX=/home/thezerdas/exomy/exomy_ws/install/depthimage_to_laserscan
[12.215s] Invoking command in '/home/thezerdas/exomy/exomy_ws/build/depthimage_to_laserscan': CMAKE_PREFIX_PATH=${CMAKE_PREFIX_PATH}:/home/thezerdas/exomy/exomy_ws/install/exomy:/opt/ros/foxy /usr/bin/cmake --build /home/thezerdas/exomy/exomy_ws/build/depthimage_to_laserscan -- -j2 -l2
[12.489s] [35m[1mScanning dependencies of target DepthImageToLaserScan[0m
[12.806s] [  8%] [32mBuilding CXX object CMakeFiles/DepthImageToLaserScan.dir/src/DepthImageToLaserScan.cpp.o[0m
[17.745s] [ 16%] [32m[1mLinking CXX shared library libDepthImageToLaserScan.so[0m
[18.354s] [ 16%] Built target DepthImageToLaserScan
[18.424s] [35m[1mScanning dependencies of target gtest[0m
[18.570s] [ 25%] [32mBuilding CXX object gtest/CMakeFiles/gtest.dir/src/gtest-all.cc.o[0m
[25.899s] [ 33%] [32m[1mLinking CXX static library libgtest.a[0m
[26.043s] [ 33%] Built target gtest
[26.064s] [35m[1mScanning dependencies of target gtest_main[0m
[26.126s] [ 41%] [32mBuilding CXX object gtest/CMakeFiles/gtest_main.dir/src/gtest_main.cc.o[0m
[27.757s] [ 50%] [32m[1mLinking CXX static library libgtest_main.a[0m
[27.835s] [ 50%] Built target gtest_main
[27.858s] [35m[1mScanning dependencies of target DepthImageToLaserScanROS[0m
[28.116s] [ 58%] [32mBuilding CXX object CMakeFiles/DepthImageToLaserScanROS.dir/src/DepthImageToLaserScanROS.cpp.o[0m
[48.432s] [ 66%] [32m[1mLinking CXX shared library libDepthImageToLaserScanROS.so[0m
[49.424s] [ 66%] Built target DepthImageToLaserScanROS
[49.448s] [35m[1mScanning dependencies of target depthimage_to_laserscan-test[0m
[49.602s] [ 75%] [32mBuilding CXX object CMakeFiles/depthimage_to_laserscan-test.dir/test/DepthImageToLaserScanTest.cpp.o[0m
[53.191s] [ 83%] [32m[1mLinking CXX executable depthimage_to_laserscan-test[0m
[53.832s] [ 83%] Built target depthimage_to_laserscan-test
[53.855s] [35m[1mScanning dependencies of target depthimage_to_laserscan_node[0m
[54.051s] [ 91%] [32mBuilding CXX object CMakeFiles/depthimage_to_laserscan_node.dir/src/depthimage_to_laserscan.cpp.o[0m
[59.598s] [100%] [32m[1mLinking CXX executable depthimage_to_laserscan_node[0m
[60.276s] [100%] Built target depthimage_to_laserscan_node
[60.301s] Invoked command in '/home/thezerdas/exomy/exomy_ws/build/depthimage_to_laserscan' returned '0': CMAKE_PREFIX_PATH=${CMAKE_PREFIX_PATH}:/home/thezerdas/exomy/exomy_ws/install/exomy:/opt/ros/foxy /usr/bin/cmake --build /home/thezerdas/exomy/exomy_ws/build/depthimage_to_laserscan -- -j2 -l2
[60.377s] Invoking command in '/home/thezerdas/exomy/exomy_ws/build/depthimage_to_laserscan': CMAKE_PREFIX_PATH=${CMAKE_PREFIX_PATH}:/home/thezerdas/exomy/exomy_ws/install/exomy:/opt/ros/foxy /usr/bin/cmake --install /home/thezerdas/exomy/exomy_ws/build/depthimage_to_laserscan
[60.403s] -- Install configuration: ""
[60.406s] -- Execute custom install script
[60.418s] -- Symlinking: /home/thezerdas/exomy/exomy_ws/install/depthimage_to_laserscan/include/depthimage_to_laserscan/DepthImageToLaserScan.hpp
[60.438s] -- Symlinking: /home/thezerdas/exomy/exomy_ws/install/depthimage_to_laserscan/include/depthimage_to_laserscan/DepthImageToLaserScanROS.hpp
[60.458s] -- Symlinking: /home/thezerdas/exomy/exomy_ws/install/depthimage_to_laserscan/include/depthimage_to_laserscan/depth_traits.hpp
[60.477s] -- Symlinking: /home/thezerdas/exomy/exomy_ws/install/depthimage_to_laserscan/share/depthimage_to_laserscan//launch/depthimage_to_laserscan-launch.py
[60.499s] -- Symlinking: /home/thezerdas/exomy/exomy_ws/install/depthimage_to_laserscan/share/depthimage_to_laserscan//launch/depthimage_to_laserscan_composed-launch.py
[60.521s] -- Symlinking: /home/thezerdas/exomy/exomy_ws/install/depthimage_to_laserscan/share/depthimage_to_laserscan//cfg/param.yaml
[60.546s] -- Symlinking: /home/thezerdas/exomy/exomy_ws/install/depthimage_to_laserscan/lib/libDepthImageToLaserScan.so
[60.569s] -- Symlinking: /home/thezerdas/exomy/exomy_ws/install/depthimage_to_laserscan/lib/libDepthImageToLaserScanROS.so
[60.596s] -- Symlinking: /home/thezerdas/exomy/exomy_ws/install/depthimage_to_laserscan/lib/depthimage_to_laserscan/depthimage_to_laserscan_node
[60.624s] -- Symlinking: /home/thezerdas/exomy/exomy_ws/install/depthimage_to_laserscan/include/depthimage_to_laserscan/DepthImageToLaserScan_export.h
[60.650s] -- Symlinking: /home/thezerdas/exomy/exomy_ws/install/depthimage_to_laserscan/include/depthimage_to_laserscan/DepthImageToLaserScanROS_export.h
[60.671s] -- Symlinking: /home/thezerdas/exomy/exomy_ws/install/depthimage_to_laserscan/share/depthimage_to_laserscan/environment/library_path.sh
[60.693s] -- Symlinking: /home/thezerdas/exomy/exomy_ws/install/depthimage_to_laserscan/share/depthimage_to_laserscan/environment/library_path.dsv
[60.712s] -- Symlinking: /home/thezerdas/exomy/exomy_ws/install/depthimage_to_laserscan/share/ament_index/resource_index/package_run_dependencies/depthimage_to_laserscan
[60.732s] -- Symlinking: /home/thezerdas/exomy/exomy_ws/install/depthimage_to_laserscan/share/ament_index/resource_index/parent_prefix_path/depthimage_to_laserscan
[60.753s] -- Symlinking: /home/thezerdas/exomy/exomy_ws/install/depthimage_to_laserscan/share/depthimage_to_laserscan/environment/ament_prefix_path.sh
[60.771s] -- Symlinking: /home/thezerdas/exomy/exomy_ws/install/depthimage_to_laserscan/share/depthimage_to_laserscan/environment/ament_prefix_path.dsv
[60.807s] -- Symlinking: /home/thezerdas/exomy/exomy_ws/install/depthimage_to_laserscan/share/depthimage_to_laserscan/environment/path.sh
[60.827s] -- Symlinking: /home/thezerdas/exomy/exomy_ws/install/depthimage_to_laserscan/share/depthimage_to_laserscan/environment/path.dsv
[60.845s] -- Symlinking: /home/thezerdas/exomy/exomy_ws/install/depthimage_to_laserscan/share/depthimage_to_laserscan/local_setup.bash
[60.865s] -- Symlinking: /home/thezerdas/exomy/exomy_ws/install/depthimage_to_laserscan/share/depthimage_to_laserscan/local_setup.sh
[60.888s] -- Symlinking: /home/thezerdas/exomy/exomy_ws/install/depthimage_to_laserscan/share/depthimage_to_laserscan/local_setup.zsh
[60.907s] -- Symlinking: /home/thezerdas/exomy/exomy_ws/install/depthimage_to_laserscan/share/depthimage_to_laserscan/local_setup.dsv
[60.927s] -- Symlinking: /home/thezerdas/exomy/exomy_ws/install/depthimage_to_laserscan/share/depthimage_to_laserscan/package.dsv
[60.948s] -- Symlinking: /home/thezerdas/exomy/exomy_ws/install/depthimage_to_laserscan/share/ament_index/resource_index/packages/depthimage_to_laserscan
[60.967s] -- Symlinking: /home/thezerdas/exomy/exomy_ws/install/depthimage_to_laserscan/share/ament_index/resource_index/rclcpp_components/depthimage_to_laserscan
[60.990s] -- Symlinking: /home/thezerdas/exomy/exomy_ws/install/depthimage_to_laserscan/share/depthimage_to_laserscan/cmake/ament_cmake_export_include_directories-extras.cmake
[61.009s] -- Symlinking: /home/thezerdas/exomy/exomy_ws/install/depthimage_to_laserscan/share/depthimage_to_laserscan/cmake/ament_cmake_export_libraries-extras.cmake
[61.029s] -- Symlinking: /home/thezerdas/exomy/exomy_ws/install/depthimage_to_laserscan/share/depthimage_to_laserscan/cmake/depthimage_to_laserscanConfig.cmake
[61.049s] -- Symlinking: /home/thezerdas/exomy/exomy_ws/install/depthimage_to_laserscan/share/depthimage_to_laserscan/cmake/depthimage_to_laserscanConfig-version.cmake
[61.069s] -- Symlinking: /home/thezerdas/exomy/exomy_ws/install/depthimage_to_laserscan/share/depthimage_to_laserscan/package.xml
[61.095s] Invoked command in '/home/thezerdas/exomy/exomy_ws/build/depthimage_to_laserscan' returned '0': CMAKE_PREFIX_PATH=${CMAKE_PREFIX_PATH}:/home/thezerdas/exomy/exomy_ws/install/exomy:/opt/ros/foxy /usr/bin/cmake --install /home/thezerdas/exomy/exomy_ws/build/depthimage_to_laserscan
