[0.079s] Invoking command in '/home/thezerdas/exomy/exomy_ws/build/exomy_msgs': CMAKE_PREFIX_PATH=${CMAKE_PREFIX_PATH}:/home/thezerdas/exomy/exomy_ws/install/exomy:/opt/ros/foxy /usr/bin/cmake --build /home/thezerdas/exomy/exomy_ws/build/exomy_msgs -- -j2 -l2
[0.252s] [  2%] Built target exomy_msgs__cpp
[0.266s] [ 12%] Built target exomy_msgs__rosidl_generator_c
[0.345s] [ 23%] Built target exomy_msgs__rosidl_typesupport_fastrtps_cpp
[0.371s] [ 34%] Built target exomy_msgs__rosidl_typesupport_cpp
[0.437s] [ 44%] Built target exomy_msgs__rosidl_typesupport_introspection_c
[0.506s] [ 55%] Built target exomy_msgs__rosidl_typesupport_introspection_cpp
[0.513s] [ 65%] Built target exomy_msgs__rosidl_typesupport_fastrtps_c
[0.577s] [ 76%] Built target exomy_msgs__rosidl_typesupport_c
[0.615s] [ 76%] Built target exomy_msgs
[0.660s] [ 78%] Built target exomy_msgs__py
[0.715s] [ 87%] Built target exomy_msgs__python
[0.769s] [ 91%] Built target exomy_msgs__rosidl_typesupport_c__pyext
[0.819s] [ 95%] Built target exomy_msgs__rosidl_typesupport_introspection_c__pyext
[0.904s] [100%] Built target exomy_msgs__rosidl_typesupport_fastrtps_c__pyext
[0.971s] Invoked command in '/home/thezerdas/exomy/exomy_ws/build/exomy_msgs' returned '0': CMAKE_PREFIX_PATH=${CMAKE_PREFIX_PATH}:/home/thezerdas/exomy/exomy_ws/install/exomy:/opt/ros/foxy /usr/bin/cmake --build /home/thezerdas/exomy/exomy_ws/build/exomy_msgs -- -j2 -l2
[1.205s] Invoking command in '/home/thezerdas/exomy/exomy_ws/build/exomy_msgs': CMAKE_PREFIX_PATH=${CMAKE_PREFIX_PATH}:/home/thezerdas/exomy/exomy_ws/install/exomy:/opt/ros/foxy /usr/bin/cmake --install /home/thezerdas/exomy/exomy_ws/build/exomy_msgs
[1.232s] -- Install configuration: ""
[1.234s] -- Execute custom install script
[1.236s] -- Up-to-date symlink: /home/thezerdas/exomy/exomy_ws/install/exomy_msgs/share/ament_index/resource_index/rosidl_interfaces/exomy_msgs
[1.245s] -- Up-to-date symlink: /home/thezerdas/exomy/exomy_ws/install/exomy_msgs/include/exomy_msgs/msg/detail/motor_commands__functions.h
[1.245s] -- Up-to-date symlink: /home/thezerdas/exomy/exomy_ws/install/exomy_msgs/include/exomy_msgs/msg/detail/motor_commands__struct.h
[1.247s] -- Up-to-date symlink: /home/thezerdas/exomy/exomy_ws/install/exomy_msgs/include/exomy_msgs/msg/detail/motor_commands__type_support.h
[1.247s] -- Up-to-date symlink: /home/thezerdas/exomy/exomy_ws/install/exomy_msgs/include/exomy_msgs/msg/detail/rover_command__functions.h
[1.247s] -- Up-to-date symlink: /home/thezerdas/exomy/exomy_ws/install/exomy_msgs/include/exomy_msgs/msg/detail/rover_command__struct.h
[1.247s] -- Up-to-date symlink: /home/thezerdas/exomy/exomy_ws/install/exomy_msgs/include/exomy_msgs/msg/detail/rover_command__type_support.h
[1.248s] -- Up-to-date symlink: /home/thezerdas/exomy/exomy_ws/install/exomy_msgs/include/exomy_msgs/msg/detail/screen__functions.h
[1.248s] -- Up-to-date symlink: /home/thezerdas/exomy/exomy_ws/install/exomy_msgs/include/exomy_msgs/msg/detail/screen__struct.h
[1.249s] -- Up-to-date symlink: /home/thezerdas/exomy/exomy_ws/install/exomy_msgs/include/exomy_msgs/msg/detail/screen__type_support.h
[1.249s] -- Up-to-date symlink: /home/thezerdas/exomy/exomy_ws/install/exomy_msgs/include/exomy_msgs/msg/motor_commands.h
[1.249s] -- Up-to-date symlink: /home/thezerdas/exomy/exomy_ws/install/exomy_msgs/include/exomy_msgs/msg/rosidl_generator_c__visibility_control.h
[1.249s] -- Up-to-date symlink: /home/thezerdas/exomy/exomy_ws/install/exomy_msgs/include/exomy_msgs/msg/rover_command.h
[1.250s] -- Up-to-date symlink: /home/thezerdas/exomy/exomy_ws/install/exomy_msgs/include/exomy_msgs/msg/screen.h
[1.257s] -- Up-to-date symlink: /home/thezerdas/exomy/exomy_ws/install/exomy_msgs/share/exomy_msgs/environment/library_path.sh
[1.258s] -- Up-to-date symlink: /home/thezerdas/exomy/exomy_ws/install/exomy_msgs/share/exomy_msgs/environment/library_path.dsv
[1.262s] -- Up-to-date symlink: /home/thezerdas/exomy/exomy_ws/install/exomy_msgs/include/exomy_msgs/msg/detail/motor_commands__rosidl_typesupport_fastrtps_c.h
[1.263s] -- Up-to-date symlink: /home/thezerdas/exomy/exomy_ws/install/exomy_msgs/include/exomy_msgs/msg/detail/rover_command__rosidl_typesupport_fastrtps_c.h
[1.264s] -- Up-to-date symlink: /home/thezerdas/exomy/exomy_ws/install/exomy_msgs/include/exomy_msgs/msg/detail/screen__rosidl_typesupport_fastrtps_c.h
[1.267s] -- Up-to-date symlink: /home/thezerdas/exomy/exomy_ws/install/exomy_msgs/include/exomy_msgs/msg/rosidl_typesupport_fastrtps_c__visibility_control.h
[1.270s] -- Up-to-date symlink: /home/thezerdas/exomy/exomy_ws/install/exomy_msgs/lib/libexomy_msgs__rosidl_typesupport_fastrtps_c.so
[1.274s] -- Up-to-date symlink: /home/thezerdas/exomy/exomy_ws/install/exomy_msgs/include/exomy_msgs/msg/detail/motor_commands__rosidl_typesupport_fastrtps_cpp.hpp
[1.275s] -- Up-to-date symlink: /home/thezerdas/exomy/exomy_ws/install/exomy_msgs/include/exomy_msgs/msg/detail/rover_command__rosidl_typesupport_fastrtps_cpp.hpp
[1.275s] -- Up-to-date symlink: /home/thezerdas/exomy/exomy_ws/install/exomy_msgs/include/exomy_msgs/msg/detail/screen__rosidl_typesupport_fastrtps_cpp.hpp
[1.276s] -- Up-to-date symlink: /home/thezerdas/exomy/exomy_ws/install/exomy_msgs/include/exomy_msgs/msg/rosidl_typesupport_fastrtps_cpp__visibility_control.h
[1.277s] -- Up-to-date symlink: /home/thezerdas/exomy/exomy_ws/install/exomy_msgs/lib/libexomy_msgs__rosidl_typesupport_fastrtps_cpp.so
[1.283s] -- Up-to-date symlink: /home/thezerdas/exomy/exomy_ws/install/exomy_msgs/include/exomy_msgs/msg/detail/motor_commands__rosidl_typesupport_introspection_c.h
[1.284s] -- Up-to-date symlink: /home/thezerdas/exomy/exomy_ws/install/exomy_msgs/include/exomy_msgs/msg/detail/rover_command__rosidl_typesupport_introspection_c.h
[1.284s] -- Up-to-date symlink: /home/thezerdas/exomy/exomy_ws/install/exomy_msgs/include/exomy_msgs/msg/detail/screen__rosidl_typesupport_introspection_c.h
[1.285s] -- Up-to-date symlink: /home/thezerdas/exomy/exomy_ws/install/exomy_msgs/include/exomy_msgs/msg/rosidl_typesupport_introspection_c__visibility_control.h
[1.291s] -- Up-to-date symlink: /home/thezerdas/exomy/exomy_ws/install/exomy_msgs/include/exomy_msgs/msg/detail/motor_commands__builder.hpp
[1.291s] -- Up-to-date symlink: /home/thezerdas/exomy/exomy_ws/install/exomy_msgs/include/exomy_msgs/msg/detail/motor_commands__struct.hpp
[1.292s] -- Up-to-date symlink: /home/thezerdas/exomy/exomy_ws/install/exomy_msgs/include/exomy_msgs/msg/detail/motor_commands__traits.hpp
[1.292s] -- Up-to-date symlink: /home/thezerdas/exomy/exomy_ws/install/exomy_msgs/include/exomy_msgs/msg/detail/rover_command__builder.hpp
[1.293s] -- Up-to-date symlink: /home/thezerdas/exomy/exomy_ws/install/exomy_msgs/include/exomy_msgs/msg/detail/rover_command__struct.hpp
[1.294s] -- Up-to-date symlink: /home/thezerdas/exomy/exomy_ws/install/exomy_msgs/include/exomy_msgs/msg/detail/rover_command__traits.hpp
[1.295s] -- Up-to-date symlink: /home/thezerdas/exomy/exomy_ws/install/exomy_msgs/include/exomy_msgs/msg/detail/screen__builder.hpp
[1.299s] -- Up-to-date symlink: /home/thezerdas/exomy/exomy_ws/install/exomy_msgs/include/exomy_msgs/msg/detail/screen__struct.hpp
[1.300s] -- Up-to-date symlink: /home/thezerdas/exomy/exomy_ws/install/exomy_msgs/include/exomy_msgs/msg/detail/screen__traits.hpp
[1.300s] -- Up-to-date symlink: /home/thezerdas/exomy/exomy_ws/install/exomy_msgs/include/exomy_msgs/msg/motor_commands.hpp
[1.300s] -- Up-to-date symlink: /home/thezerdas/exomy/exomy_ws/install/exomy_msgs/include/exomy_msgs/msg/rover_command.hpp
[1.301s] -- Up-to-date symlink: /home/thezerdas/exomy/exomy_ws/install/exomy_msgs/include/exomy_msgs/msg/screen.hpp
[1.308s] -- Up-to-date symlink: /home/thezerdas/exomy/exomy_ws/install/exomy_msgs/include/exomy_msgs/msg/detail/motor_commands__rosidl_typesupport_introspection_cpp.hpp
[1.308s] -- Up-to-date symlink: /home/thezerdas/exomy/exomy_ws/install/exomy_msgs/include/exomy_msgs/msg/detail/rover_command__rosidl_typesupport_introspection_cpp.hpp
[1.308s] -- Up-to-date symlink: /home/thezerdas/exomy/exomy_ws/install/exomy_msgs/include/exomy_msgs/msg/detail/screen__rosidl_typesupport_introspection_cpp.hpp
[1.309s] -- Up-to-date symlink: /home/thezerdas/exomy/exomy_ws/install/exomy_msgs/share/exomy_msgs/environment/pythonpath.sh
[1.309s] -- Up-to-date symlink: /home/thezerdas/exomy/exomy_ws/install/exomy_msgs/share/exomy_msgs/environment/pythonpath.dsv
[1.312s] -- Up-to-date symlink: /home/thezerdas/exomy/exomy_ws/install/exomy_msgs/lib/python3.8/site-packages/exomy_msgs/__init__.py
[1.315s] -- Up-to-date symlink: /home/thezerdas/exomy/exomy_ws/install/exomy_msgs/lib/python3.8/site-packages/exomy_msgs/msg/__init__.py
[1.316s] -- Up-to-date symlink: /home/thezerdas/exomy/exomy_ws/install/exomy_msgs/lib/python3.8/site-packages/exomy_msgs/msg/_motor_commands.py
[1.316s] -- Up-to-date symlink: /home/thezerdas/exomy/exomy_ws/install/exomy_msgs/lib/python3.8/site-packages/exomy_msgs/msg/_rover_command.py
[1.316s] -- Up-to-date symlink: /home/thezerdas/exomy/exomy_ws/install/exomy_msgs/lib/python3.8/site-packages/exomy_msgs/msg/_screen.py
[1.319s] -- Up-to-date symlink: /home/thezerdas/exomy/exomy_ws/install/exomy_msgs/lib/python3.8/site-packages/exomy_msgs/exomy_msgs_s__rosidl_typesupport_fastrtps_c.cpython-38-x86_64-linux-gnu.so
[1.320s] -- Up-to-date symlink: /home/thezerdas/exomy/exomy_ws/install/exomy_msgs/lib/python3.8/site-packages/exomy_msgs/exomy_msgs_s__rosidl_typesupport_introspection_c.cpython-38-x86_64-linux-gnu.so
[1.324s] -- Up-to-date symlink: /home/thezerdas/exomy/exomy_ws/install/exomy_msgs/lib/python3.8/site-packages/exomy_msgs/exomy_msgs_s__rosidl_typesupport_c.cpython-38-x86_64-linux-gnu.so
[1.326s] -- Up-to-date symlink: /home/thezerdas/exomy/exomy_ws/install/exomy_msgs/lib/libexomy_msgs__python.so
[1.326s] -- Up-to-date symlink: /home/thezerdas/exomy/exomy_ws/install/exomy_msgs/share/exomy_msgs/msg/MotorCommands.idl
[1.327s] -- Up-to-date symlink: /home/thezerdas/exomy/exomy_ws/install/exomy_msgs/share/exomy_msgs/msg/RoverCommand.idl
[1.327s] -- Up-to-date symlink: /home/thezerdas/exomy/exomy_ws/install/exomy_msgs/share/exomy_msgs/msg/Screen.idl
[1.328s] -- Up-to-date symlink: /home/thezerdas/exomy/exomy_ws/install/exomy_msgs/share/exomy_msgs/msg/MotorCommands.msg
[1.328s] -- Up-to-date symlink: /home/thezerdas/exomy/exomy_ws/install/exomy_msgs/share/exomy_msgs/msg/RoverCommand.msg
[1.329s] -- Up-to-date symlink: /home/thezerdas/exomy/exomy_ws/install/exomy_msgs/share/exomy_msgs/msg/Screen.msg
[1.329s] -- Up-to-date symlink: /home/thezerdas/exomy/exomy_ws/install/exomy_msgs/share/ament_index/resource_index/package_run_dependencies/exomy_msgs
[1.343s] -- Up-to-date symlink: /home/thezerdas/exomy/exomy_ws/install/exomy_msgs/share/ament_index/resource_index/parent_prefix_path/exomy_msgs
[1.343s] -- Up-to-date symlink: /home/thezerdas/exomy/exomy_ws/install/exomy_msgs/share/exomy_msgs/environment/ament_prefix_path.sh
[1.344s] -- Up-to-date symlink: /home/thezerdas/exomy/exomy_ws/install/exomy_msgs/share/exomy_msgs/environment/ament_prefix_path.dsv
[1.344s] -- Up-to-date symlink: /home/thezerdas/exomy/exomy_ws/install/exomy_msgs/share/exomy_msgs/environment/path.sh
[1.345s] -- Up-to-date symlink: /home/thezerdas/exomy/exomy_ws/install/exomy_msgs/share/exomy_msgs/environment/path.dsv
[1.346s] -- Up-to-date symlink: /home/thezerdas/exomy/exomy_ws/install/exomy_msgs/share/exomy_msgs/local_setup.bash
[1.346s] -- Up-to-date symlink: /home/thezerdas/exomy/exomy_ws/install/exomy_msgs/share/exomy_msgs/local_setup.sh
[1.347s] -- Up-to-date symlink: /home/thezerdas/exomy/exomy_ws/install/exomy_msgs/share/exomy_msgs/local_setup.zsh
[1.347s] -- Up-to-date symlink: /home/thezerdas/exomy/exomy_ws/install/exomy_msgs/share/exomy_msgs/local_setup.dsv
[1.348s] -- Symlinking: /home/thezerdas/exomy/exomy_ws/install/exomy_msgs/share/exomy_msgs/package.dsv
[1.388s] -- Up-to-date symlink: /home/thezerdas/exomy/exomy_ws/install/exomy_msgs/share/ament_index/resource_index/packages/exomy_msgs
[1.388s] -- Up-to-date symlink: /home/thezerdas/exomy/exomy_ws/install/exomy_msgs/share/exomy_msgs/cmake/rosidl_cmake-extras.cmake
[1.389s] -- Up-to-date symlink: /home/thezerdas/exomy/exomy_ws/install/exomy_msgs/share/exomy_msgs/cmake/ament_cmake_export_dependencies-extras.cmake
[1.389s] -- Up-to-date symlink: /home/thezerdas/exomy/exomy_ws/install/exomy_msgs/share/exomy_msgs/cmake/ament_cmake_export_libraries-extras.cmake
[1.390s] -- Up-to-date symlink: /home/thezerdas/exomy/exomy_ws/install/exomy_msgs/share/exomy_msgs/cmake/ament_cmake_export_targets-extras.cmake
[1.391s] -- Up-to-date symlink: /home/thezerdas/exomy/exomy_ws/install/exomy_msgs/share/exomy_msgs/cmake/ament_cmake_export_include_directories-extras.cmake
[1.391s] -- Up-to-date symlink: /home/thezerdas/exomy/exomy_ws/install/exomy_msgs/share/exomy_msgs/cmake/rosidl_cmake_export_typesupport_libraries-extras.cmake
[1.392s] -- Up-to-date symlink: /home/thezerdas/exomy/exomy_ws/install/exomy_msgs/share/exomy_msgs/cmake/rosidl_cmake_export_typesupport_targets-extras.cmake
[1.392s] -- Up-to-date symlink: /home/thezerdas/exomy/exomy_ws/install/exomy_msgs/share/exomy_msgs/cmake/exomy_msgsConfig.cmake
[1.392s] -- Up-to-date symlink: /home/thezerdas/exomy/exomy_ws/install/exomy_msgs/share/exomy_msgs/cmake/exomy_msgsConfig-version.cmake
[1.393s] -- Up-to-date symlink: /home/thezerdas/exomy/exomy_ws/install/exomy_msgs/share/exomy_msgs/package.xml
[1.394s] -- Up-to-date: /home/thezerdas/exomy/exomy_ws/install/exomy_msgs/lib/libexomy_msgs__rosidl_generator_c.so
[1.395s] -- Up-to-date: /home/thezerdas/exomy/exomy_ws/install/exomy_msgs/lib/libexomy_msgs__rosidl_typesupport_introspection_c.so
[1.395s] -- Up-to-date: /home/thezerdas/exomy/exomy_ws/install/exomy_msgs/lib/libexomy_msgs__rosidl_typesupport_c.so
[1.396s] -- Up-to-date: /home/thezerdas/exomy/exomy_ws/install/exomy_msgs/lib/libexomy_msgs__rosidl_typesupport_introspection_cpp.so
[1.397s] -- Up-to-date: /home/thezerdas/exomy/exomy_ws/install/exomy_msgs/lib/libexomy_msgs__rosidl_typesupport_cpp.so
[1.585s] -- Up-to-date: /home/thezerdas/exomy/exomy_ws/install/exomy_msgs/share/exomy_msgs/cmake/exomy_msgs__rosidl_generator_cExport.cmake
[1.586s] -- Up-to-date: /home/thezerdas/exomy/exomy_ws/install/exomy_msgs/share/exomy_msgs/cmake/exomy_msgs__rosidl_generator_cExport-noconfig.cmake
[1.586s] -- Up-to-date: /home/thezerdas/exomy/exomy_ws/install/exomy_msgs/share/exomy_msgs/cmake/exomy_msgs__rosidl_typesupport_introspection_cExport.cmake
[1.586s] -- Up-to-date: /home/thezerdas/exomy/exomy_ws/install/exomy_msgs/share/exomy_msgs/cmake/exomy_msgs__rosidl_typesupport_introspection_cExport-noconfig.cmake
[1.586s] -- Up-to-date: /home/thezerdas/exomy/exomy_ws/install/exomy_msgs/share/exomy_msgs/cmake/exomy_msgs__rosidl_typesupport_cExport.cmake
[1.587s] -- Up-to-date: /home/thezerdas/exomy/exomy_ws/install/exomy_msgs/share/exomy_msgs/cmake/exomy_msgs__rosidl_typesupport_cExport-noconfig.cmake
[1.587s] -- Up-to-date: /home/thezerdas/exomy/exomy_ws/install/exomy_msgs/share/exomy_msgs/cmake/exomy_msgs__rosidl_generator_cppExport.cmake
[1.587s] -- Up-to-date: /home/thezerdas/exomy/exomy_ws/install/exomy_msgs/share/exomy_msgs/cmake/exomy_msgs__rosidl_typesupport_introspection_cppExport.cmake
[1.587s] -- Up-to-date: /home/thezerdas/exomy/exomy_ws/install/exomy_msgs/share/exomy_msgs/cmake/exomy_msgs__rosidl_typesupport_introspection_cppExport-noconfig.cmake
[1.588s] -- Up-to-date: /home/thezerdas/exomy/exomy_ws/install/exomy_msgs/share/exomy_msgs/cmake/exomy_msgs__rosidl_typesupport_cppExport.cmake
[1.588s] -- Up-to-date: /home/thezerdas/exomy/exomy_ws/install/exomy_msgs/share/exomy_msgs/cmake/exomy_msgs__rosidl_typesupport_cppExport-noconfig.cmake
[1.633s] Invoked command in '/home/thezerdas/exomy/exomy_ws/build/exomy_msgs' returned '0': CMAKE_PREFIX_PATH=${CMAKE_PREFIX_PATH}:/home/thezerdas/exomy/exomy_ws/install/exomy:/opt/ros/foxy /usr/bin/cmake --install /home/thezerdas/exomy/exomy_ws/build/exomy_msgs
