[0.156s] Invoking command in '/home/thezerdas/exomy/exomy_ws/build/depthimage_to_laserscan': CMAKE_PREFIX_PATH=${CMAKE_PREFIX_PATH}:/home/thezerdas/exomy/exomy_ws/install/exomy:/opt/ros/foxy /usr/bin/cmake --build /home/thezerdas/exomy/exomy_ws/build/depthimage_to_laserscan -- -j2 -l2
[0.299s] [ 16%] Built target DepthImageToLaserScan
[0.349s] [ 33%] Built target gtest
[0.394s] [ 50%] Built target gtest_main
[0.465s] [ 66%] Built target DepthImageToLaserScanROS
[0.518s] [ 83%] Built target depthimage_to_laserscan-test
[0.582s] [100%] Built target depthimage_to_laserscan_node
[0.882s] Invoked command in '/home/thezerdas/exomy/exomy_ws/build/depthimage_to_laserscan' returned '0': CMAKE_PREFIX_PATH=${CMAKE_PREFIX_PATH}:/home/thezerdas/exomy/exomy_ws/install/exomy:/opt/ros/foxy /usr/bin/cmake --build /home/thezerdas/exomy/exomy_ws/build/depthimage_to_laserscan -- -j2 -l2
[0.966s] Invoking command in '/home/thezerdas/exomy/exomy_ws/build/depthimage_to_laserscan': CMAKE_PREFIX_PATH=${CMAKE_PREFIX_PATH}:/home/thezerdas/exomy/exomy_ws/install/exomy:/opt/ros/foxy /usr/bin/cmake --install /home/thezerdas/exomy/exomy_ws/build/depthimage_to_laserscan
[0.986s] -- Install configuration: ""
[0.987s] -- Execute custom install script
[0.989s] -- Up-to-date symlink: /home/thezerdas/exomy/exomy_ws/install/depthimage_to_laserscan/include/depthimage_to_laserscan/DepthImageToLaserScan.hpp
[0.989s] -- Up-to-date symlink: /home/thezerdas/exomy/exomy_ws/install/depthimage_to_laserscan/include/depthimage_to_laserscan/DepthImageToLaserScanROS.hpp
[0.990s] -- Up-to-date symlink: /home/thezerdas/exomy/exomy_ws/install/depthimage_to_laserscan/include/depthimage_to_laserscan/depth_traits.hpp
[0.991s] -- Up-to-date symlink: /home/thezerdas/exomy/exomy_ws/install/depthimage_to_laserscan/share/depthimage_to_laserscan//launch/depthimage_to_laserscan-launch.py
[0.993s] -- Up-to-date symlink: /home/thezerdas/exomy/exomy_ws/install/depthimage_to_laserscan/share/depthimage_to_laserscan//launch/depthimage_to_laserscan_composed-launch.py
[0.994s] -- Up-to-date symlink: /home/thezerdas/exomy/exomy_ws/install/depthimage_to_laserscan/share/depthimage_to_laserscan//cfg/param.yaml
[0.995s] -- Up-to-date symlink: /home/thezerdas/exomy/exomy_ws/install/depthimage_to_laserscan/lib/libDepthImageToLaserScan.so
[0.996s] -- Up-to-date symlink: /home/thezerdas/exomy/exomy_ws/install/depthimage_to_laserscan/lib/libDepthImageToLaserScanROS.so
[0.997s] -- Up-to-date symlink: /home/thezerdas/exomy/exomy_ws/install/depthimage_to_laserscan/lib/depthimage_to_laserscan/depthimage_to_laserscan_node
[0.998s] -- Up-to-date symlink: /home/thezerdas/exomy/exomy_ws/install/depthimage_to_laserscan/include/depthimage_to_laserscan/DepthImageToLaserScan_export.h
[0.999s] -- Up-to-date symlink: /home/thezerdas/exomy/exomy_ws/install/depthimage_to_laserscan/include/depthimage_to_laserscan/DepthImageToLaserScanROS_export.h
[1.000s] -- Up-to-date symlink: /home/thezerdas/exomy/exomy_ws/install/depthimage_to_laserscan/share/depthimage_to_laserscan/environment/library_path.sh
[1.001s] -- Up-to-date symlink: /home/thezerdas/exomy/exomy_ws/install/depthimage_to_laserscan/share/depthimage_to_laserscan/environment/library_path.dsv
[1.002s] -- Up-to-date symlink: /home/thezerdas/exomy/exomy_ws/install/depthimage_to_laserscan/share/ament_index/resource_index/package_run_dependencies/depthimage_to_laserscan
[1.003s] -- Up-to-date symlink: /home/thezerdas/exomy/exomy_ws/install/depthimage_to_laserscan/share/ament_index/resource_index/parent_prefix_path/depthimage_to_laserscan
[1.005s] -- Up-to-date symlink: /home/thezerdas/exomy/exomy_ws/install/depthimage_to_laserscan/share/depthimage_to_laserscan/environment/ament_prefix_path.sh
[1.006s] -- Up-to-date symlink: /home/thezerdas/exomy/exomy_ws/install/depthimage_to_laserscan/share/depthimage_to_laserscan/environment/ament_prefix_path.dsv
[1.007s] -- Up-to-date symlink: /home/thezerdas/exomy/exomy_ws/install/depthimage_to_laserscan/share/depthimage_to_laserscan/environment/path.sh
[1.007s] -- Up-to-date symlink: /home/thezerdas/exomy/exomy_ws/install/depthimage_to_laserscan/share/depthimage_to_laserscan/environment/path.dsv
[1.008s] -- Up-to-date symlink: /home/thezerdas/exomy/exomy_ws/install/depthimage_to_laserscan/share/depthimage_to_laserscan/local_setup.bash
[1.009s] -- Up-to-date symlink: /home/thezerdas/exomy/exomy_ws/install/depthimage_to_laserscan/share/depthimage_to_laserscan/local_setup.sh
[1.010s] -- Up-to-date symlink: /home/thezerdas/exomy/exomy_ws/install/depthimage_to_laserscan/share/depthimage_to_laserscan/local_setup.zsh
[1.011s] -- Up-to-date symlink: /home/thezerdas/exomy/exomy_ws/install/depthimage_to_laserscan/share/depthimage_to_laserscan/local_setup.dsv
[1.012s] -- Symlinking: /home/thezerdas/exomy/exomy_ws/install/depthimage_to_laserscan/share/depthimage_to_laserscan/package.dsv
[1.040s] -- Up-to-date symlink: /home/thezerdas/exomy/exomy_ws/install/depthimage_to_laserscan/share/ament_index/resource_index/packages/depthimage_to_laserscan
[1.040s] -- Up-to-date symlink: /home/thezerdas/exomy/exomy_ws/install/depthimage_to_laserscan/share/ament_index/resource_index/rclcpp_components/depthimage_to_laserscan
[1.040s] -- Up-to-date symlink: /home/thezerdas/exomy/exomy_ws/install/depthimage_to_laserscan/share/depthimage_to_laserscan/cmake/ament_cmake_export_include_directories-extras.cmake
[1.040s] -- Up-to-date symlink: /home/thezerdas/exomy/exomy_ws/install/depthimage_to_laserscan/share/depthimage_to_laserscan/cmake/ament_cmake_export_libraries-extras.cmake
[1.040s] -- Up-to-date symlink: /home/thezerdas/exomy/exomy_ws/install/depthimage_to_laserscan/share/depthimage_to_laserscan/cmake/depthimage_to_laserscanConfig.cmake
[1.041s] -- Up-to-date symlink: /home/thezerdas/exomy/exomy_ws/install/depthimage_to_laserscan/share/depthimage_to_laserscan/cmake/depthimage_to_laserscanConfig-version.cmake
[1.041s] -- Up-to-date symlink: /home/thezerdas/exomy/exomy_ws/install/depthimage_to_laserscan/share/depthimage_to_laserscan/package.xml
[1.053s] Invoked command in '/home/thezerdas/exomy/exomy_ws/build/depthimage_to_laserscan' returned '0': CMAKE_PREFIX_PATH=${CMAKE_PREFIX_PATH}:/home/thezerdas/exomy/exomy_ws/install/exomy:/opt/ros/foxy /usr/bin/cmake --install /home/thezerdas/exomy/exomy_ws/build/depthimage_to_laserscan
