[100%] Built target rover_gazebo_joint_plugin
-- Install configuration: ""
-- Execute custom install script
-- Up-to-date symlink: /home/thezerdas/exomy/exomy_ws/install/rover_gazebo_plugins/share/rover_gazebo_plugins/environment/library_path.sh
-- Up-to-date symlink: /home/thezerdas/exomy/exomy_ws/install/rover_gazebo_plugins/share/rover_gazebo_plugins/environment/library_path.dsv
-- Up-to-date symlink: /home/thezerdas/exomy/exomy_ws/install/rover_gazebo_plugins/share/ament_index/resource_index/package_run_dependencies/rover_gazebo_plugins
-- Up-to-date symlink: /home/thezerdas/exomy/exomy_ws/install/rover_gazebo_plugins/share/ament_index/resource_index/parent_prefix_path/rover_gazebo_plugins
-- Up-to-date symlink: /home/thezerdas/exomy/exomy_ws/install/rover_gazebo_plugins/share/rover_gazebo_plugins/environment/ament_prefix_path.sh
-- Up-to-date symlink: /home/thezerdas/exomy/exomy_ws/install/rover_gazebo_plugins/share/rover_gazebo_plugins/environment/ament_prefix_path.dsv
-- Up-to-date symlink: /home/thezerdas/exomy/exomy_ws/install/rover_gazebo_plugins/share/rover_gazebo_plugins/environment/path.sh
-- Up-to-date symlink: /home/thezerdas/exomy/exomy_ws/install/rover_gazebo_plugins/share/rover_gazebo_plugins/environment/path.dsv
-- Up-to-date symlink: /home/thezerdas/exomy/exomy_ws/install/rover_gazebo_plugins/share/rover_gazebo_plugins/local_setup.bash
-- Up-to-date symlink: /home/thezerdas/exomy/exomy_ws/install/rover_gazebo_plugins/share/rover_gazebo_plugins/local_setup.sh
-- Up-to-date symlink: /home/thezerdas/exomy/exomy_ws/install/rover_gazebo_plugins/share/rover_gazebo_plugins/local_setup.zsh
-- Up-to-date symlink: /home/thezerdas/exomy/exomy_ws/install/rover_gazebo_plugins/share/rover_gazebo_plugins/local_setup.dsv
-- Symlinking: /home/thezerdas/exomy/exomy_ws/install/rover_gazebo_plugins/share/rover_gazebo_plugins/package.dsv
-- Up-to-date symlink: /home/thezerdas/exomy/exomy_ws/install/rover_gazebo_plugins/share/ament_index/resource_index/packages/rover_gazebo_plugins
-- Up-to-date symlink: /home/thezerdas/exomy/exomy_ws/install/rover_gazebo_plugins/share/rover_gazebo_plugins/cmake/ament_cmake_export_libraries-extras.cmake
-- Up-to-date symlink: /home/thezerdas/exomy/exomy_ws/install/rover_gazebo_plugins/share/rover_gazebo_plugins/cmake/rover_gazebo_pluginsConfig.cmake
-- Up-to-date symlink: /home/thezerdas/exomy/exomy_ws/install/rover_gazebo_plugins/share/rover_gazebo_plugins/cmake/rover_gazebo_pluginsConfig-version.cmake
-- Up-to-date symlink: /home/thezerdas/exomy/exomy_ws/install/rover_gazebo_plugins/share/rover_gazebo_plugins/package.xml
-- Up-to-date symlink: /home/thezerdas/exomy/exomy_ws/install/rover_gazebo_plugins/include/rover_gazebo_plugins/rover_gazebo_joint_plugin.hpp
-- Up-to-date symlink: /home/thezerdas/exomy/exomy_ws/install/rover_gazebo_plugins/lib/librover_gazebo_joint_plugin.so
