[0.092s] Invoking command in '/home/thezerdas/exomy/exomy_ws/build/exomy_sim_msgs': CMAKE_PREFIX_PATH=${CMAKE_PREFIX_PATH}:/home/thezerdas/exomy/exomy_ws/install/exomy:/opt/ros/foxy /usr/bin/cmake --build /home/thezerdas/exomy/exomy_ws/build/exomy_sim_msgs -- -j2 -l2
[0.311s] [  2%] Built target exomy_sim_msgs__cpp
[0.390s] [ 12%] Built target exomy_sim_msgs__rosidl_typesupport_introspection_cpp
[0.426s] [ 23%] Built target exomy_sim_msgs__rosidl_generator_c
[0.482s] [ 33%] Built target exomy_sim_msgs__rosidl_typesupport_cpp
[0.538s] [ 43%] Built target exomy_sim_msgs__rosidl_typesupport_fastrtps_cpp
[0.580s] [ 53%] Built target exomy_sim_msgs__rosidl_typesupport_c
[0.608s] [ 64%] Built target exomy_sim_msgs__rosidl_typesupport_introspection_c
[0.650s] [ 74%] Built target exomy_sim_msgs__rosidl_typesupport_fastrtps_c
[0.697s] [ 74%] Built target exomy_sim_msgs
[0.743s] [ 76%] Built target exomy_sim_msgs__py
[0.831s] [ 84%] Built target exomy_sim_msgs__python
[0.955s] [ 89%] Built target exomy_sim_msgs__rosidl_typesupport_fastrtps_c__pyext
[0.981s] [ 94%] Built target exomy_sim_msgs__rosidl_typesupport_introspection_c__pyext
[1.031s] [100%] Built target exomy_sim_msgs__rosidl_typesupport_c__pyext
[1.057s] Invoked command in '/home/thezerdas/exomy/exomy_ws/build/exomy_sim_msgs' returned '0': CMAKE_PREFIX_PATH=${CMAKE_PREFIX_PATH}:/home/thezerdas/exomy/exomy_ws/install/exomy:/opt/ros/foxy /usr/bin/cmake --build /home/thezerdas/exomy/exomy_ws/build/exomy_sim_msgs -- -j2 -l2
[1.256s] Invoking command in '/home/thezerdas/exomy/exomy_ws/build/exomy_sim_msgs': CMAKE_PREFIX_PATH=${CMAKE_PREFIX_PATH}:/home/thezerdas/exomy/exomy_ws/install/exomy:/opt/ros/foxy /usr/bin/cmake --install /home/thezerdas/exomy/exomy_ws/build/exomy_sim_msgs
[1.276s] -- Install configuration: ""
[1.277s] -- Execute custom install script
[1.278s] -- Up-to-date symlink: /home/thezerdas/exomy/exomy_ws/install/exomy_sim_msgs/share/ament_index/resource_index/rosidl_interfaces/exomy_sim_msgs
[1.279s] -- Up-to-date symlink: /home/thezerdas/exomy/exomy_ws/install/exomy_sim_msgs/include/exomy_sim_msgs/msg/detail/joint_command__functions.h
[1.280s] -- Up-to-date symlink: /home/thezerdas/exomy/exomy_ws/install/exomy_sim_msgs/include/exomy_sim_msgs/msg/detail/joint_command__struct.h
[1.280s] -- Up-to-date symlink: /home/thezerdas/exomy/exomy_ws/install/exomy_sim_msgs/include/exomy_sim_msgs/msg/detail/joint_command__type_support.h
[1.281s] -- Up-to-date symlink: /home/thezerdas/exomy/exomy_ws/install/exomy_sim_msgs/include/exomy_sim_msgs/msg/detail/joint_command_array__functions.h
[1.281s] -- Up-to-date symlink: /home/thezerdas/exomy/exomy_ws/install/exomy_sim_msgs/include/exomy_sim_msgs/msg/detail/joint_command_array__struct.h
[1.282s] -- Up-to-date symlink: /home/thezerdas/exomy/exomy_ws/install/exomy_sim_msgs/include/exomy_sim_msgs/msg/detail/joint_command_array__type_support.h
[1.282s] -- Up-to-date symlink: /home/thezerdas/exomy/exomy_ws/install/exomy_sim_msgs/include/exomy_sim_msgs/msg/joint_command.h
[1.283s] -- Up-to-date symlink: /home/thezerdas/exomy/exomy_ws/install/exomy_sim_msgs/include/exomy_sim_msgs/msg/joint_command_array.h
[1.283s] -- Up-to-date symlink: /home/thezerdas/exomy/exomy_ws/install/exomy_sim_msgs/include/exomy_sim_msgs/msg/rosidl_generator_c__visibility_control.h
[1.289s] -- Up-to-date symlink: /home/thezerdas/exomy/exomy_ws/install/exomy_sim_msgs/share/exomy_sim_msgs/environment/library_path.sh
[1.291s] -- Up-to-date symlink: /home/thezerdas/exomy/exomy_ws/install/exomy_sim_msgs/share/exomy_sim_msgs/environment/library_path.dsv
[1.291s] -- Up-to-date symlink: /home/thezerdas/exomy/exomy_ws/install/exomy_sim_msgs/include/exomy_sim_msgs/msg/detail/joint_command__rosidl_typesupport_fastrtps_c.h
[1.291s] -- Up-to-date symlink: /home/thezerdas/exomy/exomy_ws/install/exomy_sim_msgs/include/exomy_sim_msgs/msg/detail/joint_command_array__rosidl_typesupport_fastrtps_c.h
[1.291s] -- Up-to-date symlink: /home/thezerdas/exomy/exomy_ws/install/exomy_sim_msgs/include/exomy_sim_msgs/msg/rosidl_typesupport_fastrtps_c__visibility_control.h
[1.292s] -- Up-to-date symlink: /home/thezerdas/exomy/exomy_ws/install/exomy_sim_msgs/lib/libexomy_sim_msgs__rosidl_typesupport_fastrtps_c.so
[1.294s] -- Up-to-date symlink: /home/thezerdas/exomy/exomy_ws/install/exomy_sim_msgs/include/exomy_sim_msgs/msg/detail/joint_command__rosidl_typesupport_fastrtps_cpp.hpp
[1.295s] -- Up-to-date symlink: /home/thezerdas/exomy/exomy_ws/install/exomy_sim_msgs/include/exomy_sim_msgs/msg/detail/joint_command_array__rosidl_typesupport_fastrtps_cpp.hpp
[1.296s] -- Up-to-date symlink: /home/thezerdas/exomy/exomy_ws/install/exomy_sim_msgs/include/exomy_sim_msgs/msg/rosidl_typesupport_fastrtps_cpp__visibility_control.h
[1.297s] -- Up-to-date symlink: /home/thezerdas/exomy/exomy_ws/install/exomy_sim_msgs/lib/libexomy_sim_msgs__rosidl_typesupport_fastrtps_cpp.so
[1.299s] -- Up-to-date symlink: /home/thezerdas/exomy/exomy_ws/install/exomy_sim_msgs/include/exomy_sim_msgs/msg/detail/joint_command__rosidl_typesupport_introspection_c.h
[1.300s] -- Up-to-date symlink: /home/thezerdas/exomy/exomy_ws/install/exomy_sim_msgs/include/exomy_sim_msgs/msg/detail/joint_command_array__rosidl_typesupport_introspection_c.h
[1.301s] -- Up-to-date symlink: /home/thezerdas/exomy/exomy_ws/install/exomy_sim_msgs/include/exomy_sim_msgs/msg/rosidl_typesupport_introspection_c__visibility_control.h
[1.304s] -- Up-to-date symlink: /home/thezerdas/exomy/exomy_ws/install/exomy_sim_msgs/include/exomy_sim_msgs/msg/detail/joint_command__builder.hpp
[1.304s] -- Up-to-date symlink: /home/thezerdas/exomy/exomy_ws/install/exomy_sim_msgs/include/exomy_sim_msgs/msg/detail/joint_command__struct.hpp
[1.305s] -- Up-to-date symlink: /home/thezerdas/exomy/exomy_ws/install/exomy_sim_msgs/include/exomy_sim_msgs/msg/detail/joint_command__traits.hpp
[1.306s] -- Up-to-date symlink: /home/thezerdas/exomy/exomy_ws/install/exomy_sim_msgs/include/exomy_sim_msgs/msg/detail/joint_command_array__builder.hpp
[1.307s] -- Up-to-date symlink: /home/thezerdas/exomy/exomy_ws/install/exomy_sim_msgs/include/exomy_sim_msgs/msg/detail/joint_command_array__struct.hpp
[1.307s] -- Up-to-date symlink: /home/thezerdas/exomy/exomy_ws/install/exomy_sim_msgs/include/exomy_sim_msgs/msg/detail/joint_command_array__traits.hpp
[1.309s] -- Up-to-date symlink: /home/thezerdas/exomy/exomy_ws/install/exomy_sim_msgs/include/exomy_sim_msgs/msg/joint_command.hpp
[1.310s] -- Up-to-date symlink: /home/thezerdas/exomy/exomy_ws/install/exomy_sim_msgs/include/exomy_sim_msgs/msg/joint_command_array.hpp
[1.311s] -- Up-to-date symlink: /home/thezerdas/exomy/exomy_ws/install/exomy_sim_msgs/include/exomy_sim_msgs/msg/detail/joint_command__rosidl_typesupport_introspection_cpp.hpp
[1.311s] -- Up-to-date symlink: /home/thezerdas/exomy/exomy_ws/install/exomy_sim_msgs/include/exomy_sim_msgs/msg/detail/joint_command_array__rosidl_typesupport_introspection_cpp.hpp
[1.312s] -- Up-to-date symlink: /home/thezerdas/exomy/exomy_ws/install/exomy_sim_msgs/share/exomy_sim_msgs/environment/pythonpath.sh
[1.314s] -- Up-to-date symlink: /home/thezerdas/exomy/exomy_ws/install/exomy_sim_msgs/share/exomy_sim_msgs/environment/pythonpath.dsv
[1.314s] -- Up-to-date symlink: /home/thezerdas/exomy/exomy_ws/install/exomy_sim_msgs/lib/python3.8/site-packages/exomy_sim_msgs/__init__.py
[1.319s] -- Up-to-date symlink: /home/thezerdas/exomy/exomy_ws/install/exomy_sim_msgs/lib/python3.8/site-packages/exomy_sim_msgs/msg/__init__.py
[1.321s] -- Up-to-date symlink: /home/thezerdas/exomy/exomy_ws/install/exomy_sim_msgs/lib/python3.8/site-packages/exomy_sim_msgs/msg/_joint_command.py
[1.321s] -- Up-to-date symlink: /home/thezerdas/exomy/exomy_ws/install/exomy_sim_msgs/lib/python3.8/site-packages/exomy_sim_msgs/msg/_joint_command_array.py
[1.324s] -- Up-to-date symlink: /home/thezerdas/exomy/exomy_ws/install/exomy_sim_msgs/lib/python3.8/site-packages/exomy_sim_msgs/exomy_sim_msgs_s__rosidl_typesupport_fastrtps_c.cpython-38-x86_64-linux-gnu.so
[1.324s] -- Up-to-date symlink: /home/thezerdas/exomy/exomy_ws/install/exomy_sim_msgs/lib/python3.8/site-packages/exomy_sim_msgs/exomy_sim_msgs_s__rosidl_typesupport_introspection_c.cpython-38-x86_64-linux-gnu.so
[1.327s] -- Up-to-date symlink: /home/thezerdas/exomy/exomy_ws/install/exomy_sim_msgs/lib/python3.8/site-packages/exomy_sim_msgs/exomy_sim_msgs_s__rosidl_typesupport_c.cpython-38-x86_64-linux-gnu.so
[1.328s] -- Up-to-date symlink: /home/thezerdas/exomy/exomy_ws/install/exomy_sim_msgs/lib/libexomy_sim_msgs__python.so
[1.329s] -- Up-to-date symlink: /home/thezerdas/exomy/exomy_ws/install/exomy_sim_msgs/share/exomy_sim_msgs/msg/JointCommand.idl
[1.330s] -- Up-to-date symlink: /home/thezerdas/exomy/exomy_ws/install/exomy_sim_msgs/share/exomy_sim_msgs/msg/JointCommandArray.idl
[1.330s] -- Up-to-date symlink: /home/thezerdas/exomy/exomy_ws/install/exomy_sim_msgs/share/exomy_sim_msgs/msg/JointCommand.msg
[1.332s] -- Up-to-date symlink: /home/thezerdas/exomy/exomy_ws/install/exomy_sim_msgs/share/exomy_sim_msgs/msg/JointCommandArray.msg
[1.332s] -- Up-to-date symlink: /home/thezerdas/exomy/exomy_ws/install/exomy_sim_msgs/share/ament_index/resource_index/package_run_dependencies/exomy_sim_msgs
[1.334s] -- Up-to-date symlink: /home/thezerdas/exomy/exomy_ws/install/exomy_sim_msgs/share/ament_index/resource_index/parent_prefix_path/exomy_sim_msgs
[1.336s] -- Up-to-date symlink: /home/thezerdas/exomy/exomy_ws/install/exomy_sim_msgs/share/exomy_sim_msgs/environment/ament_prefix_path.sh
[1.337s] -- Up-to-date symlink: /home/thezerdas/exomy/exomy_ws/install/exomy_sim_msgs/share/exomy_sim_msgs/environment/ament_prefix_path.dsv
[1.339s] -- Up-to-date symlink: /home/thezerdas/exomy/exomy_ws/install/exomy_sim_msgs/share/exomy_sim_msgs/environment/path.sh
[1.339s] -- Up-to-date symlink: /home/thezerdas/exomy/exomy_ws/install/exomy_sim_msgs/share/exomy_sim_msgs/environment/path.dsv
[1.340s] -- Up-to-date symlink: /home/thezerdas/exomy/exomy_ws/install/exomy_sim_msgs/share/exomy_sim_msgs/local_setup.bash
[1.347s] -- Up-to-date symlink: /home/thezerdas/exomy/exomy_ws/install/exomy_sim_msgs/share/exomy_sim_msgs/local_setup.sh
[1.347s] -- Up-to-date symlink: /home/thezerdas/exomy/exomy_ws/install/exomy_sim_msgs/share/exomy_sim_msgs/local_setup.zsh
[1.348s] -- Up-to-date symlink: /home/thezerdas/exomy/exomy_ws/install/exomy_sim_msgs/share/exomy_sim_msgs/local_setup.dsv
[1.348s] -- Symlinking: /home/thezerdas/exomy/exomy_ws/install/exomy_sim_msgs/share/exomy_sim_msgs/package.dsv
[1.363s] -- Up-to-date symlink: /home/thezerdas/exomy/exomy_ws/install/exomy_sim_msgs/share/ament_index/resource_index/packages/exomy_sim_msgs
[1.363s] -- Up-to-date symlink: /home/thezerdas/exomy/exomy_ws/install/exomy_sim_msgs/share/exomy_sim_msgs/cmake/rosidl_cmake-extras.cmake
[1.363s] -- Up-to-date symlink: /home/thezerdas/exomy/exomy_ws/install/exomy_sim_msgs/share/exomy_sim_msgs/cmake/ament_cmake_export_dependencies-extras.cmake
[1.363s] -- Up-to-date symlink: /home/thezerdas/exomy/exomy_ws/install/exomy_sim_msgs/share/exomy_sim_msgs/cmake/ament_cmake_export_libraries-extras.cmake
[1.363s] -- Up-to-date symlink: /home/thezerdas/exomy/exomy_ws/install/exomy_sim_msgs/share/exomy_sim_msgs/cmake/ament_cmake_export_targets-extras.cmake
[1.365s] -- Up-to-date symlink: /home/thezerdas/exomy/exomy_ws/install/exomy_sim_msgs/share/exomy_sim_msgs/cmake/ament_cmake_export_include_directories-extras.cmake
[1.365s] -- Up-to-date symlink: /home/thezerdas/exomy/exomy_ws/install/exomy_sim_msgs/share/exomy_sim_msgs/cmake/rosidl_cmake_export_typesupport_libraries-extras.cmake
[1.371s] -- Up-to-date symlink: /home/thezerdas/exomy/exomy_ws/install/exomy_sim_msgs/share/exomy_sim_msgs/cmake/rosidl_cmake_export_typesupport_targets-extras.cmake
[1.371s] -- Up-to-date symlink: /home/thezerdas/exomy/exomy_ws/install/exomy_sim_msgs/share/exomy_sim_msgs/cmake/exomy_sim_msgsConfig.cmake
[1.371s] -- Up-to-date symlink: /home/thezerdas/exomy/exomy_ws/install/exomy_sim_msgs/share/exomy_sim_msgs/cmake/exomy_sim_msgsConfig-version.cmake
[1.375s] -- Up-to-date symlink: /home/thezerdas/exomy/exomy_ws/install/exomy_sim_msgs/share/exomy_sim_msgs/package.xml
[1.375s] -- Up-to-date: /home/thezerdas/exomy/exomy_ws/install/exomy_sim_msgs/lib/libexomy_sim_msgs__rosidl_generator_c.so
[1.376s] -- Up-to-date: /home/thezerdas/exomy/exomy_ws/install/exomy_sim_msgs/lib/libexomy_sim_msgs__rosidl_typesupport_introspection_c.so
[1.376s] -- Up-to-date: /home/thezerdas/exomy/exomy_ws/install/exomy_sim_msgs/lib/libexomy_sim_msgs__rosidl_typesupport_c.so
[1.376s] -- Up-to-date: /home/thezerdas/exomy/exomy_ws/install/exomy_sim_msgs/lib/libexomy_sim_msgs__rosidl_typesupport_introspection_cpp.so
[1.377s] -- Up-to-date: /home/thezerdas/exomy/exomy_ws/install/exomy_sim_msgs/lib/libexomy_sim_msgs__rosidl_typesupport_cpp.so
[1.517s] -- Up-to-date: /home/thezerdas/exomy/exomy_ws/install/exomy_sim_msgs/share/exomy_sim_msgs/cmake/exomy_sim_msgs__rosidl_generator_cExport.cmake
[1.517s] -- Up-to-date: /home/thezerdas/exomy/exomy_ws/install/exomy_sim_msgs/share/exomy_sim_msgs/cmake/exomy_sim_msgs__rosidl_generator_cExport-noconfig.cmake
[1.517s] -- Up-to-date: /home/thezerdas/exomy/exomy_ws/install/exomy_sim_msgs/share/exomy_sim_msgs/cmake/exomy_sim_msgs__rosidl_typesupport_introspection_cExport.cmake
[1.518s] -- Up-to-date: /home/thezerdas/exomy/exomy_ws/install/exomy_sim_msgs/share/exomy_sim_msgs/cmake/exomy_sim_msgs__rosidl_typesupport_introspection_cExport-noconfig.cmake
[1.518s] -- Up-to-date: /home/thezerdas/exomy/exomy_ws/install/exomy_sim_msgs/share/exomy_sim_msgs/cmake/exomy_sim_msgs__rosidl_typesupport_cExport.cmake
[1.518s] -- Up-to-date: /home/thezerdas/exomy/exomy_ws/install/exomy_sim_msgs/share/exomy_sim_msgs/cmake/exomy_sim_msgs__rosidl_typesupport_cExport-noconfig.cmake
[1.519s] -- Up-to-date: /home/thezerdas/exomy/exomy_ws/install/exomy_sim_msgs/share/exomy_sim_msgs/cmake/exomy_sim_msgs__rosidl_generator_cppExport.cmake
[1.519s] -- Up-to-date: /home/thezerdas/exomy/exomy_ws/install/exomy_sim_msgs/share/exomy_sim_msgs/cmake/exomy_sim_msgs__rosidl_typesupport_introspection_cppExport.cmake
[1.519s] -- Up-to-date: /home/thezerdas/exomy/exomy_ws/install/exomy_sim_msgs/share/exomy_sim_msgs/cmake/exomy_sim_msgs__rosidl_typesupport_introspection_cppExport-noconfig.cmake
[1.519s] -- Up-to-date: /home/thezerdas/exomy/exomy_ws/install/exomy_sim_msgs/share/exomy_sim_msgs/cmake/exomy_sim_msgs__rosidl_typesupport_cppExport.cmake
[1.520s] -- Up-to-date: /home/thezerdas/exomy/exomy_ws/install/exomy_sim_msgs/share/exomy_sim_msgs/cmake/exomy_sim_msgs__rosidl_typesupport_cppExport-noconfig.cmake
[1.524s] Invoked command in '/home/thezerdas/exomy/exomy_ws/build/exomy_sim_msgs' returned '0': CMAKE_PREFIX_PATH=${CMAKE_PREFIX_PATH}:/home/thezerdas/exomy/exomy_ws/install/exomy:/opt/ros/foxy /usr/bin/cmake --install /home/thezerdas/exomy/exomy_ws/build/exomy_sim_msgs
